{"/Users/justinkimbrell/Code/tailwind-colorize-plugin/grammar.js": {"path":"/Users/justinkimbrell/Code/tailwind-colorize-plugin/grammar.js","all":false,"statementMap":{"0":{"start":{"line":1,"column":0},"end":{"line":1,"column":28}},"1":{"start":{"line":2,"column":0},"end":{"line":2,"column":2}},"2":{"start":{"line":3,"column":0},"end":{"line":3,"column":23}},"3":{"start":{"line":4,"column":0},"end":{"line":4,"column":0}},"4":{"start":{"line":5,"column":0},"end":{"line":5,"column":13}},"5":{"start":{"line":6,"column":0},"end":{"line":6,"column":0}},"6":{"start":{"line":7,"column":0},"end":{"line":7,"column":0}},"7":{"start":{"line":8,"column":0},"end":{"line":8,"column":28}},"8":{"start":{"line":9,"column":0},"end":{"line":9,"column":35}},"9":{"start":{"line":10,"column":0},"end":{"line":10,"column":5}},"10":{"start":{"line":11,"column":0},"end":{"line":11,"column":0}},"11":{"start":{"line":12,"column":0},"end":{"line":12,"column":38}},"12":{"start":{"line":13,"column":0},"end":{"line":13,"column":44}},"13":{"start":{"line":14,"column":0},"end":{"line":14,"column":33}},"14":{"start":{"line":15,"column":0},"end":{"line":15,"column":28}},"15":{"start":{"line":16,"column":0},"end":{"line":16,"column":1}},"16":{"start":{"line":17,"column":0},"end":{"line":17,"column":0}},"17":{"start":{"line":18,"column":0},"end":{"line":18,"column":62}},"18":{"start":{"line":19,"column":0},"end":{"line":19,"column":39}},"19":{"start":{"line":20,"column":0},"end":{"line":20,"column":81}},"20":{"start":{"line":21,"column":0},"end":{"line":21,"column":30}},"21":{"start":{"line":22,"column":0},"end":{"line":22,"column":59}},"22":{"start":{"line":23,"column":0},"end":{"line":23,"column":3}},"23":{"start":{"line":24,"column":0},"end":{"line":24,"column":27}},"24":{"start":{"line":25,"column":0},"end":{"line":25,"column":21}},"25":{"start":{"line":26,"column":0},"end":{"line":26,"column":27}},"26":{"start":{"line":27,"column":0},"end":{"line":27,"column":28}},"27":{"start":{"line":28,"column":0},"end":{"line":28,"column":14}},"28":{"start":{"line":29,"column":0},"end":{"line":29,"column":1}},"29":{"start":{"line":30,"column":0},"end":{"line":30,"column":0}},"30":{"start":{"line":31,"column":0},"end":{"line":31,"column":37}},"31":{"start":{"line":32,"column":0},"end":{"line":32,"column":0}},"32":{"start":{"line":33,"column":0},"end":{"line":33,"column":51}},"33":{"start":{"line":34,"column":0},"end":{"line":34,"column":31}},"34":{"start":{"line":35,"column":0},"end":{"line":35,"column":48}},"35":{"start":{"line":36,"column":0},"end":{"line":36,"column":29}},"36":{"start":{"line":37,"column":0},"end":{"line":37,"column":46}},"37":{"start":{"line":38,"column":0},"end":{"line":38,"column":48}},"38":{"start":{"line":39,"column":0},"end":{"line":39,"column":1}},"39":{"start":{"line":40,"column":0},"end":{"line":40,"column":0}},"40":{"start":{"line":41,"column":0},"end":{"line":41,"column":54}},"41":{"start":{"line":42,"column":0},"end":{"line":42,"column":37}},"42":{"start":{"line":43,"column":0},"end":{"line":43,"column":22}},"43":{"start":{"line":44,"column":0},"end":{"line":44,"column":19}},"44":{"start":{"line":45,"column":0},"end":{"line":45,"column":10}},"45":{"start":{"line":46,"column":0},"end":{"line":46,"column":42}},"46":{"start":{"line":47,"column":0},"end":{"line":47,"column":55}},"47":{"start":{"line":48,"column":0},"end":{"line":48,"column":51}},"48":{"start":{"line":49,"column":0},"end":{"line":49,"column":14}},"49":{"start":{"line":50,"column":0},"end":{"line":50,"column":7}},"50":{"start":{"line":51,"column":0},"end":{"line":51,"column":5}},"51":{"start":{"line":52,"column":0},"end":{"line":52,"column":32}},"52":{"start":{"line":53,"column":0},"end":{"line":53,"column":67}},"53":{"start":{"line":54,"column":0},"end":{"line":54,"column":14}},"54":{"start":{"line":55,"column":0},"end":{"line":55,"column":32}},"55":{"start":{"line":56,"column":0},"end":{"line":56,"column":65}},"56":{"start":{"line":57,"column":0},"end":{"line":57,"column":33}},"57":{"start":{"line":58,"column":0},"end":{"line":58,"column":64}},"58":{"start":{"line":59,"column":0},"end":{"line":59,"column":42}},"59":{"start":{"line":60,"column":0},"end":{"line":60,"column":35}},"60":{"start":{"line":61,"column":0},"end":{"line":61,"column":27}},"61":{"start":{"line":62,"column":0},"end":{"line":62,"column":40}},"62":{"start":{"line":63,"column":0},"end":{"line":63,"column":62}},"63":{"start":{"line":64,"column":0},"end":{"line":64,"column":40}},"64":{"start":{"line":65,"column":0},"end":{"line":65,"column":12}},"65":{"start":{"line":66,"column":0},"end":{"line":66,"column":28}},"66":{"start":{"line":67,"column":0},"end":{"line":67,"column":5}},"67":{"start":{"line":68,"column":0},"end":{"line":68,"column":3}},"68":{"start":{"line":69,"column":0},"end":{"line":69,"column":13}},"69":{"start":{"line":70,"column":0},"end":{"line":70,"column":2}},"70":{"start":{"line":71,"column":0},"end":{"line":71,"column":0}},"71":{"start":{"line":72,"column":0},"end":{"line":72,"column":58}},"72":{"start":{"line":73,"column":0},"end":{"line":73,"column":34}},"73":{"start":{"line":74,"column":0},"end":{"line":74,"column":36}},"74":{"start":{"line":75,"column":0},"end":{"line":75,"column":59}},"75":{"start":{"line":76,"column":0},"end":{"line":76,"column":6}},"76":{"start":{"line":77,"column":0},"end":{"line":77,"column":0}},"77":{"start":{"line":78,"column":0},"end":{"line":78,"column":34}},"78":{"start":{"line":79,"column":0},"end":{"line":79,"column":63}},"79":{"start":{"line":80,"column":0},"end":{"line":80,"column":34}},"80":{"start":{"line":81,"column":0},"end":{"line":81,"column":61}},"81":{"start":{"line":82,"column":0},"end":{"line":82,"column":30}},"82":{"start":{"line":83,"column":0},"end":{"line":83,"column":9}},"83":{"start":{"line":84,"column":0},"end":{"line":84,"column":0}},"84":{"start":{"line":85,"column":0},"end":{"line":85,"column":83}},"85":{"start":{"line":86,"column":0},"end":{"line":86,"column":6}},"86":{"start":{"line":87,"column":0},"end":{"line":87,"column":0}},"87":{"start":{"line":88,"column":0},"end":{"line":88,"column":21}},"88":{"start":{"line":89,"column":0},"end":{"line":89,"column":29}},"89":{"start":{"line":90,"column":0},"end":{"line":90,"column":6}},"90":{"start":{"line":91,"column":0},"end":{"line":91,"column":0}},"91":{"start":{"line":92,"column":0},"end":{"line":92,"column":21}},"92":{"start":{"line":93,"column":0},"end":{"line":93,"column":28}},"93":{"start":{"line":94,"column":0},"end":{"line":94,"column":6}},"94":{"start":{"line":95,"column":0},"end":{"line":95,"column":0}},"95":{"start":{"line":96,"column":0},"end":{"line":96,"column":34}},"96":{"start":{"line":97,"column":0},"end":{"line":97,"column":37}},"97":{"start":{"line":98,"column":0},"end":{"line":98,"column":5}},"98":{"start":{"line":99,"column":0},"end":{"line":99,"column":4}},"99":{"start":{"line":100,"column":0},"end":{"line":100,"column":0}},"100":{"start":{"line":101,"column":0},"end":{"line":101,"column":20}},"101":{"start":{"line":102,"column":0},"end":{"line":102,"column":55}},"102":{"start":{"line":103,"column":0},"end":{"line":103,"column":3}},"103":{"start":{"line":104,"column":0},"end":{"line":104,"column":0}},"104":{"start":{"line":105,"column":0},"end":{"line":105,"column":29}},"105":{"start":{"line":106,"column":0},"end":{"line":106,"column":12}},"106":{"start":{"line":107,"column":0},"end":{"line":107,"column":29}},"107":{"start":{"line":108,"column":0},"end":{"line":108,"column":29}},"108":{"start":{"line":109,"column":0},"end":{"line":109,"column":28}},"109":{"start":{"line":110,"column":0},"end":{"line":110,"column":28}},"110":{"start":{"line":111,"column":0},"end":{"line":111,"column":28}},"111":{"start":{"line":112,"column":0},"end":{"line":112,"column":28}},"112":{"start":{"line":113,"column":0},"end":{"line":113,"column":82}},"113":{"start":{"line":114,"column":0},"end":{"line":114,"column":83}},"114":{"start":{"line":115,"column":0},"end":{"line":115,"column":3}},"115":{"start":{"line":116,"column":0},"end":{"line":116,"column":0}},"116":{"start":{"line":117,"column":0},"end":{"line":117,"column":27}},"117":{"start":{"line":118,"column":0},"end":{"line":118,"column":12}},"118":{"start":{"line":119,"column":0},"end":{"line":119,"column":29}},"119":{"start":{"line":120,"column":0},"end":{"line":120,"column":28}},"120":{"start":{"line":121,"column":0},"end":{"line":121,"column":28}},"121":{"start":{"line":122,"column":0},"end":{"line":122,"column":28}},"122":{"start":{"line":123,"column":0},"end":{"line":123,"column":28}},"123":{"start":{"line":124,"column":0},"end":{"line":124,"column":28}},"124":{"start":{"line":125,"column":0},"end":{"line":125,"column":28}},"125":{"start":{"line":126,"column":0},"end":{"line":126,"column":28}},"126":{"start":{"line":127,"column":0},"end":{"line":127,"column":82}},"127":{"start":{"line":128,"column":0},"end":{"line":128,"column":83}},"128":{"start":{"line":129,"column":0},"end":{"line":129,"column":3}},"129":{"start":{"line":130,"column":0},"end":{"line":130,"column":0}},"130":{"start":{"line":131,"column":0},"end":{"line":131,"column":45}},"131":{"start":{"line":132,"column":0},"end":{"line":132,"column":67}},"132":{"start":{"line":133,"column":0},"end":{"line":133,"column":3}},"133":{"start":{"line":134,"column":0},"end":{"line":134,"column":0}},"134":{"start":{"line":135,"column":0},"end":{"line":135,"column":39}},"135":{"start":{"line":136,"column":0},"end":{"line":136,"column":57}},"136":{"start":{"line":137,"column":0},"end":{"line":137,"column":13}},"137":{"start":{"line":138,"column":0},"end":{"line":138,"column":0}},"138":{"start":{"line":139,"column":0},"end":{"line":139,"column":24}},"139":{"start":{"line":140,"column":0},"end":{"line":140,"column":0}},"140":{"start":{"line":141,"column":0},"end":{"line":141,"column":34}},"141":{"start":{"line":142,"column":0},"end":{"line":142,"column":56}},"142":{"start":{"line":143,"column":0},"end":{"line":143,"column":54}},"143":{"start":{"line":144,"column":0},"end":{"line":144,"column":44}},"144":{"start":{"line":145,"column":0},"end":{"line":145,"column":14}},"145":{"start":{"line":146,"column":0},"end":{"line":146,"column":9}},"146":{"start":{"line":147,"column":0},"end":{"line":147,"column":7}},"147":{"start":{"line":148,"column":0},"end":{"line":148,"column":30}},"148":{"start":{"line":149,"column":0},"end":{"line":149,"column":5}},"149":{"start":{"line":150,"column":0},"end":{"line":150,"column":0}},"150":{"start":{"line":151,"column":0},"end":{"line":151,"column":34}},"151":{"start":{"line":152,"column":0},"end":{"line":152,"column":13}},"152":{"start":{"line":153,"column":0},"end":{"line":153,"column":31}},"153":{"start":{"line":154,"column":0},"end":{"line":154,"column":0}},"154":{"start":{"line":155,"column":0},"end":{"line":155,"column":13}},"155":{"start":{"line":156,"column":0},"end":{"line":156,"column":58}},"156":{"start":{"line":157,"column":0},"end":{"line":157,"column":0}},"157":{"start":{"line":158,"column":0},"end":{"line":158,"column":14}},"158":{"start":{"line":159,"column":0},"end":{"line":159,"column":51}},"159":{"start":{"line":160,"column":0},"end":{"line":160,"column":19}},"160":{"start":{"line":161,"column":0},"end":{"line":161,"column":50}},"161":{"start":{"line":162,"column":0},"end":{"line":162,"column":5}},"162":{"start":{"line":163,"column":0},"end":{"line":163,"column":3}},"163":{"start":{"line":164,"column":0},"end":{"line":164,"column":0}},"164":{"start":{"line":165,"column":0},"end":{"line":165,"column":33}},"165":{"start":{"line":166,"column":0},"end":{"line":166,"column":71}},"166":{"start":{"line":167,"column":0},"end":{"line":167,"column":3}},"167":{"start":{"line":168,"column":0},"end":{"line":168,"column":0}},"168":{"start":{"line":169,"column":0},"end":{"line":169,"column":95}},"169":{"start":{"line":170,"column":0},"end":{"line":170,"column":2}},"170":{"start":{"line":171,"column":0},"end":{"line":171,"column":0}},"171":{"start":{"line":172,"column":0},"end":{"line":172,"column":36}},"172":{"start":{"line":173,"column":0},"end":{"line":173,"column":49}},"173":{"start":{"line":174,"column":0},"end":{"line":174,"column":0}},"174":{"start":{"line":175,"column":0},"end":{"line":175,"column":22}},"175":{"start":{"line":176,"column":0},"end":{"line":176,"column":41}},"176":{"start":{"line":177,"column":0},"end":{"line":177,"column":0}},"177":{"start":{"line":178,"column":0},"end":{"line":178,"column":57}},"178":{"start":{"line":179,"column":0},"end":{"line":179,"column":45}},"179":{"start":{"line":180,"column":0},"end":{"line":180,"column":0}},"180":{"start":{"line":181,"column":0},"end":{"line":181,"column":19}},"181":{"start":{"line":182,"column":0},"end":{"line":182,"column":19}},"182":{"start":{"line":183,"column":0},"end":{"line":183,"column":22}},"183":{"start":{"line":184,"column":0},"end":{"line":184,"column":19}},"184":{"start":{"line":185,"column":0},"end":{"line":185,"column":19}},"185":{"start":{"line":186,"column":0},"end":{"line":186,"column":19}},"186":{"start":{"line":187,"column":0},"end":{"line":187,"column":22}},"187":{"start":{"line":188,"column":0},"end":{"line":188,"column":19}},"188":{"start":{"line":189,"column":0},"end":{"line":189,"column":0}},"189":{"start":{"line":190,"column":0},"end":{"line":190,"column":24}},"190":{"start":{"line":191,"column":0},"end":{"line":191,"column":30}},"191":{"start":{"line":192,"column":0},"end":{"line":192,"column":27}},"192":{"start":{"line":193,"column":0},"end":{"line":193,"column":30}},"193":{"start":{"line":194,"column":0},"end":{"line":194,"column":22}},"194":{"start":{"line":195,"column":0},"end":{"line":195,"column":25}},"195":{"start":{"line":196,"column":0},"end":{"line":196,"column":0}},"196":{"start":{"line":197,"column":0},"end":{"line":197,"column":64}},"197":{"start":{"line":198,"column":0},"end":{"line":198,"column":50}},"198":{"start":{"line":199,"column":0},"end":{"line":199,"column":88}},"199":{"start":{"line":200,"column":0},"end":{"line":200,"column":76}},"200":{"start":{"line":201,"column":0},"end":{"line":201,"column":88}},"201":{"start":{"line":202,"column":0},"end":{"line":202,"column":50}},"202":{"start":{"line":203,"column":0},"end":{"line":203,"column":53}},"203":{"start":{"line":204,"column":0},"end":{"line":204,"column":50}},"204":{"start":{"line":205,"column":0},"end":{"line":205,"column":50}},"205":{"start":{"line":206,"column":0},"end":{"line":206,"column":57}},"206":{"start":{"line":207,"column":0},"end":{"line":207,"column":70}},"207":{"start":{"line":208,"column":0},"end":{"line":208,"column":51}},"208":{"start":{"line":209,"column":0},"end":{"line":209,"column":54}},"209":{"start":{"line":210,"column":0},"end":{"line":210,"column":51}},"210":{"start":{"line":211,"column":0},"end":{"line":211,"column":0}},"211":{"start":{"line":212,"column":0},"end":{"line":212,"column":42}},"212":{"start":{"line":213,"column":0},"end":{"line":213,"column":44}},"213":{"start":{"line":214,"column":0},"end":{"line":214,"column":37}},"214":{"start":{"line":215,"column":0},"end":{"line":215,"column":57}},"215":{"start":{"line":216,"column":0},"end":{"line":216,"column":9}},"216":{"start":{"line":217,"column":0},"end":{"line":217,"column":6}},"217":{"start":{"line":218,"column":0},"end":{"line":218,"column":57}},"218":{"start":{"line":219,"column":0},"end":{"line":219,"column":57}},"219":{"start":{"line":220,"column":0},"end":{"line":220,"column":48}},"220":{"start":{"line":221,"column":0},"end":{"line":221,"column":39}},"221":{"start":{"line":222,"column":0},"end":{"line":222,"column":42}},"222":{"start":{"line":223,"column":0},"end":{"line":223,"column":35}},"223":{"start":{"line":224,"column":0},"end":{"line":224,"column":29}},"224":{"start":{"line":225,"column":0},"end":{"line":225,"column":33}},"225":{"start":{"line":226,"column":0},"end":{"line":226,"column":10}},"226":{"start":{"line":227,"column":0},"end":{"line":227,"column":6}},"227":{"start":{"line":228,"column":0},"end":{"line":228,"column":54}},"228":{"start":{"line":229,"column":0},"end":{"line":229,"column":32}},"229":{"start":{"line":230,"column":0},"end":{"line":230,"column":43}},"230":{"start":{"line":231,"column":0},"end":{"line":231,"column":36}},"231":{"start":{"line":232,"column":0},"end":{"line":232,"column":38}},"232":{"start":{"line":233,"column":0},"end":{"line":233,"column":9}},"233":{"start":{"line":234,"column":0},"end":{"line":234,"column":6}},"234":{"start":{"line":235,"column":0},"end":{"line":235,"column":57}},"235":{"start":{"line":236,"column":0},"end":{"line":236,"column":32}},"236":{"start":{"line":237,"column":0},"end":{"line":237,"column":43}},"237":{"start":{"line":238,"column":0},"end":{"line":238,"column":36}},"238":{"start":{"line":239,"column":0},"end":{"line":239,"column":38}},"239":{"start":{"line":240,"column":0},"end":{"line":240,"column":9}},"240":{"start":{"line":241,"column":0},"end":{"line":241,"column":6}},"241":{"start":{"line":242,"column":0},"end":{"line":242,"column":31}},"242":{"start":{"line":243,"column":0},"end":{"line":243,"column":43}},"243":{"start":{"line":244,"column":0},"end":{"line":244,"column":36}},"244":{"start":{"line":245,"column":0},"end":{"line":245,"column":35}},"245":{"start":{"line":246,"column":0},"end":{"line":246,"column":9}},"246":{"start":{"line":247,"column":0},"end":{"line":247,"column":6}},"247":{"start":{"line":248,"column":0},"end":{"line":248,"column":32}},"248":{"start":{"line":249,"column":0},"end":{"line":249,"column":44}},"249":{"start":{"line":250,"column":0},"end":{"line":250,"column":37}},"250":{"start":{"line":251,"column":0},"end":{"line":251,"column":35}},"251":{"start":{"line":252,"column":0},"end":{"line":252,"column":9}},"252":{"start":{"line":253,"column":0},"end":{"line":253,"column":6}},"253":{"start":{"line":254,"column":0},"end":{"line":254,"column":43}},"254":{"start":{"line":255,"column":0},"end":{"line":255,"column":38}},"255":{"start":{"line":256,"column":0},"end":{"line":256,"column":42}},"256":{"start":{"line":257,"column":0},"end":{"line":257,"column":35}},"257":{"start":{"line":258,"column":0},"end":{"line":258,"column":29}},"258":{"start":{"line":259,"column":0},"end":{"line":259,"column":58}},"259":{"start":{"line":260,"column":0},"end":{"line":260,"column":9}},"260":{"start":{"line":261,"column":0},"end":{"line":261,"column":6}},"261":{"start":{"line":262,"column":0},"end":{"line":262,"column":52}},"262":{"start":{"line":263,"column":0},"end":{"line":263,"column":22}},"263":{"start":{"line":264,"column":0},"end":{"line":264,"column":23}},"264":{"start":{"line":265,"column":0},"end":{"line":265,"column":53}},"265":{"start":{"line":266,"column":0},"end":{"line":266,"column":25}},"266":{"start":{"line":267,"column":0},"end":{"line":267,"column":31}},"267":{"start":{"line":268,"column":0},"end":{"line":268,"column":26}},"268":{"start":{"line":269,"column":0},"end":{"line":269,"column":0}},"269":{"start":{"line":270,"column":0},"end":{"line":270,"column":17}},"270":{"start":{"line":271,"column":0},"end":{"line":271,"column":0}},"271":{"start":{"line":272,"column":0},"end":{"line":272,"column":31}},"272":{"start":{"line":273,"column":0},"end":{"line":273,"column":57}},"273":{"start":{"line":274,"column":0},"end":{"line":274,"column":86}},"274":{"start":{"line":275,"column":0},"end":{"line":275,"column":5}},"275":{"start":{"line":276,"column":0},"end":{"line":276,"column":0}},"276":{"start":{"line":277,"column":0},"end":{"line":277,"column":70}},"277":{"start":{"line":278,"column":0},"end":{"line":278,"column":3}},"278":{"start":{"line":279,"column":0},"end":{"line":279,"column":0}},"279":{"start":{"line":280,"column":0},"end":{"line":280,"column":19}},"280":{"start":{"line":281,"column":0},"end":{"line":281,"column":54}},"281":{"start":{"line":282,"column":0},"end":{"line":282,"column":3}},"282":{"start":{"line":283,"column":0},"end":{"line":283,"column":0}},"283":{"start":{"line":284,"column":0},"end":{"line":284,"column":21}},"284":{"start":{"line":285,"column":0},"end":{"line":285,"column":24}},"285":{"start":{"line":286,"column":0},"end":{"line":286,"column":3}},"286":{"start":{"line":287,"column":0},"end":{"line":287,"column":0}},"287":{"start":{"line":288,"column":0},"end":{"line":288,"column":20}},"288":{"start":{"line":289,"column":0},"end":{"line":289,"column":12}},"289":{"start":{"line":290,"column":0},"end":{"line":290,"column":25}},"290":{"start":{"line":291,"column":0},"end":{"line":291,"column":26}},"291":{"start":{"line":292,"column":0},"end":{"line":292,"column":22}},"292":{"start":{"line":293,"column":0},"end":{"line":293,"column":6}},"293":{"start":{"line":294,"column":0},"end":{"line":294,"column":3}},"294":{"start":{"line":295,"column":0},"end":{"line":295,"column":0}},"295":{"start":{"line":296,"column":0},"end":{"line":296,"column":23}},"296":{"start":{"line":297,"column":0},"end":{"line":297,"column":58}},"297":{"start":{"line":298,"column":0},"end":{"line":298,"column":3}},"298":{"start":{"line":299,"column":0},"end":{"line":299,"column":0}},"299":{"start":{"line":300,"column":0},"end":{"line":300,"column":44}},"300":{"start":{"line":301,"column":0},"end":{"line":301,"column":37}},"301":{"start":{"line":302,"column":0},"end":{"line":302,"column":16}},"302":{"start":{"line":303,"column":0},"end":{"line":303,"column":55}},"303":{"start":{"line":304,"column":0},"end":{"line":304,"column":0}},"304":{"start":{"line":305,"column":0},"end":{"line":305,"column":35}},"305":{"start":{"line":306,"column":0},"end":{"line":306,"column":42}},"306":{"start":{"line":307,"column":0},"end":{"line":307,"column":49}},"307":{"start":{"line":308,"column":0},"end":{"line":308,"column":14}},"308":{"start":{"line":309,"column":0},"end":{"line":309,"column":6}},"309":{"start":{"line":310,"column":0},"end":{"line":310,"column":3}},"310":{"start":{"line":311,"column":0},"end":{"line":311,"column":0}},"311":{"start":{"line":312,"column":0},"end":{"line":312,"column":37}},"312":{"start":{"line":313,"column":0},"end":{"line":313,"column":37}},"313":{"start":{"line":314,"column":0},"end":{"line":314,"column":16}},"314":{"start":{"line":315,"column":0},"end":{"line":315,"column":55}},"315":{"start":{"line":316,"column":0},"end":{"line":316,"column":0}},"316":{"start":{"line":317,"column":0},"end":{"line":317,"column":50}},"317":{"start":{"line":318,"column":0},"end":{"line":318,"column":3}},"318":{"start":{"line":319,"column":0},"end":{"line":319,"column":0}},"319":{"start":{"line":320,"column":0},"end":{"line":320,"column":53}},"320":{"start":{"line":321,"column":0},"end":{"line":321,"column":67}},"321":{"start":{"line":322,"column":0},"end":{"line":322,"column":3}},"322":{"start":{"line":323,"column":0},"end":{"line":323,"column":0}},"323":{"start":{"line":324,"column":0},"end":{"line":324,"column":62}},"324":{"start":{"line":325,"column":0},"end":{"line":325,"column":87}},"325":{"start":{"line":326,"column":0},"end":{"line":326,"column":3}},"326":{"start":{"line":327,"column":0},"end":{"line":327,"column":0}},"327":{"start":{"line":328,"column":0},"end":{"line":328,"column":33}},"328":{"start":{"line":329,"column":0},"end":{"line":329,"column":27}},"329":{"start":{"line":330,"column":0},"end":{"line":330,"column":3}},"330":{"start":{"line":331,"column":0},"end":{"line":331,"column":0}},"331":{"start":{"line":332,"column":0},"end":{"line":332,"column":33}},"332":{"start":{"line":333,"column":0},"end":{"line":333,"column":27}},"333":{"start":{"line":334,"column":0},"end":{"line":334,"column":3}},"334":{"start":{"line":335,"column":0},"end":{"line":335,"column":0}},"335":{"start":{"line":336,"column":0},"end":{"line":336,"column":46}},"336":{"start":{"line":337,"column":0},"end":{"line":337,"column":55}},"337":{"start":{"line":338,"column":0},"end":{"line":338,"column":3}},"338":{"start":{"line":339,"column":0},"end":{"line":339,"column":0}},"339":{"start":{"line":340,"column":0},"end":{"line":340,"column":39}},"340":{"start":{"line":341,"column":0},"end":{"line":341,"column":43}},"341":{"start":{"line":342,"column":0},"end":{"line":342,"column":10}},"342":{"start":{"line":343,"column":0},"end":{"line":343,"column":0}},"343":{"start":{"line":344,"column":0},"end":{"line":344,"column":18}},"344":{"start":{"line":345,"column":0},"end":{"line":345,"column":21}},"345":{"start":{"line":346,"column":0},"end":{"line":346,"column":12}},"346":{"start":{"line":347,"column":0},"end":{"line":347,"column":18}},"347":{"start":{"line":348,"column":0},"end":{"line":348,"column":39}},"348":{"start":{"line":349,"column":0},"end":{"line":349,"column":12}},"349":{"start":{"line":350,"column":0},"end":{"line":350,"column":7}},"350":{"start":{"line":351,"column":0},"end":{"line":351,"column":0}},"351":{"start":{"line":352,"column":0},"end":{"line":352,"column":39}},"352":{"start":{"line":353,"column":0},"end":{"line":353,"column":17}},"353":{"start":{"line":354,"column":0},"end":{"line":354,"column":27}},"354":{"start":{"line":355,"column":0},"end":{"line":355,"column":30}},"355":{"start":{"line":356,"column":0},"end":{"line":356,"column":8}},"356":{"start":{"line":357,"column":0},"end":{"line":357,"column":0}},"357":{"start":{"line":358,"column":0},"end":{"line":358,"column":23}},"358":{"start":{"line":359,"column":0},"end":{"line":359,"column":41}},"359":{"start":{"line":360,"column":0},"end":{"line":360,"column":25}},"360":{"start":{"line":361,"column":0},"end":{"line":361,"column":29}},"361":{"start":{"line":362,"column":0},"end":{"line":362,"column":16}},"362":{"start":{"line":363,"column":0},"end":{"line":363,"column":27}},"363":{"start":{"line":364,"column":0},"end":{"line":364,"column":9}},"364":{"start":{"line":365,"column":0},"end":{"line":365,"column":0}},"365":{"start":{"line":366,"column":0},"end":{"line":366,"column":12}},"366":{"start":{"line":367,"column":0},"end":{"line":367,"column":7}},"367":{"start":{"line":368,"column":0},"end":{"line":368,"column":0}},"368":{"start":{"line":369,"column":0},"end":{"line":369,"column":41}},"369":{"start":{"line":370,"column":0},"end":{"line":370,"column":0}},"370":{"start":{"line":371,"column":0},"end":{"line":371,"column":21}},"371":{"start":{"line":372,"column":0},"end":{"line":372,"column":5}},"372":{"start":{"line":373,"column":0},"end":{"line":373,"column":3}},"373":{"start":{"line":374,"column":0},"end":{"line":374,"column":0}},"374":{"start":{"line":375,"column":0},"end":{"line":375,"column":50}},"375":{"start":{"line":376,"column":0},"end":{"line":376,"column":58}},"376":{"start":{"line":377,"column":0},"end":{"line":377,"column":54}},"377":{"start":{"line":378,"column":0},"end":{"line":378,"column":0}},"378":{"start":{"line":379,"column":0},"end":{"line":379,"column":12}},"379":{"start":{"line":380,"column":0},"end":{"line":380,"column":25}},"380":{"start":{"line":381,"column":0},"end":{"line":381,"column":14}},"381":{"start":{"line":382,"column":0},"end":{"line":382,"column":25}},"382":{"start":{"line":383,"column":0},"end":{"line":383,"column":35}},"383":{"start":{"line":384,"column":0},"end":{"line":384,"column":38}},"384":{"start":{"line":385,"column":0},"end":{"line":385,"column":8}},"385":{"start":{"line":386,"column":0},"end":{"line":386,"column":12}},"386":{"start":{"line":387,"column":0},"end":{"line":387,"column":23}},"387":{"start":{"line":388,"column":0},"end":{"line":388,"column":33}},"388":{"start":{"line":389,"column":0},"end":{"line":389,"column":36}},"389":{"start":{"line":390,"column":0},"end":{"line":390,"column":7}},"390":{"start":{"line":391,"column":0},"end":{"line":391,"column":6}},"391":{"start":{"line":392,"column":0},"end":{"line":392,"column":3}},"392":{"start":{"line":393,"column":0},"end":{"line":393,"column":0}},"393":{"start":{"line":394,"column":0},"end":{"line":394,"column":31}},"394":{"start":{"line":395,"column":0},"end":{"line":395,"column":49}},"395":{"start":{"line":396,"column":0},"end":{"line":396,"column":0}},"396":{"start":{"line":397,"column":0},"end":{"line":397,"column":39}},"397":{"start":{"line":398,"column":0},"end":{"line":398,"column":35}},"398":{"start":{"line":399,"column":0},"end":{"line":399,"column":31}},"399":{"start":{"line":400,"column":0},"end":{"line":400,"column":5}},"400":{"start":{"line":401,"column":0},"end":{"line":401,"column":0}},"401":{"start":{"line":402,"column":0},"end":{"line":402,"column":39}},"402":{"start":{"line":403,"column":0},"end":{"line":403,"column":3}},"403":{"start":{"line":404,"column":0},"end":{"line":404,"column":0}},"404":{"start":{"line":405,"column":0},"end":{"line":405,"column":52}},"405":{"start":{"line":406,"column":0},"end":{"line":406,"column":62}},"406":{"start":{"line":407,"column":0},"end":{"line":407,"column":3}},"407":{"start":{"line":408,"column":0},"end":{"line":408,"column":0}},"408":{"start":{"line":409,"column":0},"end":{"line":409,"column":64}},"409":{"start":{"line":410,"column":0},"end":{"line":410,"column":31}},"410":{"start":{"line":411,"column":0},"end":{"line":411,"column":52}},"411":{"start":{"line":412,"column":0},"end":{"line":412,"column":15}},"412":{"start":{"line":413,"column":0},"end":{"line":413,"column":12}},"413":{"start":{"line":414,"column":0},"end":{"line":414,"column":14}},"414":{"start":{"line":415,"column":0},"end":{"line":415,"column":6}},"415":{"start":{"line":416,"column":0},"end":{"line":416,"column":3}},"416":{"start":{"line":417,"column":0},"end":{"line":417,"column":0}},"417":{"start":{"line":418,"column":0},"end":{"line":418,"column":29}},"418":{"start":{"line":419,"column":0},"end":{"line":419,"column":11}},"419":{"start":{"line":420,"column":0},"end":{"line":420,"column":0}},"420":{"start":{"line":421,"column":0},"end":{"line":421,"column":31}},"421":{"start":{"line":422,"column":0},"end":{"line":422,"column":0}},"422":{"start":{"line":423,"column":0},"end":{"line":423,"column":14}},"423":{"start":{"line":424,"column":0},"end":{"line":424,"column":3}},"424":{"start":{"line":425,"column":0},"end":{"line":425,"column":0}},"425":{"start":{"line":426,"column":0},"end":{"line":426,"column":34}},"426":{"start":{"line":427,"column":0},"end":{"line":427,"column":19}},"427":{"start":{"line":428,"column":0},"end":{"line":428,"column":0}},"428":{"start":{"line":429,"column":0},"end":{"line":429,"column":21}},"429":{"start":{"line":430,"column":0},"end":{"line":430,"column":26}},"430":{"start":{"line":431,"column":0},"end":{"line":431,"column":28}},"431":{"start":{"line":432,"column":0},"end":{"line":432,"column":33}},"432":{"start":{"line":433,"column":0},"end":{"line":433,"column":20}},"433":{"start":{"line":434,"column":0},"end":{"line":434,"column":14}},"434":{"start":{"line":435,"column":0},"end":{"line":435,"column":12}},"435":{"start":{"line":436,"column":0},"end":{"line":436,"column":23}},"436":{"start":{"line":437,"column":0},"end":{"line":437,"column":22}},"437":{"start":{"line":438,"column":0},"end":{"line":438,"column":5}},"438":{"start":{"line":439,"column":0},"end":{"line":439,"column":0}},"439":{"start":{"line":440,"column":0},"end":{"line":440,"column":14}},"440":{"start":{"line":441,"column":0},"end":{"line":441,"column":3}},"441":{"start":{"line":442,"column":0},"end":{"line":442,"column":0}},"442":{"start":{"line":443,"column":0},"end":{"line":443,"column":29}},"443":{"start":{"line":444,"column":0},"end":{"line":444,"column":11}},"444":{"start":{"line":445,"column":0},"end":{"line":445,"column":0}},"445":{"start":{"line":446,"column":0},"end":{"line":446,"column":49}},"446":{"start":{"line":447,"column":0},"end":{"line":447,"column":37}},"447":{"start":{"line":448,"column":0},"end":{"line":448,"column":20}},"448":{"start":{"line":449,"column":0},"end":{"line":449,"column":12}},"449":{"start":{"line":450,"column":0},"end":{"line":450,"column":22}},"450":{"start":{"line":451,"column":0},"end":{"line":451,"column":54}},"451":{"start":{"line":452,"column":0},"end":{"line":452,"column":5}},"452":{"start":{"line":453,"column":0},"end":{"line":453,"column":0}},"453":{"start":{"line":454,"column":0},"end":{"line":454,"column":14}},"454":{"start":{"line":455,"column":0},"end":{"line":455,"column":3}},"455":{"start":{"line":456,"column":0},"end":{"line":456,"column":0}},"456":{"start":{"line":457,"column":0},"end":{"line":457,"column":30}},"457":{"start":{"line":458,"column":0},"end":{"line":458,"column":23}},"458":{"start":{"line":459,"column":0},"end":{"line":459,"column":0}},"459":{"start":{"line":460,"column":0},"end":{"line":460,"column":21}},"460":{"start":{"line":461,"column":0},"end":{"line":461,"column":47}},"461":{"start":{"line":462,"column":0},"end":{"line":462,"column":18}},"462":{"start":{"line":463,"column":0},"end":{"line":463,"column":20}},"463":{"start":{"line":464,"column":0},"end":{"line":464,"column":12}},"464":{"start":{"line":465,"column":0},"end":{"line":465,"column":22}},"465":{"start":{"line":466,"column":0},"end":{"line":466,"column":54}},"466":{"start":{"line":467,"column":0},"end":{"line":467,"column":5}},"467":{"start":{"line":468,"column":0},"end":{"line":468,"column":28}},"468":{"start":{"line":469,"column":0},"end":{"line":469,"column":16}},"469":{"start":{"line":470,"column":0},"end":{"line":470,"column":5}},"470":{"start":{"line":471,"column":0},"end":{"line":471,"column":12}},"471":{"start":{"line":472,"column":0},"end":{"line":472,"column":26}},"472":{"start":{"line":473,"column":0},"end":{"line":473,"column":28}},"473":{"start":{"line":474,"column":0},"end":{"line":474,"column":33}},"474":{"start":{"line":475,"column":0},"end":{"line":475,"column":20}},"475":{"start":{"line":476,"column":0},"end":{"line":476,"column":30}},"476":{"start":{"line":477,"column":0},"end":{"line":477,"column":7}},"477":{"start":{"line":478,"column":0},"end":{"line":478,"column":12}},"478":{"start":{"line":479,"column":0},"end":{"line":479,"column":22}},"479":{"start":{"line":480,"column":0},"end":{"line":480,"column":5}},"480":{"start":{"line":481,"column":0},"end":{"line":481,"column":28}},"481":{"start":{"line":482,"column":0},"end":{"line":482,"column":24}},"482":{"start":{"line":483,"column":0},"end":{"line":483,"column":26}},"483":{"start":{"line":484,"column":0},"end":{"line":484,"column":12}},"484":{"start":{"line":485,"column":0},"end":{"line":485,"column":23}},"485":{"start":{"line":486,"column":0},"end":{"line":486,"column":22}},"486":{"start":{"line":487,"column":0},"end":{"line":487,"column":5}},"487":{"start":{"line":488,"column":0},"end":{"line":488,"column":0}},"488":{"start":{"line":489,"column":0},"end":{"line":489,"column":14}},"489":{"start":{"line":490,"column":0},"end":{"line":490,"column":3}},"490":{"start":{"line":491,"column":0},"end":{"line":491,"column":0}},"491":{"start":{"line":492,"column":0},"end":{"line":492,"column":30}},"492":{"start":{"line":493,"column":0},"end":{"line":493,"column":19}},"493":{"start":{"line":494,"column":0},"end":{"line":494,"column":0}},"494":{"start":{"line":495,"column":0},"end":{"line":495,"column":21}},"495":{"start":{"line":496,"column":0},"end":{"line":496,"column":12}},"496":{"start":{"line":497,"column":0},"end":{"line":497,"column":49}},"497":{"start":{"line":498,"column":0},"end":{"line":498,"column":37}},"498":{"start":{"line":499,"column":0},"end":{"line":499,"column":20}},"499":{"start":{"line":500,"column":0},"end":{"line":500,"column":12}},"500":{"start":{"line":501,"column":0},"end":{"line":501,"column":22}},"501":{"start":{"line":502,"column":0},"end":{"line":502,"column":54}},"502":{"start":{"line":503,"column":0},"end":{"line":503,"column":5}},"503":{"start":{"line":504,"column":0},"end":{"line":504,"column":28}},"504":{"start":{"line":505,"column":0},"end":{"line":505,"column":33}},"505":{"start":{"line":506,"column":0},"end":{"line":506,"column":20}},"506":{"start":{"line":507,"column":0},"end":{"line":507,"column":53}},"507":{"start":{"line":508,"column":0},"end":{"line":508,"column":41}},"508":{"start":{"line":509,"column":0},"end":{"line":509,"column":24}},"509":{"start":{"line":510,"column":0},"end":{"line":510,"column":16}},"510":{"start":{"line":511,"column":0},"end":{"line":511,"column":26}},"511":{"start":{"line":512,"column":0},"end":{"line":512,"column":58}},"512":{"start":{"line":513,"column":0},"end":{"line":513,"column":9}},"513":{"start":{"line":514,"column":0},"end":{"line":514,"column":7}},"514":{"start":{"line":515,"column":0},"end":{"line":515,"column":12}},"515":{"start":{"line":516,"column":0},"end":{"line":516,"column":22}},"516":{"start":{"line":517,"column":0},"end":{"line":517,"column":5}},"517":{"start":{"line":518,"column":0},"end":{"line":518,"column":28}},"518":{"start":{"line":519,"column":0},"end":{"line":519,"column":24}},"519":{"start":{"line":520,"column":0},"end":{"line":520,"column":22}},"520":{"start":{"line":521,"column":0},"end":{"line":521,"column":5}},"521":{"start":{"line":522,"column":0},"end":{"line":522,"column":12}},"522":{"start":{"line":523,"column":0},"end":{"line":523,"column":0}},"523":{"start":{"line":524,"column":0},"end":{"line":524,"column":14}},"524":{"start":{"line":525,"column":0},"end":{"line":525,"column":3}},"525":{"start":{"line":526,"column":0},"end":{"line":526,"column":0}},"526":{"start":{"line":527,"column":0},"end":{"line":527,"column":31}},"527":{"start":{"line":528,"column":0},"end":{"line":528,"column":23}},"528":{"start":{"line":529,"column":0},"end":{"line":529,"column":0}},"529":{"start":{"line":530,"column":0},"end":{"line":530,"column":21}},"530":{"start":{"line":531,"column":0},"end":{"line":531,"column":21}},"531":{"start":{"line":532,"column":0},"end":{"line":532,"column":49}},"532":{"start":{"line":533,"column":0},"end":{"line":533,"column":37}},"533":{"start":{"line":534,"column":0},"end":{"line":534,"column":20}},"534":{"start":{"line":535,"column":0},"end":{"line":535,"column":12}},"535":{"start":{"line":536,"column":0},"end":{"line":536,"column":22}},"536":{"start":{"line":537,"column":0},"end":{"line":537,"column":54}},"537":{"start":{"line":538,"column":0},"end":{"line":538,"column":5}},"538":{"start":{"line":539,"column":0},"end":{"line":539,"column":28}},"539":{"start":{"line":540,"column":0},"end":{"line":540,"column":29}},"540":{"start":{"line":541,"column":0},"end":{"line":541,"column":30}},"541":{"start":{"line":542,"column":0},"end":{"line":542,"column":22}},"542":{"start":{"line":543,"column":0},"end":{"line":543,"column":16}},"543":{"start":{"line":544,"column":0},"end":{"line":544,"column":14}},"544":{"start":{"line":545,"column":0},"end":{"line":545,"column":25}},"545":{"start":{"line":546,"column":0},"end":{"line":546,"column":24}},"546":{"start":{"line":547,"column":0},"end":{"line":547,"column":7}},"547":{"start":{"line":548,"column":0},"end":{"line":548,"column":12}},"548":{"start":{"line":549,"column":0},"end":{"line":549,"column":23}},"549":{"start":{"line":550,"column":0},"end":{"line":550,"column":22}},"550":{"start":{"line":551,"column":0},"end":{"line":551,"column":5}},"551":{"start":{"line":552,"column":0},"end":{"line":552,"column":28}},"552":{"start":{"line":553,"column":0},"end":{"line":553,"column":24}},"553":{"start":{"line":554,"column":0},"end":{"line":554,"column":22}},"554":{"start":{"line":555,"column":0},"end":{"line":555,"column":5}},"555":{"start":{"line":556,"column":0},"end":{"line":556,"column":12}},"556":{"start":{"line":557,"column":0},"end":{"line":557,"column":0}},"557":{"start":{"line":558,"column":0},"end":{"line":558,"column":14}},"558":{"start":{"line":559,"column":0},"end":{"line":559,"column":3}},"559":{"start":{"line":560,"column":0},"end":{"line":560,"column":0}},"560":{"start":{"line":561,"column":0},"end":{"line":561,"column":31}},"561":{"start":{"line":562,"column":0},"end":{"line":562,"column":11}},"562":{"start":{"line":563,"column":0},"end":{"line":563,"column":0}},"563":{"start":{"line":564,"column":0},"end":{"line":564,"column":49}},"564":{"start":{"line":565,"column":0},"end":{"line":565,"column":37}},"565":{"start":{"line":566,"column":0},"end":{"line":566,"column":20}},"566":{"start":{"line":567,"column":0},"end":{"line":567,"column":12}},"567":{"start":{"line":568,"column":0},"end":{"line":568,"column":22}},"568":{"start":{"line":569,"column":0},"end":{"line":569,"column":54}},"569":{"start":{"line":570,"column":0},"end":{"line":570,"column":5}},"570":{"start":{"line":571,"column":0},"end":{"line":571,"column":0}},"571":{"start":{"line":572,"column":0},"end":{"line":572,"column":14}},"572":{"start":{"line":573,"column":0},"end":{"line":573,"column":3}},"573":{"start":{"line":574,"column":0},"end":{"line":574,"column":0}},"574":{"start":{"line":575,"column":0},"end":{"line":575,"column":29}},"575":{"start":{"line":576,"column":0},"end":{"line":576,"column":11}},"576":{"start":{"line":577,"column":0},"end":{"line":577,"column":0}},"577":{"start":{"line":578,"column":0},"end":{"line":578,"column":32}},"578":{"start":{"line":579,"column":0},"end":{"line":579,"column":28}},"579":{"start":{"line":580,"column":0},"end":{"line":580,"column":34}},"580":{"start":{"line":581,"column":0},"end":{"line":581,"column":30}},"581":{"start":{"line":582,"column":0},"end":{"line":582,"column":35}},"582":{"start":{"line":583,"column":0},"end":{"line":583,"column":32}},"583":{"start":{"line":584,"column":0},"end":{"line":584,"column":38}},"584":{"start":{"line":585,"column":0},"end":{"line":585,"column":34}},"585":{"start":{"line":586,"column":0},"end":{"line":586,"column":41}},"586":{"start":{"line":587,"column":0},"end":{"line":587,"column":36}},"587":{"start":{"line":588,"column":0},"end":{"line":588,"column":37}},"588":{"start":{"line":589,"column":0},"end":{"line":589,"column":13}},"589":{"start":{"line":590,"column":0},"end":{"line":590,"column":11}},"590":{"start":{"line":591,"column":0},"end":{"line":591,"column":9}},"591":{"start":{"line":592,"column":0},"end":{"line":592,"column":7}},"592":{"start":{"line":593,"column":0},"end":{"line":593,"column":5}},"593":{"start":{"line":594,"column":0},"end":{"line":594,"column":0}},"594":{"start":{"line":595,"column":0},"end":{"line":595,"column":14}},"595":{"start":{"line":596,"column":0},"end":{"line":596,"column":3}},"596":{"start":{"line":597,"column":0},"end":{"line":597,"column":0}},"597":{"start":{"line":598,"column":0},"end":{"line":598,"column":35}},"598":{"start":{"line":599,"column":0},"end":{"line":599,"column":27}},"599":{"start":{"line":600,"column":0},"end":{"line":600,"column":0}},"600":{"start":{"line":601,"column":0},"end":{"line":601,"column":21}},"601":{"start":{"line":602,"column":0},"end":{"line":602,"column":47}},"602":{"start":{"line":603,"column":0},"end":{"line":603,"column":18}},"603":{"start":{"line":604,"column":0},"end":{"line":604,"column":20}},"604":{"start":{"line":605,"column":0},"end":{"line":605,"column":12}},"605":{"start":{"line":606,"column":0},"end":{"line":606,"column":22}},"606":{"start":{"line":607,"column":0},"end":{"line":607,"column":54}},"607":{"start":{"line":608,"column":0},"end":{"line":608,"column":5}},"608":{"start":{"line":609,"column":0},"end":{"line":609,"column":28}},"609":{"start":{"line":610,"column":0},"end":{"line":610,"column":29}},"610":{"start":{"line":611,"column":0},"end":{"line":611,"column":30}},"611":{"start":{"line":612,"column":0},"end":{"line":612,"column":25}},"612":{"start":{"line":613,"column":0},"end":{"line":613,"column":26}},"613":{"start":{"line":614,"column":0},"end":{"line":614,"column":51}},"614":{"start":{"line":615,"column":0},"end":{"line":615,"column":22}},"615":{"start":{"line":616,"column":0},"end":{"line":616,"column":24}},"616":{"start":{"line":617,"column":0},"end":{"line":617,"column":16}},"617":{"start":{"line":618,"column":0},"end":{"line":618,"column":26}},"618":{"start":{"line":619,"column":0},"end":{"line":619,"column":58}},"619":{"start":{"line":620,"column":0},"end":{"line":620,"column":9}},"620":{"start":{"line":621,"column":0},"end":{"line":621,"column":26}},"621":{"start":{"line":622,"column":0},"end":{"line":622,"column":32}},"622":{"start":{"line":623,"column":0},"end":{"line":623,"column":25}},"623":{"start":{"line":624,"column":0},"end":{"line":624,"column":16}},"624":{"start":{"line":625,"column":0},"end":{"line":625,"column":27}},"625":{"start":{"line":626,"column":0},"end":{"line":626,"column":26}},"626":{"start":{"line":627,"column":0},"end":{"line":627,"column":9}},"627":{"start":{"line":628,"column":0},"end":{"line":628,"column":32}},"628":{"start":{"line":629,"column":0},"end":{"line":629,"column":28}},"629":{"start":{"line":630,"column":0},"end":{"line":630,"column":26}},"630":{"start":{"line":631,"column":0},"end":{"line":631,"column":16}},"631":{"start":{"line":632,"column":0},"end":{"line":632,"column":27}},"632":{"start":{"line":633,"column":0},"end":{"line":633,"column":26}},"633":{"start":{"line":634,"column":0},"end":{"line":634,"column":9}},"634":{"start":{"line":635,"column":0},"end":{"line":635,"column":14}},"635":{"start":{"line":636,"column":0},"end":{"line":636,"column":25}},"636":{"start":{"line":637,"column":0},"end":{"line":637,"column":24}},"637":{"start":{"line":638,"column":0},"end":{"line":638,"column":7}},"638":{"start":{"line":639,"column":0},"end":{"line":639,"column":12}},"639":{"start":{"line":640,"column":0},"end":{"line":640,"column":23}},"640":{"start":{"line":641,"column":0},"end":{"line":641,"column":22}},"641":{"start":{"line":642,"column":0},"end":{"line":642,"column":5}},"642":{"start":{"line":643,"column":0},"end":{"line":643,"column":0}},"643":{"start":{"line":644,"column":0},"end":{"line":644,"column":14}},"644":{"start":{"line":645,"column":0},"end":{"line":645,"column":3}},"645":{"start":{"line":646,"column":0},"end":{"line":646,"column":0}},"646":{"start":{"line":647,"column":0},"end":{"line":647,"column":34}},"647":{"start":{"line":648,"column":0},"end":{"line":648,"column":19}},"648":{"start":{"line":649,"column":0},"end":{"line":649,"column":0}},"649":{"start":{"line":650,"column":0},"end":{"line":650,"column":21}},"650":{"start":{"line":651,"column":0},"end":{"line":651,"column":28}},"651":{"start":{"line":652,"column":0},"end":{"line":652,"column":28}},"652":{"start":{"line":653,"column":0},"end":{"line":653,"column":34}},"653":{"start":{"line":654,"column":0},"end":{"line":654,"column":30}},"654":{"start":{"line":655,"column":0},"end":{"line":655,"column":18}},"655":{"start":{"line":656,"column":0},"end":{"line":656,"column":7}},"656":{"start":{"line":657,"column":0},"end":{"line":657,"column":24}},"657":{"start":{"line":658,"column":0},"end":{"line":658,"column":26}},"658":{"start":{"line":659,"column":0},"end":{"line":659,"column":12}},"659":{"start":{"line":660,"column":0},"end":{"line":660,"column":23}},"660":{"start":{"line":661,"column":0},"end":{"line":661,"column":22}},"661":{"start":{"line":662,"column":0},"end":{"line":662,"column":5}},"662":{"start":{"line":663,"column":0},"end":{"line":663,"column":0}},"663":{"start":{"line":664,"column":0},"end":{"line":664,"column":14}},"664":{"start":{"line":665,"column":0},"end":{"line":665,"column":3}},"665":{"start":{"line":666,"column":0},"end":{"line":666,"column":0}},"666":{"start":{"line":667,"column":0},"end":{"line":667,"column":32}},"667":{"start":{"line":668,"column":0},"end":{"line":668,"column":27}},"668":{"start":{"line":669,"column":0},"end":{"line":669,"column":0}},"669":{"start":{"line":670,"column":0},"end":{"line":670,"column":21}},"670":{"start":{"line":671,"column":0},"end":{"line":671,"column":21}},"671":{"start":{"line":672,"column":0},"end":{"line":672,"column":26}},"672":{"start":{"line":673,"column":0},"end":{"line":673,"column":28}},"673":{"start":{"line":674,"column":0},"end":{"line":674,"column":28}},"674":{"start":{"line":675,"column":0},"end":{"line":675,"column":30}},"675":{"start":{"line":676,"column":0},"end":{"line":676,"column":18}},"676":{"start":{"line":677,"column":0},"end":{"line":677,"column":7}},"677":{"start":{"line":678,"column":0},"end":{"line":678,"column":28}},"678":{"start":{"line":679,"column":0},"end":{"line":679,"column":30}},"679":{"start":{"line":680,"column":0},"end":{"line":680,"column":18}},"680":{"start":{"line":681,"column":0},"end":{"line":681,"column":7}},"681":{"start":{"line":682,"column":0},"end":{"line":682,"column":24}},"682":{"start":{"line":683,"column":0},"end":{"line":683,"column":14}},"683":{"start":{"line":684,"column":0},"end":{"line":684,"column":12}},"684":{"start":{"line":685,"column":0},"end":{"line":685,"column":23}},"685":{"start":{"line":686,"column":0},"end":{"line":686,"column":22}},"686":{"start":{"line":687,"column":0},"end":{"line":687,"column":5}},"687":{"start":{"line":688,"column":0},"end":{"line":688,"column":28}},"688":{"start":{"line":689,"column":0},"end":{"line":689,"column":24}},"689":{"start":{"line":690,"column":0},"end":{"line":690,"column":22}},"690":{"start":{"line":691,"column":0},"end":{"line":691,"column":5}},"691":{"start":{"line":692,"column":0},"end":{"line":692,"column":12}},"692":{"start":{"line":693,"column":0},"end":{"line":693,"column":0}},"693":{"start":{"line":694,"column":0},"end":{"line":694,"column":14}},"694":{"start":{"line":695,"column":0},"end":{"line":695,"column":3}},"695":{"start":{"line":696,"column":0},"end":{"line":696,"column":0}},"696":{"start":{"line":697,"column":0},"end":{"line":697,"column":35}},"697":{"start":{"line":698,"column":0},"end":{"line":698,"column":43}},"698":{"start":{"line":699,"column":0},"end":{"line":699,"column":0}},"699":{"start":{"line":700,"column":0},"end":{"line":700,"column":21}},"700":{"start":{"line":701,"column":0},"end":{"line":701,"column":21}},"701":{"start":{"line":702,"column":0},"end":{"line":702,"column":50}},"702":{"start":{"line":703,"column":0},"end":{"line":703,"column":18}},"703":{"start":{"line":704,"column":0},"end":{"line":704,"column":23}},"704":{"start":{"line":705,"column":0},"end":{"line":705,"column":12}},"705":{"start":{"line":706,"column":0},"end":{"line":706,"column":22}},"706":{"start":{"line":707,"column":0},"end":{"line":707,"column":54}},"707":{"start":{"line":708,"column":0},"end":{"line":708,"column":5}},"708":{"start":{"line":709,"column":0},"end":{"line":709,"column":28}},"709":{"start":{"line":710,"column":0},"end":{"line":710,"column":31}},"710":{"start":{"line":711,"column":0},"end":{"line":711,"column":30}},"711":{"start":{"line":712,"column":0},"end":{"line":712,"column":51}},"712":{"start":{"line":713,"column":0},"end":{"line":713,"column":22}},"713":{"start":{"line":714,"column":0},"end":{"line":714,"column":24}},"714":{"start":{"line":715,"column":0},"end":{"line":715,"column":16}},"715":{"start":{"line":716,"column":0},"end":{"line":716,"column":26}},"716":{"start":{"line":717,"column":0},"end":{"line":717,"column":58}},"717":{"start":{"line":718,"column":0},"end":{"line":718,"column":9}},"718":{"start":{"line":719,"column":0},"end":{"line":719,"column":32}},"719":{"start":{"line":720,"column":0},"end":{"line":720,"column":35}},"720":{"start":{"line":721,"column":0},"end":{"line":721,"column":34}},"721":{"start":{"line":722,"column":0},"end":{"line":722,"column":55}},"722":{"start":{"line":723,"column":0},"end":{"line":723,"column":26}},"723":{"start":{"line":724,"column":0},"end":{"line":724,"column":28}},"724":{"start":{"line":725,"column":0},"end":{"line":725,"column":20}},"725":{"start":{"line":726,"column":0},"end":{"line":726,"column":30}},"726":{"start":{"line":727,"column":0},"end":{"line":727,"column":62}},"727":{"start":{"line":728,"column":0},"end":{"line":728,"column":13}},"728":{"start":{"line":729,"column":0},"end":{"line":729,"column":36}},"729":{"start":{"line":730,"column":0},"end":{"line":730,"column":39}},"730":{"start":{"line":731,"column":0},"end":{"line":731,"column":38}},"731":{"start":{"line":732,"column":0},"end":{"line":732,"column":59}},"732":{"start":{"line":733,"column":0},"end":{"line":733,"column":30}},"733":{"start":{"line":734,"column":0},"end":{"line":734,"column":32}},"734":{"start":{"line":735,"column":0},"end":{"line":735,"column":24}},"735":{"start":{"line":736,"column":0},"end":{"line":736,"column":34}},"736":{"start":{"line":737,"column":0},"end":{"line":737,"column":66}},"737":{"start":{"line":738,"column":0},"end":{"line":738,"column":17}},"738":{"start":{"line":739,"column":0},"end":{"line":739,"column":40}},"739":{"start":{"line":740,"column":0},"end":{"line":740,"column":52}},"740":{"start":{"line":741,"column":0},"end":{"line":741,"column":26}},"741":{"start":{"line":742,"column":0},"end":{"line":742,"column":24}},"742":{"start":{"line":743,"column":0},"end":{"line":743,"column":35}},"743":{"start":{"line":744,"column":0},"end":{"line":744,"column":34}},"744":{"start":{"line":745,"column":0},"end":{"line":745,"column":17}},"745":{"start":{"line":746,"column":0},"end":{"line":746,"column":22}},"746":{"start":{"line":747,"column":0},"end":{"line":747,"column":33}},"747":{"start":{"line":748,"column":0},"end":{"line":748,"column":32}},"748":{"start":{"line":749,"column":0},"end":{"line":749,"column":15}},"749":{"start":{"line":750,"column":0},"end":{"line":750,"column":20}},"750":{"start":{"line":751,"column":0},"end":{"line":751,"column":31}},"751":{"start":{"line":752,"column":0},"end":{"line":752,"column":30}},"752":{"start":{"line":753,"column":0},"end":{"line":753,"column":13}},"753":{"start":{"line":754,"column":0},"end":{"line":754,"column":18}},"754":{"start":{"line":755,"column":0},"end":{"line":755,"column":29}},"755":{"start":{"line":756,"column":0},"end":{"line":756,"column":28}},"756":{"start":{"line":757,"column":0},"end":{"line":757,"column":11}},"757":{"start":{"line":758,"column":0},"end":{"line":758,"column":16}},"758":{"start":{"line":759,"column":0},"end":{"line":759,"column":27}},"759":{"start":{"line":760,"column":0},"end":{"line":760,"column":26}},"760":{"start":{"line":761,"column":0},"end":{"line":761,"column":9}},"761":{"start":{"line":762,"column":0},"end":{"line":762,"column":14}},"762":{"start":{"line":763,"column":0},"end":{"line":763,"column":25}},"763":{"start":{"line":764,"column":0},"end":{"line":764,"column":24}},"764":{"start":{"line":765,"column":0},"end":{"line":765,"column":7}},"765":{"start":{"line":766,"column":0},"end":{"line":766,"column":12}},"766":{"start":{"line":767,"column":0},"end":{"line":767,"column":23}},"767":{"start":{"line":768,"column":0},"end":{"line":768,"column":22}},"768":{"start":{"line":769,"column":0},"end":{"line":769,"column":5}},"769":{"start":{"line":770,"column":0},"end":{"line":770,"column":28}},"770":{"start":{"line":771,"column":0},"end":{"line":771,"column":24}},"771":{"start":{"line":772,"column":0},"end":{"line":772,"column":22}},"772":{"start":{"line":773,"column":0},"end":{"line":773,"column":5}},"773":{"start":{"line":774,"column":0},"end":{"line":774,"column":12}},"774":{"start":{"line":775,"column":0},"end":{"line":775,"column":0}},"775":{"start":{"line":776,"column":0},"end":{"line":776,"column":14}},"776":{"start":{"line":777,"column":0},"end":{"line":777,"column":3}},"777":{"start":{"line":778,"column":0},"end":{"line":778,"column":0}},"778":{"start":{"line":779,"column":0},"end":{"line":779,"column":32}},"779":{"start":{"line":780,"column":0},"end":{"line":780,"column":27}},"780":{"start":{"line":781,"column":0},"end":{"line":781,"column":0}},"781":{"start":{"line":782,"column":0},"end":{"line":782,"column":21}},"782":{"start":{"line":783,"column":0},"end":{"line":783,"column":21}},"783":{"start":{"line":784,"column":0},"end":{"line":784,"column":49}},"784":{"start":{"line":785,"column":0},"end":{"line":785,"column":37}},"785":{"start":{"line":786,"column":0},"end":{"line":786,"column":20}},"786":{"start":{"line":787,"column":0},"end":{"line":787,"column":12}},"787":{"start":{"line":788,"column":0},"end":{"line":788,"column":22}},"788":{"start":{"line":789,"column":0},"end":{"line":789,"column":54}},"789":{"start":{"line":790,"column":0},"end":{"line":790,"column":5}},"790":{"start":{"line":791,"column":0},"end":{"line":791,"column":28}},"791":{"start":{"line":792,"column":0},"end":{"line":792,"column":16}},"792":{"start":{"line":793,"column":0},"end":{"line":793,"column":5}},"793":{"start":{"line":794,"column":0},"end":{"line":794,"column":12}},"794":{"start":{"line":795,"column":0},"end":{"line":795,"column":49}},"795":{"start":{"line":796,"column":0},"end":{"line":796,"column":37}},"796":{"start":{"line":797,"column":0},"end":{"line":797,"column":20}},"797":{"start":{"line":798,"column":0},"end":{"line":798,"column":12}},"798":{"start":{"line":799,"column":0},"end":{"line":799,"column":22}},"799":{"start":{"line":800,"column":0},"end":{"line":800,"column":55}},"800":{"start":{"line":801,"column":0},"end":{"line":801,"column":5}},"801":{"start":{"line":802,"column":0},"end":{"line":802,"column":28}},"802":{"start":{"line":803,"column":0},"end":{"line":803,"column":33}},"803":{"start":{"line":804,"column":0},"end":{"line":804,"column":20}},"804":{"start":{"line":805,"column":0},"end":{"line":805,"column":53}},"805":{"start":{"line":806,"column":0},"end":{"line":806,"column":41}},"806":{"start":{"line":807,"column":0},"end":{"line":807,"column":24}},"807":{"start":{"line":808,"column":0},"end":{"line":808,"column":16}},"808":{"start":{"line":809,"column":0},"end":{"line":809,"column":26}},"809":{"start":{"line":810,"column":0},"end":{"line":810,"column":59}},"810":{"start":{"line":811,"column":0},"end":{"line":811,"column":9}},"811":{"start":{"line":812,"column":0},"end":{"line":812,"column":7}},"812":{"start":{"line":813,"column":0},"end":{"line":813,"column":12}},"813":{"start":{"line":814,"column":0},"end":{"line":814,"column":22}},"814":{"start":{"line":815,"column":0},"end":{"line":815,"column":5}},"815":{"start":{"line":816,"column":0},"end":{"line":816,"column":28}},"816":{"start":{"line":817,"column":0},"end":{"line":817,"column":49}},"817":{"start":{"line":818,"column":0},"end":{"line":818,"column":20}},"818":{"start":{"line":819,"column":0},"end":{"line":819,"column":22}},"819":{"start":{"line":820,"column":0},"end":{"line":820,"column":14}},"820":{"start":{"line":821,"column":0},"end":{"line":821,"column":24}},"821":{"start":{"line":822,"column":0},"end":{"line":822,"column":57}},"822":{"start":{"line":823,"column":0},"end":{"line":823,"column":7}},"823":{"start":{"line":824,"column":0},"end":{"line":824,"column":30}},"824":{"start":{"line":825,"column":0},"end":{"line":825,"column":18}},"825":{"start":{"line":826,"column":0},"end":{"line":826,"column":7}},"826":{"start":{"line":827,"column":0},"end":{"line":827,"column":24}},"827":{"start":{"line":828,"column":0},"end":{"line":828,"column":14}},"828":{"start":{"line":829,"column":0},"end":{"line":829,"column":12}},"829":{"start":{"line":830,"column":0},"end":{"line":830,"column":23}},"830":{"start":{"line":831,"column":0},"end":{"line":831,"column":22}},"831":{"start":{"line":832,"column":0},"end":{"line":832,"column":5}},"832":{"start":{"line":833,"column":0},"end":{"line":833,"column":28}},"833":{"start":{"line":834,"column":0},"end":{"line":834,"column":24}},"834":{"start":{"line":835,"column":0},"end":{"line":835,"column":22}},"835":{"start":{"line":836,"column":0},"end":{"line":836,"column":5}},"836":{"start":{"line":837,"column":0},"end":{"line":837,"column":12}},"837":{"start":{"line":838,"column":0},"end":{"line":838,"column":0}},"838":{"start":{"line":839,"column":0},"end":{"line":839,"column":14}},"839":{"start":{"line":840,"column":0},"end":{"line":840,"column":3}},"840":{"start":{"line":841,"column":0},"end":{"line":841,"column":0}},"841":{"start":{"line":842,"column":0},"end":{"line":842,"column":35}},"842":{"start":{"line":843,"column":0},"end":{"line":843,"column":43}},"843":{"start":{"line":844,"column":0},"end":{"line":844,"column":0}},"844":{"start":{"line":845,"column":0},"end":{"line":845,"column":21}},"845":{"start":{"line":846,"column":0},"end":{"line":846,"column":21}},"846":{"start":{"line":847,"column":0},"end":{"line":847,"column":50}},"847":{"start":{"line":848,"column":0},"end":{"line":848,"column":18}},"848":{"start":{"line":849,"column":0},"end":{"line":849,"column":23}},"849":{"start":{"line":850,"column":0},"end":{"line":850,"column":12}},"850":{"start":{"line":851,"column":0},"end":{"line":851,"column":22}},"851":{"start":{"line":852,"column":0},"end":{"line":852,"column":55}},"852":{"start":{"line":853,"column":0},"end":{"line":853,"column":5}},"853":{"start":{"line":854,"column":0},"end":{"line":854,"column":28}},"854":{"start":{"line":855,"column":0},"end":{"line":855,"column":31}},"855":{"start":{"line":856,"column":0},"end":{"line":856,"column":30}},"856":{"start":{"line":857,"column":0},"end":{"line":857,"column":51}},"857":{"start":{"line":858,"column":0},"end":{"line":858,"column":22}},"858":{"start":{"line":859,"column":0},"end":{"line":859,"column":24}},"859":{"start":{"line":860,"column":0},"end":{"line":860,"column":16}},"860":{"start":{"line":861,"column":0},"end":{"line":861,"column":26}},"861":{"start":{"line":862,"column":0},"end":{"line":862,"column":58}},"862":{"start":{"line":863,"column":0},"end":{"line":863,"column":9}},"863":{"start":{"line":864,"column":0},"end":{"line":864,"column":32}},"864":{"start":{"line":865,"column":0},"end":{"line":865,"column":35}},"865":{"start":{"line":866,"column":0},"end":{"line":866,"column":34}},"866":{"start":{"line":867,"column":0},"end":{"line":867,"column":55}},"867":{"start":{"line":868,"column":0},"end":{"line":868,"column":26}},"868":{"start":{"line":869,"column":0},"end":{"line":869,"column":28}},"869":{"start":{"line":870,"column":0},"end":{"line":870,"column":20}},"870":{"start":{"line":871,"column":0},"end":{"line":871,"column":30}},"871":{"start":{"line":872,"column":0},"end":{"line":872,"column":62}},"872":{"start":{"line":873,"column":0},"end":{"line":873,"column":13}},"873":{"start":{"line":874,"column":0},"end":{"line":874,"column":36}},"874":{"start":{"line":875,"column":0},"end":{"line":875,"column":39}},"875":{"start":{"line":876,"column":0},"end":{"line":876,"column":38}},"876":{"start":{"line":877,"column":0},"end":{"line":877,"column":59}},"877":{"start":{"line":878,"column":0},"end":{"line":878,"column":30}},"878":{"start":{"line":879,"column":0},"end":{"line":879,"column":32}},"879":{"start":{"line":880,"column":0},"end":{"line":880,"column":24}},"880":{"start":{"line":881,"column":0},"end":{"line":881,"column":34}},"881":{"start":{"line":882,"column":0},"end":{"line":882,"column":66}},"882":{"start":{"line":883,"column":0},"end":{"line":883,"column":17}},"883":{"start":{"line":884,"column":0},"end":{"line":884,"column":40}},"884":{"start":{"line":885,"column":0},"end":{"line":885,"column":52}},"885":{"start":{"line":886,"column":0},"end":{"line":886,"column":26}},"886":{"start":{"line":887,"column":0},"end":{"line":887,"column":24}},"887":{"start":{"line":888,"column":0},"end":{"line":888,"column":35}},"888":{"start":{"line":889,"column":0},"end":{"line":889,"column":34}},"889":{"start":{"line":890,"column":0},"end":{"line":890,"column":17}},"890":{"start":{"line":891,"column":0},"end":{"line":891,"column":22}},"891":{"start":{"line":892,"column":0},"end":{"line":892,"column":33}},"892":{"start":{"line":893,"column":0},"end":{"line":893,"column":32}},"893":{"start":{"line":894,"column":0},"end":{"line":894,"column":15}},"894":{"start":{"line":895,"column":0},"end":{"line":895,"column":20}},"895":{"start":{"line":896,"column":0},"end":{"line":896,"column":31}},"896":{"start":{"line":897,"column":0},"end":{"line":897,"column":30}},"897":{"start":{"line":898,"column":0},"end":{"line":898,"column":13}},"898":{"start":{"line":899,"column":0},"end":{"line":899,"column":18}},"899":{"start":{"line":900,"column":0},"end":{"line":900,"column":29}},"900":{"start":{"line":901,"column":0},"end":{"line":901,"column":28}},"901":{"start":{"line":902,"column":0},"end":{"line":902,"column":11}},"902":{"start":{"line":903,"column":0},"end":{"line":903,"column":16}},"903":{"start":{"line":904,"column":0},"end":{"line":904,"column":27}},"904":{"start":{"line":905,"column":0},"end":{"line":905,"column":26}},"905":{"start":{"line":906,"column":0},"end":{"line":906,"column":9}},"906":{"start":{"line":907,"column":0},"end":{"line":907,"column":14}},"907":{"start":{"line":908,"column":0},"end":{"line":908,"column":25}},"908":{"start":{"line":909,"column":0},"end":{"line":909,"column":24}},"909":{"start":{"line":910,"column":0},"end":{"line":910,"column":7}},"910":{"start":{"line":911,"column":0},"end":{"line":911,"column":12}},"911":{"start":{"line":912,"column":0},"end":{"line":912,"column":23}},"912":{"start":{"line":913,"column":0},"end":{"line":913,"column":22}},"913":{"start":{"line":914,"column":0},"end":{"line":914,"column":5}},"914":{"start":{"line":915,"column":0},"end":{"line":915,"column":28}},"915":{"start":{"line":916,"column":0},"end":{"line":916,"column":24}},"916":{"start":{"line":917,"column":0},"end":{"line":917,"column":22}},"917":{"start":{"line":918,"column":0},"end":{"line":918,"column":5}},"918":{"start":{"line":919,"column":0},"end":{"line":919,"column":12}},"919":{"start":{"line":920,"column":0},"end":{"line":920,"column":0}},"920":{"start":{"line":921,"column":0},"end":{"line":921,"column":14}},"921":{"start":{"line":922,"column":0},"end":{"line":922,"column":3}},"922":{"start":{"line":923,"column":0},"end":{"line":923,"column":0}},"923":{"start":{"line":924,"column":0},"end":{"line":924,"column":35}},"924":{"start":{"line":925,"column":0},"end":{"line":925,"column":43}},"925":{"start":{"line":926,"column":0},"end":{"line":926,"column":0}},"926":{"start":{"line":927,"column":0},"end":{"line":927,"column":21}},"927":{"start":{"line":928,"column":0},"end":{"line":928,"column":21}},"928":{"start":{"line":929,"column":0},"end":{"line":929,"column":47}},"929":{"start":{"line":930,"column":0},"end":{"line":930,"column":18}},"930":{"start":{"line":931,"column":0},"end":{"line":931,"column":20}},"931":{"start":{"line":932,"column":0},"end":{"line":932,"column":12}},"932":{"start":{"line":933,"column":0},"end":{"line":933,"column":22}},"933":{"start":{"line":934,"column":0},"end":{"line":934,"column":55}},"934":{"start":{"line":935,"column":0},"end":{"line":935,"column":5}},"935":{"start":{"line":936,"column":0},"end":{"line":936,"column":28}},"936":{"start":{"line":937,"column":0},"end":{"line":937,"column":30}},"937":{"start":{"line":938,"column":0},"end":{"line":938,"column":30}},"938":{"start":{"line":939,"column":0},"end":{"line":939,"column":32}},"939":{"start":{"line":940,"column":0},"end":{"line":940,"column":32}},"940":{"start":{"line":941,"column":0},"end":{"line":941,"column":34}},"941":{"start":{"line":942,"column":0},"end":{"line":942,"column":34}},"942":{"start":{"line":943,"column":0},"end":{"line":943,"column":36}},"943":{"start":{"line":944,"column":0},"end":{"line":944,"column":36}},"944":{"start":{"line":945,"column":0},"end":{"line":945,"column":38}},"945":{"start":{"line":946,"column":0},"end":{"line":946,"column":38}},"946":{"start":{"line":947,"column":0},"end":{"line":947,"column":40}},"947":{"start":{"line":948,"column":0},"end":{"line":948,"column":40}},"948":{"start":{"line":949,"column":0},"end":{"line":949,"column":52}},"949":{"start":{"line":950,"column":0},"end":{"line":950,"column":26}},"950":{"start":{"line":951,"column":0},"end":{"line":951,"column":24}},"951":{"start":{"line":952,"column":0},"end":{"line":952,"column":35}},"952":{"start":{"line":953,"column":0},"end":{"line":953,"column":34}},"953":{"start":{"line":954,"column":0},"end":{"line":954,"column":17}},"954":{"start":{"line":955,"column":0},"end":{"line":955,"column":22}},"955":{"start":{"line":956,"column":0},"end":{"line":956,"column":33}},"956":{"start":{"line":957,"column":0},"end":{"line":957,"column":32}},"957":{"start":{"line":958,"column":0},"end":{"line":958,"column":15}},"958":{"start":{"line":959,"column":0},"end":{"line":959,"column":20}},"959":{"start":{"line":960,"column":0},"end":{"line":960,"column":31}},"960":{"start":{"line":961,"column":0},"end":{"line":961,"column":30}},"961":{"start":{"line":962,"column":0},"end":{"line":962,"column":13}},"962":{"start":{"line":963,"column":0},"end":{"line":963,"column":18}},"963":{"start":{"line":964,"column":0},"end":{"line":964,"column":29}},"964":{"start":{"line":965,"column":0},"end":{"line":965,"column":28}},"965":{"start":{"line":966,"column":0},"end":{"line":966,"column":11}},"966":{"start":{"line":967,"column":0},"end":{"line":967,"column":16}},"967":{"start":{"line":968,"column":0},"end":{"line":968,"column":27}},"968":{"start":{"line":969,"column":0},"end":{"line":969,"column":26}},"969":{"start":{"line":970,"column":0},"end":{"line":970,"column":9}},"970":{"start":{"line":971,"column":0},"end":{"line":971,"column":14}},"971":{"start":{"line":972,"column":0},"end":{"line":972,"column":25}},"972":{"start":{"line":973,"column":0},"end":{"line":973,"column":24}},"973":{"start":{"line":974,"column":0},"end":{"line":974,"column":7}},"974":{"start":{"line":975,"column":0},"end":{"line":975,"column":12}},"975":{"start":{"line":976,"column":0},"end":{"line":976,"column":23}},"976":{"start":{"line":977,"column":0},"end":{"line":977,"column":22}},"977":{"start":{"line":978,"column":0},"end":{"line":978,"column":5}},"978":{"start":{"line":979,"column":0},"end":{"line":979,"column":28}},"979":{"start":{"line":980,"column":0},"end":{"line":980,"column":24}},"980":{"start":{"line":981,"column":0},"end":{"line":981,"column":22}},"981":{"start":{"line":982,"column":0},"end":{"line":982,"column":5}},"982":{"start":{"line":983,"column":0},"end":{"line":983,"column":12}},"983":{"start":{"line":984,"column":0},"end":{"line":984,"column":0}},"984":{"start":{"line":985,"column":0},"end":{"line":985,"column":14}},"985":{"start":{"line":986,"column":0},"end":{"line":986,"column":3}},"986":{"start":{"line":987,"column":0},"end":{"line":987,"column":0}},"987":{"start":{"line":988,"column":0},"end":{"line":988,"column":36}},"988":{"start":{"line":989,"column":0},"end":{"line":989,"column":31}},"989":{"start":{"line":990,"column":0},"end":{"line":990,"column":0}},"990":{"start":{"line":991,"column":0},"end":{"line":991,"column":21}},"991":{"start":{"line":992,"column":0},"end":{"line":992,"column":21}},"992":{"start":{"line":993,"column":0},"end":{"line":993,"column":47}},"993":{"start":{"line":994,"column":0},"end":{"line":994,"column":18}},"994":{"start":{"line":995,"column":0},"end":{"line":995,"column":20}},"995":{"start":{"line":996,"column":0},"end":{"line":996,"column":12}},"996":{"start":{"line":997,"column":0},"end":{"line":997,"column":22}},"997":{"start":{"line":998,"column":0},"end":{"line":998,"column":55}},"998":{"start":{"line":999,"column":0},"end":{"line":999,"column":5}},"999":{"start":{"line":1000,"column":0},"end":{"line":1000,"column":28}},"1000":{"start":{"line":1001,"column":0},"end":{"line":1001,"column":30}},"1001":{"start":{"line":1002,"column":0},"end":{"line":1002,"column":30}},"1002":{"start":{"line":1003,"column":0},"end":{"line":1003,"column":32}},"1003":{"start":{"line":1004,"column":0},"end":{"line":1004,"column":32}},"1004":{"start":{"line":1005,"column":0},"end":{"line":1005,"column":34}},"1005":{"start":{"line":1006,"column":0},"end":{"line":1006,"column":34}},"1006":{"start":{"line":1007,"column":0},"end":{"line":1007,"column":34}},"1007":{"start":{"line":1008,"column":0},"end":{"line":1008,"column":20}},"1008":{"start":{"line":1009,"column":0},"end":{"line":1009,"column":18}},"1009":{"start":{"line":1010,"column":0},"end":{"line":1010,"column":29}},"1010":{"start":{"line":1011,"column":0},"end":{"line":1011,"column":28}},"1011":{"start":{"line":1012,"column":0},"end":{"line":1012,"column":11}},"1012":{"start":{"line":1013,"column":0},"end":{"line":1013,"column":16}},"1013":{"start":{"line":1014,"column":0},"end":{"line":1014,"column":27}},"1014":{"start":{"line":1015,"column":0},"end":{"line":1015,"column":26}},"1015":{"start":{"line":1016,"column":0},"end":{"line":1016,"column":9}},"1016":{"start":{"line":1017,"column":0},"end":{"line":1017,"column":14}},"1017":{"start":{"line":1018,"column":0},"end":{"line":1018,"column":25}},"1018":{"start":{"line":1019,"column":0},"end":{"line":1019,"column":24}},"1019":{"start":{"line":1020,"column":0},"end":{"line":1020,"column":7}},"1020":{"start":{"line":1021,"column":0},"end":{"line":1021,"column":12}},"1021":{"start":{"line":1022,"column":0},"end":{"line":1022,"column":23}},"1022":{"start":{"line":1023,"column":0},"end":{"line":1023,"column":22}},"1023":{"start":{"line":1024,"column":0},"end":{"line":1024,"column":5}},"1024":{"start":{"line":1025,"column":0},"end":{"line":1025,"column":28}},"1025":{"start":{"line":1026,"column":0},"end":{"line":1026,"column":24}},"1026":{"start":{"line":1027,"column":0},"end":{"line":1027,"column":23}},"1027":{"start":{"line":1028,"column":0},"end":{"line":1028,"column":5}},"1028":{"start":{"line":1029,"column":0},"end":{"line":1029,"column":12}},"1029":{"start":{"line":1030,"column":0},"end":{"line":1030,"column":0}},"1030":{"start":{"line":1031,"column":0},"end":{"line":1031,"column":14}},"1031":{"start":{"line":1032,"column":0},"end":{"line":1032,"column":3}},"1032":{"start":{"line":1033,"column":0},"end":{"line":1033,"column":0}},"1033":{"start":{"line":1034,"column":0},"end":{"line":1034,"column":34}},"1034":{"start":{"line":1035,"column":0},"end":{"line":1035,"column":23}},"1035":{"start":{"line":1036,"column":0},"end":{"line":1036,"column":0}},"1036":{"start":{"line":1037,"column":0},"end":{"line":1037,"column":12}},"1037":{"start":{"line":1038,"column":0},"end":{"line":1038,"column":21}},"1038":{"start":{"line":1039,"column":0},"end":{"line":1039,"column":47}},"1039":{"start":{"line":1040,"column":0},"end":{"line":1040,"column":18}},"1040":{"start":{"line":1041,"column":0},"end":{"line":1041,"column":20}},"1041":{"start":{"line":1042,"column":0},"end":{"line":1042,"column":12}},"1042":{"start":{"line":1043,"column":0},"end":{"line":1043,"column":22}},"1043":{"start":{"line":1044,"column":0},"end":{"line":1044,"column":54}},"1044":{"start":{"line":1045,"column":0},"end":{"line":1045,"column":5}},"1045":{"start":{"line":1046,"column":0},"end":{"line":1046,"column":28}},"1046":{"start":{"line":1047,"column":0},"end":{"line":1047,"column":31}},"1047":{"start":{"line":1048,"column":0},"end":{"line":1048,"column":30}},"1048":{"start":{"line":1049,"column":0},"end":{"line":1049,"column":26}},"1049":{"start":{"line":1050,"column":0},"end":{"line":1050,"column":25}},"1050":{"start":{"line":1051,"column":0},"end":{"line":1051,"column":14}},"1051":{"start":{"line":1052,"column":0},"end":{"line":1052,"column":25}},"1052":{"start":{"line":1053,"column":0},"end":{"line":1053,"column":24}},"1053":{"start":{"line":1054,"column":0},"end":{"line":1054,"column":7}},"1054":{"start":{"line":1055,"column":0},"end":{"line":1055,"column":12}},"1055":{"start":{"line":1056,"column":0},"end":{"line":1056,"column":23}},"1056":{"start":{"line":1057,"column":0},"end":{"line":1057,"column":22}},"1057":{"start":{"line":1058,"column":0},"end":{"line":1058,"column":5}},"1058":{"start":{"line":1059,"column":0},"end":{"line":1059,"column":31}},"1059":{"start":{"line":1060,"column":0},"end":{"line":1060,"column":18}},"1060":{"start":{"line":1061,"column":0},"end":{"line":1061,"column":23}},"1061":{"start":{"line":1062,"column":0},"end":{"line":1062,"column":49}},"1062":{"start":{"line":1063,"column":0},"end":{"line":1063,"column":20}},"1063":{"start":{"line":1064,"column":0},"end":{"line":1064,"column":22}},"1064":{"start":{"line":1065,"column":0},"end":{"line":1065,"column":14}},"1065":{"start":{"line":1066,"column":0},"end":{"line":1066,"column":24}},"1066":{"start":{"line":1067,"column":0},"end":{"line":1067,"column":56}},"1067":{"start":{"line":1068,"column":0},"end":{"line":1068,"column":7}},"1068":{"start":{"line":1069,"column":0},"end":{"line":1069,"column":30}},"1069":{"start":{"line":1070,"column":0},"end":{"line":1070,"column":33}},"1070":{"start":{"line":1071,"column":0},"end":{"line":1071,"column":32}},"1071":{"start":{"line":1072,"column":0},"end":{"line":1072,"column":28}},"1072":{"start":{"line":1073,"column":0},"end":{"line":1073,"column":27}},"1073":{"start":{"line":1074,"column":0},"end":{"line":1074,"column":16}},"1074":{"start":{"line":1075,"column":0},"end":{"line":1075,"column":27}},"1075":{"start":{"line":1076,"column":0},"end":{"line":1076,"column":26}},"1076":{"start":{"line":1077,"column":0},"end":{"line":1077,"column":9}},"1077":{"start":{"line":1078,"column":0},"end":{"line":1078,"column":14}},"1078":{"start":{"line":1079,"column":0},"end":{"line":1079,"column":25}},"1079":{"start":{"line":1080,"column":0},"end":{"line":1080,"column":24}},"1080":{"start":{"line":1081,"column":0},"end":{"line":1081,"column":7}},"1081":{"start":{"line":1082,"column":0},"end":{"line":1082,"column":5}},"1082":{"start":{"line":1083,"column":0},"end":{"line":1083,"column":0}},"1083":{"start":{"line":1084,"column":0},"end":{"line":1084,"column":14}},"1084":{"start":{"line":1085,"column":0},"end":{"line":1085,"column":3}},"1085":{"start":{"line":1086,"column":0},"end":{"line":1086,"column":0}},"1086":{"start":{"line":1087,"column":0},"end":{"line":1087,"column":32}},"1087":{"start":{"line":1088,"column":0},"end":{"line":1088,"column":27}},"1088":{"start":{"line":1089,"column":0},"end":{"line":1089,"column":0}},"1089":{"start":{"line":1090,"column":0},"end":{"line":1090,"column":21}},"1090":{"start":{"line":1091,"column":0},"end":{"line":1091,"column":27}},"1091":{"start":{"line":1092,"column":0},"end":{"line":1092,"column":28}},"1092":{"start":{"line":1093,"column":0},"end":{"line":1093,"column":49}},"1093":{"start":{"line":1094,"column":0},"end":{"line":1094,"column":20}},"1094":{"start":{"line":1095,"column":0},"end":{"line":1095,"column":22}},"1095":{"start":{"line":1096,"column":0},"end":{"line":1096,"column":14}},"1096":{"start":{"line":1097,"column":0},"end":{"line":1097,"column":24}},"1097":{"start":{"line":1098,"column":0},"end":{"line":1098,"column":56}},"1098":{"start":{"line":1099,"column":0},"end":{"line":1099,"column":7}},"1099":{"start":{"line":1100,"column":0},"end":{"line":1100,"column":30}},"1100":{"start":{"line":1101,"column":0},"end":{"line":1101,"column":42}},"1101":{"start":{"line":1102,"column":0},"end":{"line":1102,"column":51}},"1102":{"start":{"line":1103,"column":0},"end":{"line":1103,"column":22}},"1103":{"start":{"line":1104,"column":0},"end":{"line":1104,"column":24}},"1104":{"start":{"line":1105,"column":0},"end":{"line":1105,"column":16}},"1105":{"start":{"line":1106,"column":0},"end":{"line":1106,"column":26}},"1106":{"start":{"line":1107,"column":0},"end":{"line":1107,"column":58}},"1107":{"start":{"line":1108,"column":0},"end":{"line":1108,"column":9}},"1108":{"start":{"line":1109,"column":0},"end":{"line":1109,"column":32}},"1109":{"start":{"line":1110,"column":0},"end":{"line":1110,"column":28}},"1110":{"start":{"line":1111,"column":0},"end":{"line":1111,"column":31}},"1111":{"start":{"line":1112,"column":0},"end":{"line":1112,"column":16}},"1112":{"start":{"line":1113,"column":0},"end":{"line":1113,"column":27}},"1113":{"start":{"line":1114,"column":0},"end":{"line":1114,"column":26}},"1114":{"start":{"line":1115,"column":0},"end":{"line":1115,"column":9}},"1115":{"start":{"line":1116,"column":0},"end":{"line":1116,"column":14}},"1116":{"start":{"line":1117,"column":0},"end":{"line":1117,"column":25}},"1117":{"start":{"line":1118,"column":0},"end":{"line":1118,"column":24}},"1118":{"start":{"line":1119,"column":0},"end":{"line":1119,"column":7}},"1119":{"start":{"line":1120,"column":0},"end":{"line":1120,"column":12}},"1120":{"start":{"line":1121,"column":0},"end":{"line":1121,"column":23}},"1121":{"start":{"line":1122,"column":0},"end":{"line":1122,"column":22}},"1122":{"start":{"line":1123,"column":0},"end":{"line":1123,"column":5}},"1123":{"start":{"line":1124,"column":0},"end":{"line":1124,"column":0}},"1124":{"start":{"line":1125,"column":0},"end":{"line":1125,"column":14}},"1125":{"start":{"line":1126,"column":0},"end":{"line":1126,"column":3}},"1126":{"start":{"line":1127,"column":0},"end":{"line":1127,"column":0}},"1127":{"start":{"line":1128,"column":0},"
[...]
15},"end":{"line":234,"column":5}},"line":229},"29":{"name":"RgbFunction","decl":{"start":{"line":230,"column":19},"end":{"line":233,"column":9}},"loc":{"start":{"line":230,"column":19},"end":{"line":233,"column":9}},"line":230},"30":{"name":"peg$f7","decl":{"start":{"line":235,"column":15},"end":{"line":235,"column":56}},"loc":{"start":{"line":235,"column":15},"end":{"line":235,"column":56}},"line":235},"31":{"name":"peg$f8","decl":{"start":{"line":236,"column":15},"end":{"line":241,"column":5}},"loc":{"start":{"line":236,"column":15},"end":{"line":241,"column":5}},"line":236},"32":{"name":"HslFunction","decl":{"start":{"line":237,"column":19},"end":{"line":240,"column":9}},"loc":{"start":{"line":237,"column":19},"end":{"line":240,"column":9}},"line":237},"33":{"name":"peg$f9","decl":{"start":{"line":242,"column":15},"end":{"line":247,"column":5}},"loc":{"start":{"line":242,"column":15},"end":{"line":247,"column":5}},"line":242},"34":{"name":"LongHexCode","decl":{"start":{"line":243,"column":19},"end":{"line":246,"column":9}},"loc":{"start":{"line":243,"column":19},"end":{"line":246,"column":9}},"line":243},"35":{"name":"peg$f10","decl":{"start":{"line":248,"column":16},"end":{"line":253,"column":5}},"loc":{"start":{"line":248,"column":16},"end":{"line":253,"column":5}},"line":248},"36":{"name":"ShortHexCode","decl":{"start":{"line":249,"column":19},"end":{"line":252,"column":9}},"loc":{"start":{"line":249,"column":19},"end":{"line":252,"column":9}},"line":249},"37":{"name":"peg$f11","decl":{"start":{"line":254,"column":16},"end":{"line":254,"column":42}},"loc":{"start":{"line":254,"column":16},"end":{"line":254,"column":42}},"line":254},"38":{"name":"peg$f12","decl":{"start":{"line":255,"column":16},"end":{"line":261,"column":5}},"loc":{"start":{"line":255,"column":16},"end":{"line":261,"column":5}},"line":255},"39":{"name":"MethodCall","decl":{"start":{"line":256,"column":19},"end":{"line":260,"column":9}},"loc":{"start":{"line":256,"column":19},"end":{"line":260,"column":9}},"line":256},"40":{"name":"peg$f13","decl":{"start":{"line":262,"column":16},"end":{"line":262,"column":51}},"loc":{"start":{"line":262,"column":16},"end":{"line":262,"column":51}},"line":262},"41":{"name":"text","decl":{"start":{"line":280,"column":2},"end":{"line":282,"column":3}},"loc":{"start":{"line":280,"column":2},"end":{"line":282,"column":3}},"line":280},"42":{"name":"offset","decl":{"start":{"line":284,"column":2},"end":{"line":286,"column":3}},"loc":{"start":{"line":284,"column":2},"end":{"line":286,"column":3}},"line":284},"43":{"name":"range","decl":{"start":{"line":288,"column":2},"end":{"line":294,"column":3}},"loc":{"start":{"line":288,"column":2},"end":{"line":294,"column":3}},"line":288},"44":{"name":"location","decl":{"start":{"line":296,"column":2},"end":{"line":298,"column":3}},"loc":{"start":{"line":296,"column":2},"end":{"line":298,"column":3}},"line":296},"45":{"name":"expected","decl":{"start":{"line":300,"column":2},"end":{"line":310,"column":3}},"loc":{"start":{"line":300,"column":2},"end":{"line":310,"column":3}},"line":300},"46":{"name":"error","decl":{"start":{"line":312,"column":2},"end":{"line":318,"column":3}},"loc":{"start":{"line":312,"column":2},"end":{"line":318,"column":3}},"line":312},"47":{"name":"peg$literalExpectation","decl":{"start":{"line":320,"column":2},"end":{"line":322,"column":3}},"loc":{"start":{"line":320,"column":2},"end":{"line":322,"column":3}},"line":320},"48":{"name":"peg$classExpectation","decl":{"start":{"line":324,"column":2},"end":{"line":326,"column":3}},"loc":{"start":{"line":324,"column":2},"end":{"line":326,"column":3}},"line":324},"49":{"name":"peg$anyExpectation","decl":{"start":{"line":328,"column":2},"end":{"line":330,"column":3}},"loc":{"start":{"line":328,"column":2},"end":{"line":330,"column":3}},"line":328},"50":{"name":"peg$endExpectation","decl":{"start":{"line":332,"column":2},"end":{"line":334,"column":3}},"loc":{"start":{"line":332,"column":2},"end":{"line":334,"column":3}},"line":332},"51":{"name":"peg$otherExpectation","decl":{"start":{"line":336,"column":2},"end":{"line":338,"column":3}},"loc":{"start":{"line":336,"column":2},"end":{"line":338,"column":3}},"line":336},"52":{"name":"peg$computePosDetails","decl":{"start":{"line":340,"column":2},"end":{"line":373,"column":3}},"loc":{"start":{"line":340,"column":2},"end":{"line":373,"column":3}},"line":340},"53":{"name":"peg$computeLocation","decl":{"start":{"line":375,"column":2},"end":{"line":392,"column":3}},"loc":{"start":{"line":375,"column":2},"end":{"line":392,"column":3}},"line":375},"54":{"name":"peg$fail","decl":{"start":{"line":394,"column":2},"end":{"line":403,"column":3}},"loc":{"start":{"line":394,"column":2},"end":{"line":403,"column":3}},"line":394},"55":{"name":"peg$buildSimpleError","decl":{"start":{"line":405,"column":2},"end":{"line":407,"column":3}},"loc":{"start":{"line":405,"column":2},"end":{"line":407,"column":3}},"line":405},"56":{"name":"peg$buildStructuredError","decl":{"start":{"line":409,"column":2},"end":{"line":416,"column":3}},"loc":{"start":{"line":409,"column":2},"end":{"line":416,"column":3}},"line":409},"57":{"name":"peg$parseStart","decl":{"start":{"line":418,"column":2},"end":{"line":424,"column":3}},"loc":{"start":{"line":418,"column":2},"end":{"line":424,"column":3}},"line":418},"58":{"name":"peg$parseExpression","decl":{"start":{"line":426,"column":2},"end":{"line":441,"column":3}},"loc":{"start":{"line":426,"column":2},"end":{"line":441,"column":3}},"line":426},"59":{"name":"peg$parseDigit","decl":{"start":{"line":443,"column":2},"end":{"line":455,"column":3}},"loc":{"start":{"line":443,"column":2},"end":{"line":455,"column":3}},"line":443},"60":{"name":"peg$parseNumber","decl":{"start":{"line":457,"column":2},"end":{"line":490,"column":3}},"loc":{"start":{"line":457,"column":2},"end":{"line":490,"column":3}},"line":457},"61":{"name":"peg$parseString","decl":{"start":{"line":492,"column":2},"end":{"line":525,"column":3}},"loc":{"start":{"line":492,"column":2},"end":{"line":525,"column":3}},"line":492},"62":{"name":"peg$parseLetters","decl":{"start":{"line":527,"column":2},"end":{"line":559,"column":3}},"loc":{"start":{"line":527,"column":2},"end":{"line":559,"column":3}},"line":527},"63":{"name":"peg$parseHexChar","decl":{"start":{"line":561,"column":2},"end":{"line":573,"column":3}},"loc":{"start":{"line":561,"column":2},"end":{"line":573,"column":3}},"line":561},"64":{"name":"peg$parseColor","decl":{"start":{"line":575,"column":2},"end":{"line":596,"column":3}},"loc":{"start":{"line":575,"column":2},"end":{"line":596,"column":3}},"line":575},"65":{"name":"peg$parseColorWeight","decl":{"start":{"line":598,"column":2},"end":{"line":645,"column":3}},"loc":{"start":{"line":598,"column":2},"end":{"line":645,"column":3}},"line":598},"66":{"name":"peg$parseThemeColor","decl":{"start":{"line":647,"column":2},"end":{"line":665,"column":3}},"loc":{"start":{"line":647,"column":2},"end":{"line":665,"column":3}},"line":647},"67":{"name":"peg$parseRgbValue","decl":{"start":{"line":667,"column":2},"end":{"line":695,"column":3}},"loc":{"start":{"line":667,"column":2},"end":{"line":695,"column":3}},"line":667},"68":{"name":"peg$parseRgbFunction","decl":{"start":{"line":697,"column":2},"end":{"line":777,"column":3}},"loc":{"start":{"line":697,"column":2},"end":{"line":777,"column":3}},"line":697},"69":{"name":"peg$parseHslValue","decl":{"start":{"line":779,"column":2},"end":{"line":840,"column":3}},"loc":{"start":{"line":779,"column":2},"end":{"line":840,"column":3}},"line":779},"70":{"name":"peg$parseHslFunction","decl":{"start":{"line":842,"column":2},"end":{"line":922,"column":3}},"loc":{"start":{"line":842,"column":2},"end":{"line":922,"column":3}},"line":842},"71":{"name":"peg$parseLongHexCode","decl":{"start":{"line":924,"column":2},"end":{"line":986,"column":3}},"loc":{"start":{"line":924,"column":2},"end":{"line":986,"column":3}},"line":924},"72":{"name":"peg$parseShortHexCode","decl":{"start":{"line":988,"column":2},"end":{"line":1032,"column":3}},"loc":{"start":{"line":988,"column":2},"end":{"line":1032,"column":3}},"line":988},"73":{"name":"peg$parseMethodCall","decl":{"start":{"line":1034,"column":2},"end":{"line":1085,"column":3}},"loc":{"start":{"line":1034,"column":2},"end":{"line":1085,"column":3}},"line":1034},"74":{"name":"peg$parseFunction","decl":{"start":{"line":1087,"column":2},"end":{"line":1126,"column":3}},"loc":{"start":{"line":1087,"column":2},"end":{"line":1126,"column":3}},"line":1087},"75":{"name":"peg$parseFunctionArguments","decl":{"start":{"line":1128,"column":2},"end":{"line":1187,"column":3}},"loc":{"start":{"line":1128,"column":2},"end":{"line":1187,"column":3}},"line":1128}},"f":{"0":2,"1":81,"2":2,"3":2,"4":39,"5":0,"6":0,"7":39,"8":33,"9":50,"10":0,"11":2,"12":0,"13":0,"14":61,"15":161,"16":85,"17":39,"18":39,"19":59,"20":7,"21":7,"22":56,"23":35,"24":6,"25":35,"26":35,"27":20,"28":2,"29":2,"30":34,"31":6,"32":6,"33":1,"34":1,"35":11,"36":11,"37":11,"38":11,"39":11,"40":9,"41":0,"42":0,"43":0,"44":0,"45":0,"46":0,"47":472,"48":354,"49":0,"50":33,"51":0,"52":78,"53":39,"54":618,"55":0,"56":39,"57":59,"58":81,"59":102,"60":26,"61":60,"62":73,"63":98,"64":81,"65":35,"66":73,"67":25,"68":81,"69":43,"70":79,"71":38,"72":37,"73":62,"74":16,"75":13}}
,"/Users/justinkimbrell/Code/tailwind-colorize-plugin/tailwind.config.js": {"path":"/Users/justinkimbrell/Code/tailwind-colorize-plugin/tailwind.config.js","all":false,"statementMap":{"0":{"start":{"line":1,"column":0},"end":{"line":1,"column":45}},"1":{"start":{"line":2,"column":0},"end":{"line":2,"column":57}},"2":{"start":{"line":3,"column":0},"end":{"line":3,"column":0}},"3":{"start":{"line":4,"column":0},"end":{"line":4,"column":43}},"4":{"start":{"line":5,"column":0},"end":{"line":5,"column":18}},"5":{"start":{"line":6,"column":0},"end":{"line":6,"column":12}},"6":{"start":{"line":7,"column":0},"end":{"line":7,"column":18}},"7":{"start":{"line":8,"column":0},"end":{"line":8,"column":4}},"8":{"start":{"line":9,"column":0},"end":{"line":9,"column":10}},"9":{"start":{"line":10,"column":0},"end":{"line":10,"column":13}},"10":{"start":{"line":11,"column":0},"end":{"line":11,"column":15}},"11":{"start":{"line":12,"column":0},"end":{"line":12,"column":23}},"12":{"start":{"line":13,"column":0},"end":{"line":13,"column":7}},"13":{"start":{"line":14,"column":0},"end":{"line":14,"column":6}},"14":{"start":{"line":15,"column":0},"end":{"line":15,"column":4}},"15":{"start":{"line":16,"column":0},"end":{"line":16,"column":12}},"16":{"start":{"line":17,"column":0},"end":{"line":17,"column":48}},"17":{"start":{"line":18,"column":0},"end":{"line":18,"column":4}},"18":{"start":{"line":19,"column":0},"end":{"line":19,"column":1}}},"s":{"0":1,"1":1,"2":1,"3":1,"4":1,"5":1,"6":1,"7":1,"8":1,"9":1,"10":1,"11":1,"12":1,"13":1,"14":1,"15":1,"16":1,"17":1,"18":1},"branchMap":{"0":{"type":"branch","line":1,"loc":{"start":{"line":1,"column":0},"end":{"line":19,"column":1}},"locations":[{"start":{"line":1,"column":0},"end":{"line":19,"column":1}}]},"1":{"type":"branch","line":1,"loc":{"start":{"line":1,"column":0},"end":{"line":19,"column":1}},"locations":[{"start":{"line":1,"column":0},"end":{"line":19,"column":1}}]}},"b":{"0":[1],"1":[1]},"fnMap":{"0":{"name":"Object.<anonymous>","decl":{"start":{"line":1,"column":0},"end":{"line":19,"column":1}},"loc":{"start":{"line":1,"column":0},"end":{"line":19,"column":1}},"line":1}},"f":{"0":1}}
,"/Users/justinkimbrell/Code/tailwind-colorize-plugin/src/helpers.ts": {"path":"/Users/justinkimbrell/Code/tailwind-colorize-plugin/src/helpers.ts","all":false,"statementMap":{"0":{"start":{"line":1,"column":0},"end":{"line":1,"column":26}},"1":{"start":{"line":2,"column":0},"end":{"line":2,"column":29}},"2":{"start":{"line":3,"column":0},"end":{"line":3,"column":0}},"3":{"start":{"line":4,"column":0},"end":{"line":4,"column":50}},"4":{"start":{"line":5,"column":0},"end":{"line":5,"column":0}},"5":{"start":{"line":6,"column":0},"end":{"line":6,"column":42}},"6":{"start":{"line":7,"column":0},"end":{"line":7,"column":24}},"7":{"start":{"line":8,"column":0},"end":{"line":8,"column":32}},"8":{"start":{"line":9,"column":0},"end":{"line":9,"column":31}},"9":{"start":{"line":10,"column":0},"end":{"line":10,"column":31}},"10":{"start":{"line":11,"column":0},"end":{"line":11,"column":31}},"11":{"start":{"line":12,"column":0},"end":{"line":12,"column":38}},"12":{"start":{"line":13,"column":0},"end":{"line":13,"column":32}},"13":{"start":{"line":14,"column":0},"end":{"line":14,"column":33}},"14":{"start":{"line":15,"column":0},"end":{"line":15,"column":30}},"15":{"start":{"line":16,"column":0},"end":{"line":16,"column":55}},"16":{"start":{"line":17,"column":0},"end":{"line":17,"column":9}},"17":{"start":{"line":18,"column":0},"end":{"line":18,"column":5}},"18":{"start":{"line":19,"column":0},"end":{"line":19,"column":0}},"19":{"start":{"line":20,"column":0},"end":{"line":20,"column":63}},"20":{"start":{"line":21,"column":0},"end":{"line":21,"column":56}},"21":{"start":{"line":22,"column":0},"end":{"line":22,"column":58}},"22":{"start":{"line":23,"column":0},"end":{"line":23,"column":0}},"23":{"start":{"line":24,"column":0},"end":{"line":24,"column":56}},"24":{"start":{"line":25,"column":0},"end":{"line":25,"column":76}},"25":{"start":{"line":26,"column":0},"end":{"line":26,"column":13}},"26":{"start":{"line":27,"column":0},"end":{"line":27,"column":0}},"27":{"start":{"line":28,"column":0},"end":{"line":28,"column":45}},"28":{"start":{"line":29,"column":0},"end":{"line":29,"column":38}},"29":{"start":{"line":30,"column":0},"end":{"line":30,"column":5}},"30":{"start":{"line":31,"column":0},"end":{"line":31,"column":0}},"31":{"start":{"line":32,"column":0},"end":{"line":32,"column":54}},"32":{"start":{"line":33,"column":0},"end":{"line":33,"column":47}},"33":{"start":{"line":34,"column":0},"end":{"line":34,"column":5}},"34":{"start":{"line":35,"column":0},"end":{"line":35,"column":0}},"35":{"start":{"line":36,"column":0},"end":{"line":36,"column":87}},"36":{"start":{"line":37,"column":0},"end":{"line":37,"column":50}},"37":{"start":{"line":38,"column":0},"end":{"line":38,"column":37}},"38":{"start":{"line":39,"column":0},"end":{"line":39,"column":23}},"39":{"start":{"line":40,"column":0},"end":{"line":40,"column":8}},"40":{"start":{"line":41,"column":0},"end":{"line":41,"column":53}},"41":{"start":{"line":42,"column":0},"end":{"line":42,"column":0}},"42":{"start":{"line":43,"column":0},"end":{"line":43,"column":39}},"43":{"start":{"line":44,"column":0},"end":{"line":44,"column":32}},"44":{"start":{"line":45,"column":0},"end":{"line":45,"column":9}},"45":{"start":{"line":46,"column":0},"end":{"line":46,"column":0}},"46":{"start":{"line":47,"column":0},"end":{"line":47,"column":123}},"47":{"start":{"line":48,"column":0},"end":{"line":48,"column":0}},"48":{"start":{"line":49,"column":0},"end":{"line":49,"column":105}},"49":{"start":{"line":50,"column":0},"end":{"line":50,"column":5}},"50":{"start":{"line":51,"column":0},"end":{"line":51,"column":4}},"51":{"start":{"line":52,"column":0},"end":{"line":52,"column":12}},"52":{"start":{"line":53,"column":0},"end":{"line":53,"column":18}},"53":{"start":{"line":54,"column":0},"end":{"line":54,"column":6}},"54":{"start":{"line":55,"column":0},"end":{"line":55,"column":1}}},"s":{"0":1,"1":1,"2":1,"3":1,"4":1,"5":1,"6":21,"7":21,"8":21,"9":21,"10":21,"11":8,"12":21,"13":5,"14":21,"15":8,"16":21,"17":21,"18":1,"19":1,"20":14,"21":6,"22":6,"23":6,"24":1,"25":1,"26":5,"27":5,"28":14,"29":14,"30":1,"31":1,"32":11,"33":11,"34":1,"35":1,"36":8,"37":8,"38":8,"39":8,"40":8,"41":8,"42":8,"43":3,"44":3,"45":5,"46":8,"47":8,"48":8,"49":8,"50":1,"51":1,"52":1,"53":1,"54":1},"branchMap":{"0":{"type":"branch","line":4,"loc":{"start":{"line":4,"column":0},"end":{"line":55,"column":1}},"locations":[{"start":{"line":4,"column":0},"end":{"line":55,"column":1}}]},"1":{"type":"branch","line":6,"loc":{"start":{"line":6,"column":4},"end":{"line":18,"column":5}},"locations":[{"start":{"line":6,"column":4},"end":{"line":18,"column":5}}]},"2":{"type":"branch","line":8,"loc":{"start":{"line":8,"column":12},"end":{"line":8,"column":32}},"locations":[{"start":{"line":8,"column":12},"end":{"line":8,"column":32}}]},"3":{"type":"branch","line":9,"loc":{"start":{"line":9,"column":12},"end":{"line":9,"column":31}},"locations":[{"start":{"line":9,"column":12},"end":{"line":9,"column":31}}]},"4":{"type":"branch","line":10,"loc":{"start":{"line":10,"column":12},"end":{"line":10,"column":31}},"locations":[{"start":{"line":10,"column":12},"end":{"line":10,"column":31}}]},"5":{"type":"branch","line":11,"loc":{"start":{"line":11,"column":12},"end":{"line":12,"column":38}},"locations":[{"start":{"line":11,"column":12},"end":{"line":12,"column":38}}]},"6":{"type":"branch","line":13,"loc":{"start":{"line":13,"column":12},"end":{"line":14,"column":33}},"locations":[{"start":{"line":13,"column":12},"end":{"line":14,"column":33}}]},"7":{"type":"branch","line":15,"loc":{"start":{"line":15,"column":12},"end":{"line":16,"column":55}},"locations":[{"start":{"line":15,"column":12},"end":{"line":16,"column":55}}]},"8":{"type":"branch","line":20,"loc":{"start":{"line":20,"column":4},"end":{"line":30,"column":5}},"locations":[{"start":{"line":20,"column":4},"end":{"line":30,"column":5}}]},"9":{"type":"branch","line":21,"loc":{"start":{"line":21,"column":28},"end":{"line":29,"column":9}},"locations":[{"start":{"line":21,"column":28},"end":{"line":29,"column":9}}]},"10":{"type":"branch","line":24,"loc":{"start":{"line":24,"column":55},"end":{"line":26,"column":13}},"locations":[{"start":{"line":24,"column":55},"end":{"line":26,"column":13}}]},"11":{"type":"branch","line":27,"loc":{"start":{"line":27,"column":-1},"end":{"line":29,"column":9}},"locations":[{"start":{"line":27,"column":-1},"end":{"line":29,"column":9}}]},"12":{"type":"branch","line":32,"loc":{"start":{"line":32,"column":4},"end":{"line":34,"column":5}},"locations":[{"start":{"line":32,"column":4},"end":{"line":34,"column":5}}]},"13":{"type":"branch","line":36,"loc":{"start":{"line":36,"column":4},"end":{"line":50,"column":5}},"locations":[{"start":{"line":36,"column":4},"end":{"line":50,"column":5}}]},"14":{"type":"branch","line":43,"loc":{"start":{"line":43,"column":38},"end":{"line":45,"column":9}},"locations":[{"start":{"line":43,"column":38},"end":{"line":45,"column":9}}]},"15":{"type":"branch","line":46,"loc":{"start":{"line":46,"column":-1},"end":{"line":47,"column":42}},"locations":[{"start":{"line":46,"column":-1},"end":{"line":47,"column":42}}]},"16":{"type":"branch","line":47,"loc":{"start":{"line":47,"column":38},"end":{"line":47,"column":121}},"locations":[{"start":{"line":47,"column":38},"end":{"line":47,"column":121}}]},"17":{"type":"branch","line":38,"loc":{"start":{"line":38,"column":20},"end":{"line":38,"column":36}},"locations":[{"start":{"line":38,"column":20},"end":{"line":38,"column":36}}]}},"b":{"0":[1],"1":[21],"2":[2],"3":[2],"4":[3],"5":[8],"6":[5],"7":[8],"8":[14],"9":[6],"10":[1],"11":[5],"12":[11],"13":[8],"14":[3],"15":[5],"16":[3],"17":[24]},"fnMap":{"0":{"name":"useTheme","decl":{"start":{"line":4,"column":0},"end":{"line":55,"column":1}},"loc":{"start":{"line":4,"column":0},"end":{"line":55,"column":1}},"line":4},"1":{"name":"transformArgument","decl":{"start":{"line":6,"column":4},"end":{"line":18,"column":5}},"loc":{"start":{"line":6,"column":4},"end":{"line":18,"column":5}},"line":6},"2":{"name":"transform","decl":{"start":{"line":20,"column":4},"end":{"line":30,"column":5}},"loc":{"start":{"line":20,"column":4},"end":{"line":30,"column":5}},"line":20},"3":{"name":"theme","decl":{"start":{"line":32,"column":4},"end":{"line":34,"column":5}},"loc":{"start":{"line":32,"column":4},"end":{"line":34,"column":5}},"line":32},"4":{"name":"themeColor","decl":{"start":{"line":36,"column":4},"end":{"line":50,"column":5}},"loc":{"start":{"line":36,"column":4},"end":{"line":50,"column":5}},"line":36}},"f":{"0":1,"1":21,"2":14,"3":11,"4":8}}
}
