{"/Users/justinkimbrell/Code/tailwind-colorize-plugin/grammar.js": {"path":"/Users/justinkimbrell/Code/tailwind-colorize-plugin/grammar.js","all":false,"statementMap":{"0":{"start":{"line":1,"column":0},"end":{"line":1,"column":28}},"1":{"start":{"line":2,"column":0},"end":{"line":2,"column":2}},"2":{"start":{"line":3,"column":0},"end":{"line":3,"column":23}},"3":{"start":{"line":4,"column":0},"end":{"line":4,"column":0}},"4":{"start":{"line":5,"column":0},"end":{"line":5,"column":13}},"5":{"start":{"line":6,"column":0},"end":{"line":6,"column":0}},"6":{"start":{"line":7,"column":0},"end":{"line":7,"column":0}},"7":{"start":{"line":8,"column":0},"end":{"line":8,"column":28}},"8":{"start":{"line":9,"column":0},"end":{"line":9,"column":35}},"9":{"start":{"line":10,"column":0},"end":{"line":10,"column":5}},"10":{"start":{"line":11,"column":0},"end":{"line":11,"column":0}},"11":{"start":{"line":12,"column":0},"end":{"line":12,"column":38}},"12":{"start":{"line":13,"column":0},"end":{"line":13,"column":44}},"13":{"start":{"line":14,"column":0},"end":{"line":14,"column":33}},"14":{"start":{"line":15,"column":0},"end":{"line":15,"column":28}},"15":{"start":{"line":16,"column":0},"end":{"line":16,"column":1}},"16":{"start":{"line":17,"column":0},"end":{"line":17,"column":0}},"17":{"start":{"line":18,"column":0},"end":{"line":18,"column":62}},"18":{"start":{"line":19,"column":0},"end":{"line":19,"column":39}},"19":{"start":{"line":20,"column":0},"end":{"line":20,"column":81}},"20":{"start":{"line":21,"column":0},"end":{"line":21,"column":30}},"21":{"start":{"line":22,"column":0},"end":{"line":22,"column":59}},"22":{"start":{"line":23,"column":0},"end":{"line":23,"column":3}},"23":{"start":{"line":24,"column":0},"end":{"line":24,"column":27}},"24":{"start":{"line":25,"column":0},"end":{"line":25,"column":21}},"25":{"start":{"line":26,"column":0},"end":{"line":26,"column":27}},"26":{"start":{"line":27,"column":0},"end":{"line":27,"column":28}},"27":{"start":{"line":28,"column":0},"end":{"line":28,"column":14}},"28":{"start":{"line":29,"column":0},"end":{"line":29,"column":1}},"29":{"start":{"line":30,"column":0},"end":{"line":30,"column":0}},"30":{"start":{"line":31,"column":0},"end":{"line":31,"column":37}},"31":{"start":{"line":32,"column":0},"end":{"line":32,"column":0}},"32":{"start":{"line":33,"column":0},"end":{"line":33,"column":51}},"33":{"start":{"line":34,"column":0},"end":{"line":34,"column":31}},"34":{"start":{"line":35,"column":0},"end":{"line":35,"column":48}},"35":{"start":{"line":36,"column":0},"end":{"line":36,"column":29}},"36":{"start":{"line":37,"column":0},"end":{"line":37,"column":46}},"37":{"start":{"line":38,"column":0},"end":{"line":38,"column":48}},"38":{"start":{"line":39,"column":0},"end":{"line":39,"column":1}},"39":{"start":{"line":40,"column":0},"end":{"line":40,"column":0}},"40":{"start":{"line":41,"column":0},"end":{"line":41,"column":54}},"41":{"start":{"line":42,"column":0},"end":{"line":42,"column":37}},"42":{"start":{"line":43,"column":0},"end":{"line":43,"column":22}},"43":{"start":{"line":44,"column":0},"end":{"line":44,"column":19}},"44":{"start":{"line":45,"column":0},"end":{"line":45,"column":10}},"45":{"start":{"line":46,"column":0},"end":{"line":46,"column":42}},"46":{"start":{"line":47,"column":0},"end":{"line":47,"column":55}},"47":{"start":{"line":48,"column":0},"end":{"line":48,"column":51}},"48":{"start":{"line":49,"column":0},"end":{"line":49,"column":14}},"49":{"start":{"line":50,"column":0},"end":{"line":50,"column":7}},"50":{"start":{"line":51,"column":0},"end":{"line":51,"column":5}},"51":{"start":{"line":52,"column":0},"end":{"line":52,"column":32}},"52":{"start":{"line":53,"column":0},"end":{"line":53,"column":67}},"53":{"start":{"line":54,"column":0},"end":{"line":54,"column":14}},"54":{"start":{"line":55,"column":0},"end":{"line":55,"column":32}},"55":{"start":{"line":56,"column":0},"end":{"line":56,"column":65}},"56":{"start":{"line":57,"column":0},"end":{"line":57,"column":33}},"57":{"start":{"line":58,"column":0},"end":{"line":58,"column":64}},"58":{"start":{"line":59,"column":0},"end":{"line":59,"column":42}},"59":{"start":{"line":60,"column":0},"end":{"line":60,"column":35}},"60":{"start":{"line":61,"column":0},"end":{"line":61,"column":27}},"61":{"start":{"line":62,"column":0},"end":{"line":62,"column":40}},"62":{"start":{"line":63,"column":0},"end":{"line":63,"column":62}},"63":{"start":{"line":64,"column":0},"end":{"line":64,"column":40}},"64":{"start":{"line":65,"column":0},"end":{"line":65,"column":12}},"65":{"start":{"line":66,"column":0},"end":{"line":66,"column":28}},"66":{"start":{"line":67,"column":0},"end":{"line":67,"column":5}},"67":{"start":{"line":68,"column":0},"end":{"line":68,"column":3}},"68":{"start":{"line":69,"column":0},"end":{"line":69,"column":13}},"69":{"start":{"line":70,"column":0},"end":{"line":70,"column":2}},"70":{"start":{"line":71,"column":0},"end":{"line":71,"column":0}},"71":{"start":{"line":72,"column":0},"end":{"line":72,"column":58}},"72":{"start":{"line":73,"column":0},"end":{"line":73,"column":34}},"73":{"start":{"line":74,"column":0},"end":{"line":74,"column":36}},"74":{"start":{"line":75,"column":0},"end":{"line":75,"column":59}},"75":{"start":{"line":76,"column":0},"end":{"line":76,"column":6}},"76":{"start":{"line":77,"column":0},"end":{"line":77,"column":0}},"77":{"start":{"line":78,"column":0},"end":{"line":78,"column":34}},"78":{"start":{"line":79,"column":0},"end":{"line":79,"column":63}},"79":{"start":{"line":80,"column":0},"end":{"line":80,"column":34}},"80":{"start":{"line":81,"column":0},"end":{"line":81,"column":61}},"81":{"start":{"line":82,"column":0},"end":{"line":82,"column":30}},"82":{"start":{"line":83,"column":0},"end":{"line":83,"column":9}},"83":{"start":{"line":84,"column":0},"end":{"line":84,"column":0}},"84":{"start":{"line":85,"column":0},"end":{"line":85,"column":83}},"85":{"start":{"line":86,"column":0},"end":{"line":86,"column":6}},"86":{"start":{"line":87,"column":0},"end":{"line":87,"column":0}},"87":{"start":{"line":88,"column":0},"end":{"line":88,"column":21}},"88":{"start":{"line":89,"column":0},"end":{"line":89,"column":29}},"89":{"start":{"line":90,"column":0},"end":{"line":90,"column":6}},"90":{"start":{"line":91,"column":0},"end":{"line":91,"column":0}},"91":{"start":{"line":92,"column":0},"end":{"line":92,"column":21}},"92":{"start":{"line":93,"column":0},"end":{"line":93,"column":28}},"93":{"start":{"line":94,"column":0},"end":{"line":94,"column":6}},"94":{"start":{"line":95,"column":0},"end":{"line":95,"column":0}},"95":{"start":{"line":96,"column":0},"end":{"line":96,"column":34}},"96":{"start":{"line":97,"column":0},"end":{"line":97,"column":37}},"97":{"start":{"line":98,"column":0},"end":{"line":98,"column":5}},"98":{"start":{"line":99,"column":0},"end":{"line":99,"column":4}},"99":{"start":{"line":100,"column":0},"end":{"line":100,"column":0}},"100":{"start":{"line":101,"column":0},"end":{"line":101,"column":20}},"101":{"start":{"line":102,"column":0},"end":{"line":102,"column":55}},"102":{"start":{"line":103,"column":0},"end":{"line":103,"column":3}},"103":{"start":{"line":104,"column":0},"end":{"line":104,"column":0}},"104":{"start":{"line":105,"column":0},"end":{"line":105,"column":29}},"105":{"start":{"line":106,"column":0},"end":{"line":106,"column":12}},"106":{"start":{"line":107,"column":0},"end":{"line":107,"column":29}},"107":{"start":{"line":108,"column":0},"end":{"line":108,"column":29}},"108":{"start":{"line":109,"column":0},"end":{"line":109,"column":28}},"109":{"start":{"line":110,"column":0},"end":{"line":110,"column":28}},"110":{"start":{"line":111,"column":0},"end":{"line":111,"column":28}},"111":{"start":{"line":112,"column":0},"end":{"line":112,"column":28}},"112":{"start":{"line":113,"column":0},"end":{"line":113,"column":82}},"113":{"start":{"line":114,"column":0},"end":{"line":114,"column":83}},"114":{"start":{"line":115,"column":0},"end":{"line":115,"column":3}},"115":{"start":{"line":116,"column":0},"end":{"line":116,"column":0}},"116":{"start":{"line":117,"column":0},"end":{"line":117,"column":27}},"117":{"start":{"line":118,"column":0},"end":{"line":118,"column":12}},"118":{"start":{"line":119,"column":0},"end":{"line":119,"column":29}},"119":{"start":{"line":120,"column":0},"end":{"line":120,"column":28}},"120":{"start":{"line":121,"column":0},"end":{"line":121,"column":28}},"121":{"start":{"line":122,"column":0},"end":{"line":122,"column":28}},"122":{"start":{"line":123,"column":0},"end":{"line":123,"column":28}},"123":{"start":{"line":124,"column":0},"end":{"line":124,"column":28}},"124":{"start":{"line":125,"column":0},"end":{"line":125,"column":28}},"125":{"start":{"line":126,"column":0},"end":{"line":126,"column":28}},"126":{"start":{"line":127,"column":0},"end":{"line":127,"column":82}},"127":{"start":{"line":128,"column":0},"end":{"line":128,"column":83}},"128":{"start":{"line":129,"column":0},"end":{"line":129,"column":3}},"129":{"start":{"line":130,"column":0},"end":{"line":130,"column":0}},"130":{"start":{"line":131,"column":0},"end":{"line":131,"column":45}},"131":{"start":{"line":132,"column":0},"end":{"line":132,"column":67}},"132":{"start":{"line":133,"column":0},"end":{"line":133,"column":3}},"133":{"start":{"line":134,"column":0},"end":{"line":134,"column":0}},"134":{"start":{"line":135,"column":0},"end":{"line":135,"column":39}},"135":{"start":{"line":136,"column":0},"end":{"line":136,"column":57}},"136":{"start":{"line":137,"column":0},"end":{"line":137,"column":13}},"137":{"start":{"line":138,"column":0},"end":{"line":138,"column":0}},"138":{"start":{"line":139,"column":0},"end":{"line":139,"column":24}},"139":{"start":{"line":140,"column":0},"end":{"line":140,"column":0}},"140":{"start":{"line":141,"column":0},"end":{"line":141,"column":34}},"141":{"start":{"line":142,"column":0},"end":{"line":142,"column":56}},"142":{"start":{"line":143,"column":0},"end":{"line":143,"column":54}},"143":{"start":{"line":144,"column":0},"end":{"line":144,"column":44}},"144":{"start":{"line":145,"column":0},"end":{"line":145,"column":14}},"145":{"start":{"line":146,"column":0},"end":{"line":146,"column":9}},"146":{"start":{"line":147,"column":0},"end":{"line":147,"column":7}},"147":{"start":{"line":148,"column":0},"end":{"line":148,"column":30}},"148":{"start":{"line":149,"column":0},"end":{"line":149,"column":5}},"149":{"start":{"line":150,"column":0},"end":{"line":150,"column":0}},"150":{"start":{"line":151,"column":0},"end":{"line":151,"column":34}},"151":{"start":{"line":152,"column":0},"end":{"line":152,"column":13}},"152":{"start":{"line":153,"column":0},"end":{"line":153,"column":31}},"153":{"start":{"line":154,"column":0},"end":{"line":154,"column":0}},"154":{"start":{"line":155,"column":0},"end":{"line":155,"column":13}},"155":{"start":{"line":156,"column":0},"end":{"line":156,"column":58}},"156":{"start":{"line":157,"column":0},"end":{"line":157,"column":0}},"157":{"start":{"line":158,"column":0},"end":{"line":158,"column":14}},"158":{"start":{"line":159,"column":0},"end":{"line":159,"column":51}},"159":{"start":{"line":160,"column":0},"end":{"line":160,"column":19}},"160":{"start":{"line":161,"column":0},"end":{"line":161,"column":50}},"161":{"start":{"line":162,"column":0},"end":{"line":162,"column":5}},"162":{"start":{"line":163,"column":0},"end":{"line":163,"column":3}},"163":{"start":{"line":164,"column":0},"end":{"line":164,"column":0}},"164":{"start":{"line":165,"column":0},"end":{"line":165,"column":33}},"165":{"start":{"line":166,"column":0},"end":{"line":166,"column":71}},"166":{"start":{"line":167,"column":0},"end":{"line":167,"column":3}},"167":{"start":{"line":168,"column":0},"end":{"line":168,"column":0}},"168":{"start":{"line":169,"column":0},"end":{"line":169,"column":95}},"169":{"start":{"line":170,"column":0},"end":{"line":170,"column":2}},"170":{"start":{"line":171,"column":0},"end":{"line":171,"column":0}},"171":{"start":{"line":172,"column":0},"end":{"line":172,"column":36}},"172":{"start":{"line":173,"column":0},"end":{"line":173,"column":49}},"173":{"start":{"line":174,"column":0},"end":{"line":174,"column":0}},"174":{"start":{"line":175,"column":0},"end":{"line":175,"column":22}},"175":{"start":{"line":176,"column":0},"end":{"line":176,"column":41}},"176":{"start":{"line":177,"column":0},"end":{"line":177,"column":0}},"177":{"start":{"line":178,"column":0},"end":{"line":178,"column":57}},"178":{"start":{"line":179,"column":0},"end":{"line":179,"column":45}},"179":{"start":{"line":180,"column":0},"end":{"line":180,"column":0}},"180":{"start":{"line":181,"column":0},"end":{"line":181,"column":19}},"181":{"start":{"line":182,"column":0},"end":{"line":182,"column":19}},"182":{"start":{"line":183,"column":0},"end":{"line":183,"column":22}},"183":{"start":{"line":184,"column":0},"end":{"line":184,"column":19}},"184":{"start":{"line":185,"column":0},"end":{"line":185,"column":19}},"185":{"start":{"line":186,"column":0},"end":{"line":186,"column":19}},"186":{"start":{"line":187,"column":0},"end":{"line":187,"column":22}},"187":{"start":{"line":188,"column":0},"end":{"line":188,"column":19}},"188":{"start":{"line":189,"column":0},"end":{"line":189,"column":0}},"189":{"start":{"line":190,"column":0},"end":{"line":190,"column":24}},"190":{"start":{"line":191,"column":0},"end":{"line":191,"column":30}},"191":{"start":{"line":192,"column":0},"end":{"line":192,"column":27}},"192":{"start":{"line":193,"column":0},"end":{"line":193,"column":30}},"193":{"start":{"line":194,"column":0},"end":{"line":194,"column":22}},"194":{"start":{"line":195,"column":0},"end":{"line":195,"column":25}},"195":{"start":{"line":196,"column":0},"end":{"line":196,"column":0}},"196":{"start":{"line":197,"column":0},"end":{"line":197,"column":64}},"197":{"start":{"line":198,"column":0},"end":{"line":198,"column":50}},"198":{"start":{"line":199,"column":0},"end":{"line":199,"column":88}},"199":{"start":{"line":200,"column":0},"end":{"line":200,"column":76}},"200":{"start":{"line":201,"column":0},"end":{"line":201,"column":88}},"201":{"start":{"line":202,"column":0},"end":{"line":202,"column":50}},"202":{"start":{"line":203,"column":0},"end":{"line":203,"column":53}},"203":{"start":{"line":204,"column":0},"end":{"line":204,"column":50}},"204":{"start":{"line":205,"column":0},"end":{"line":205,"column":50}},"205":{"start":{"line":206,"column":0},"end":{"line":206,"column":57}},"206":{"start":{"line":207,"column":0},"end":{"line":207,"column":70}},"207":{"start":{"line":208,"column":0},"end":{"line":208,"column":51}},"208":{"start":{"line":209,"column":0},"end":{"line":209,"column":54}},"209":{"start":{"line":210,"column":0},"end":{"line":210,"column":51}},"210":{"start":{"line":211,"column":0},"end":{"line":211,"column":0}},"211":{"start":{"line":212,"column":0},"end":{"line":212,"column":42}},"212":{"start":{"line":213,"column":0},"end":{"line":213,"column":44}},"213":{"start":{"line":214,"column":0},"end":{"line":214,"column":37}},"214":{"start":{"line":215,"column":0},"end":{"line":215,"column":57}},"215":{"start":{"line":216,"column":0},"end":{"line":216,"column":9}},"216":{"start":{"line":217,"column":0},"end":{"line":217,"column":6}},"217":{"start":{"line":218,"column":0},"end":{"line":218,"column":57}},"218":{"start":{"line":219,"column":0},"end":{"line":219,"column":57}},"219":{"start":{"line":220,"column":0},"end":{"line":220,"column":48}},"220":{"start":{"line":221,"column":0},"end":{"line":221,"column":39}},"221":{"start":{"line":222,"column":0},"end":{"line":222,"column":42}},"222":{"start":{"line":223,"column":0},"end":{"line":223,"column":35}},"223":{"start":{"line":224,"column":0},"end":{"line":224,"column":29}},"224":{"start":{"line":225,"column":0},"end":{"line":225,"column":33}},"225":{"start":{"line":226,"column":0},"end":{"line":226,"column":10}},"226":{"start":{"line":227,"column":0},"end":{"line":227,"column":6}},"227":{"start":{"line":228,"column":0},"end":{"line":228,"column":54}},"228":{"start":{"line":229,"column":0},"end":{"line":229,"column":32}},"229":{"start":{"line":230,"column":0},"end":{"line":230,"column":43}},"230":{"start":{"line":231,"column":0},"end":{"line":231,"column":36}},"231":{"start":{"line":232,"column":0},"end":{"line":232,"column":38}},"232":{"start":{"line":233,"column":0},"end":{"line":233,"column":9}},"233":{"start":{"line":234,"column":0},"end":{"line":234,"column":6}},"234":{"start":{"line":235,"column":0},"end":{"line":235,"column":57}},"235":{"start":{"line":236,"column":0},"end":{"line":236,"column":32}},"236":{"start":{"line":237,"column":0},"end":{"line":237,"column":43}},"237":{"start":{"line":238,"column":0},"end":{"line":238,"column":36}},"238":{"start":{"line":239,"column":0},"end":{"line":239,"column":38}},"239":{"start":{"line":240,"column":0},"end":{"line":240,"column":9}},"240":{"start":{"line":241,"column":0},"end":{"line":241,"column":6}},"241":{"start":{"line":242,"column":0},"end":{"line":242,"column":31}},"242":{"start":{"line":243,"column":0},"end":{"line":243,"column":43}},"243":{"start":{"line":244,"column":0},"end":{"line":244,"column":36}},"244":{"start":{"line":245,"column":0},"end":{"line":245,"column":35}},"245":{"start":{"line":246,"column":0},"end":{"line":246,"column":9}},"246":{"start":{"line":247,"column":0},"end":{"line":247,"column":6}},"247":{"start":{"line":248,"column":0},"end":{"line":248,"column":32}},"248":{"start":{"line":249,"column":0},"end":{"line":249,"column":44}},"249":{"start":{"line":250,"column":0},"end":{"line":250,"column":37}},"250":{"start":{"line":251,"column":0},"end":{"line":251,"column":35}},"251":{"start":{"line":252,"column":0},"end":{"line":252,"column":9}},"252":{"start":{"line":253,"column":0},"end":{"line":253,"column":6}},"253":{"start":{"line":254,"column":0},"end":{"line":254,"column":43}},"254":{"start":{"line":255,"column":0},"end":{"line":255,"column":38}},"255":{"start":{"line":256,"column":0},"end":{"line":256,"column":42}},"256":{"start":{"line":257,"column":0},"end":{"line":257,"column":35}},"257":{"start":{"line":258,"column":0},"end":{"line":258,"column":29}},"258":{"start":{"line":259,"column":0},"end":{"line":259,"column":65}},"259":{"start":{"line":260,"column":0},"end":{"line":260,"column":34}},"260":{"start":{"line":261,"column":0},"end":{"line":261,"column":44}},"261":{"start":{"line":262,"column":0},"end":{"line":262,"column":17}},"262":{"start":{"line":263,"column":0},"end":{"line":263,"column":0}},"263":{"start":{"line":264,"column":0},"end":{"line":264,"column":31}},"264":{"start":{"line":265,"column":0},"end":{"line":265,"column":15}},"265":{"start":{"line":266,"column":0},"end":{"line":266,"column":9}},"266":{"start":{"line":267,"column":0},"end":{"line":267,"column":6}},"267":{"start":{"line":268,"column":0},"end":{"line":268,"column":52}},"268":{"start":{"line":269,"column":0},"end":{"line":269,"column":22}},"269":{"start":{"line":270,"column":0},"end":{"line":270,"column":23}},"270":{"start":{"line":271,"column":0},"end":{"line":271,"column":53}},"271":{"start":{"line":272,"column":0},"end":{"line":272,"column":25}},"272":{"start":{"line":273,"column":0},"end":{"line":273,"column":31}},"273":{"start":{"line":274,"column":0},"end":{"line":274,"column":26}},"274":{"start":{"line":275,"column":0},"end":{"line":275,"column":0}},"275":{"start":{"line":276,"column":0},"end":{"line":276,"column":17}},"276":{"start":{"line":277,"column":0},"end":{"line":277,"column":0}},"277":{"start":{"line":278,"column":0},"end":{"line":278,"column":31}},"278":{"start":{"line":279,"column":0},"end":{"line":279,"column":57}},"279":{"start":{"line":280,"column":0},"end":{"line":280,"column":86}},"280":{"start":{"line":281,"column":0},"end":{"line":281,"column":5}},"281":{"start":{"line":282,"column":0},"end":{"line":282,"column":0}},"282":{"start":{"line":283,"column":0},"end":{"line":283,"column":70}},"283":{"start":{"line":284,"column":0},"end":{"line":284,"column":3}},"284":{"start":{"line":285,"column":0},"end":{"line":285,"column":0}},"285":{"start":{"line":286,"column":0},"end":{"line":286,"column":19}},"286":{"start":{"line":287,"column":0},"end":{"line":287,"column":54}},"287":{"start":{"line":288,"column":0},"end":{"line":288,"column":3}},"288":{"start":{"line":289,"column":0},"end":{"line":289,"column":0}},"289":{"start":{"line":290,"column":0},"end":{"line":290,"column":21}},"290":{"start":{"line":291,"column":0},"end":{"line":291,"column":24}},"291":{"start":{"line":292,"column":0},"end":{"line":292,"column":3}},"292":{"start":{"line":293,"column":0},"end":{"line":293,"column":0}},"293":{"start":{"line":294,"column":0},"end":{"line":294,"column":20}},"294":{"start":{"line":295,"column":0},"end":{"line":295,"column":12}},"295":{"start":{"line":296,"column":0},"end":{"line":296,"column":25}},"296":{"start":{"line":297,"column":0},"end":{"line":297,"column":26}},"297":{"start":{"line":298,"column":0},"end":{"line":298,"column":22}},"298":{"start":{"line":299,"column":0},"end":{"line":299,"column":6}},"299":{"start":{"line":300,"column":0},"end":{"line":300,"column":3}},"300":{"start":{"line":301,"column":0},"end":{"line":301,"column":0}},"301":{"start":{"line":302,"column":0},"end":{"line":302,"column":23}},"302":{"start":{"line":303,"column":0},"end":{"line":303,"column":58}},"303":{"start":{"line":304,"column":0},"end":{"line":304,"column":3}},"304":{"start":{"line":305,"column":0},"end":{"line":305,"column":0}},"305":{"start":{"line":306,"column":0},"end":{"line":306,"column":44}},"306":{"start":{"line":307,"column":0},"end":{"line":307,"column":37}},"307":{"start":{"line":308,"column":0},"end":{"line":308,"column":16}},"308":{"start":{"line":309,"column":0},"end":{"line":309,"column":55}},"309":{"start":{"line":310,"column":0},"end":{"line":310,"column":0}},"310":{"start":{"line":311,"column":0},"end":{"line":311,"column":35}},"311":{"start":{"line":312,"column":0},"end":{"line":312,"column":42}},"312":{"start":{"line":313,"column":0},"end":{"line":313,"column":49}},"313":{"start":{"line":314,"column":0},"end":{"line":314,"column":14}},"314":{"start":{"line":315,"column":0},"end":{"line":315,"column":6}},"315":{"start":{"line":316,"column":0},"end":{"line":316,"column":3}},"316":{"start":{"line":317,"column":0},"end":{"line":317,"column":0}},"317":{"start":{"line":318,"column":0},"end":{"line":318,"column":37}},"318":{"start":{"line":319,"column":0},"end":{"line":319,"column":37}},"319":{"start":{"line":320,"column":0},"end":{"line":320,"column":16}},"320":{"start":{"line":321,"column":0},"end":{"line":321,"column":55}},"321":{"start":{"line":322,"column":0},"end":{"line":322,"column":0}},"322":{"start":{"line":323,"column":0},"end":{"line":323,"column":50}},"323":{"start":{"line":324,"column":0},"end":{"line":324,"column":3}},"324":{"start":{"line":325,"column":0},"end":{"line":325,"column":0}},"325":{"start":{"line":326,"column":0},"end":{"line":326,"column":53}},"326":{"start":{"line":327,"column":0},"end":{"line":327,"column":67}},"327":{"start":{"line":328,"column":0},"end":{"line":328,"column":3}},"328":{"start":{"line":329,"column":0},"end":{"line":329,"column":0}},"329":{"start":{"line":330,"column":0},"end":{"line":330,"column":62}},"330":{"start":{"line":331,"column":0},"end":{"line":331,"column":87}},"331":{"start":{"line":332,"column":0},"end":{"line":332,"column":3}},"332":{"start":{"line":333,"column":0},"end":{"line":333,"column":0}},"333":{"start":{"line":334,"column":0},"end":{"line":334,"column":33}},"334":{"start":{"line":335,"column":0},"end":{"line":335,"column":27}},"335":{"start":{"line":336,"column":0},"end":{"line":336,"column":3}},"336":{"start":{"line":337,"column":0},"end":{"line":337,"column":0}},"337":{"start":{"line":338,"column":0},"end":{"line":338,"column":33}},"338":{"start":{"line":339,"column":0},"end":{"line":339,"column":27}},"339":{"start":{"line":340,"column":0},"end":{"line":340,"column":3}},"340":{"start":{"line":341,"column":0},"end":{"line":341,"column":0}},"341":{"start":{"line":342,"column":0},"end":{"line":342,"column":46}},"342":{"start":{"line":343,"column":0},"end":{"line":343,"column":55}},"343":{"start":{"line":344,"column":0},"end":{"line":344,"column":3}},"344":{"start":{"line":345,"column":0},"end":{"line":345,"column":0}},"345":{"start":{"line":346,"column":0},"end":{"line":346,"column":39}},"346":{"start":{"line":347,"column":0},"end":{"line":347,"column":43}},"347":{"start":{"line":348,"column":0},"end":{"line":348,"column":10}},"348":{"start":{"line":349,"column":0},"end":{"line":349,"column":0}},"349":{"start":{"line":350,"column":0},"end":{"line":350,"column":18}},"350":{"start":{"line":351,"column":0},"end":{"line":351,"column":21}},"351":{"start":{"line":352,"column":0},"end":{"line":352,"column":12}},"352":{"start":{"line":353,"column":0},"end":{"line":353,"column":18}},"353":{"start":{"line":354,"column":0},"end":{"line":354,"column":39}},"354":{"start":{"line":355,"column":0},"end":{"line":355,"column":12}},"355":{"start":{"line":356,"column":0},"end":{"line":356,"column":7}},"356":{"start":{"line":357,"column":0},"end":{"line":357,"column":0}},"357":{"start":{"line":358,"column":0},"end":{"line":358,"column":39}},"358":{"start":{"line":359,"column":0},"end":{"line":359,"column":17}},"359":{"start":{"line":360,"column":0},"end":{"line":360,"column":27}},"360":{"start":{"line":361,"column":0},"end":{"line":361,"column":30}},"361":{"start":{"line":362,"column":0},"end":{"line":362,"column":8}},"362":{"start":{"line":363,"column":0},"end":{"line":363,"column":0}},"363":{"start":{"line":364,"column":0},"end":{"line":364,"column":23}},"364":{"start":{"line":365,"column":0},"end":{"line":365,"column":41}},"365":{"start":{"line":366,"column":0},"end":{"line":366,"column":25}},"366":{"start":{"line":367,"column":0},"end":{"line":367,"column":29}},"367":{"start":{"line":368,"column":0},"end":{"line":368,"column":16}},"368":{"start":{"line":369,"column":0},"end":{"line":369,"column":27}},"369":{"start":{"line":370,"column":0},"end":{"line":370,"column":9}},"370":{"start":{"line":371,"column":0},"end":{"line":371,"column":0}},"371":{"start":{"line":372,"column":0},"end":{"line":372,"column":12}},"372":{"start":{"line":373,"column":0},"end":{"line":373,"column":7}},"373":{"start":{"line":374,"column":0},"end":{"line":374,"column":0}},"374":{"start":{"line":375,"column":0},"end":{"line":375,"column":41}},"375":{"start":{"line":376,"column":0},"end":{"line":376,"column":0}},"376":{"start":{"line":377,"column":0},"end":{"line":377,"column":21}},"377":{"start":{"line":378,"column":0},"end":{"line":378,"column":5}},"378":{"start":{"line":379,"column":0},"end":{"line":379,"column":3}},"379":{"start":{"line":380,"column":0},"end":{"line":380,"column":0}},"380":{"start":{"line":381,"column":0},"end":{"line":381,"column":50}},"381":{"start":{"line":382,"column":0},"end":{"line":382,"column":58}},"382":{"start":{"line":383,"column":0},"end":{"line":383,"column":54}},"383":{"start":{"line":384,"column":0},"end":{"line":384,"column":0}},"384":{"start":{"line":385,"column":0},"end":{"line":385,"column":12}},"385":{"start":{"line":386,"column":0},"end":{"line":386,"column":25}},"386":{"start":{"line":387,"column":0},"end":{"line":387,"column":14}},"387":{"start":{"line":388,"column":0},"end":{"line":388,"column":25}},"388":{"start":{"line":389,"column":0},"end":{"line":389,"column":35}},"389":{"start":{"line":390,"column":0},"end":{"line":390,"column":38}},"390":{"start":{"line":391,"column":0},"end":{"line":391,"column":8}},"391":{"start":{"line":392,"column":0},"end":{"line":392,"column":12}},"392":{"start":{"line":393,"column":0},"end":{"line":393,"column":23}},"393":{"start":{"line":394,"column":0},"end":{"line":394,"column":33}},"394":{"start":{"line":395,"column":0},"end":{"line":395,"column":36}},"395":{"start":{"line":396,"column":0},"end":{"line":396,"column":7}},"396":{"start":{"line":397,"column":0},"end":{"line":397,"column":6}},"397":{"start":{"line":398,"column":0},"end":{"line":398,"column":3}},"398":{"start":{"line":399,"column":0},"end":{"line":399,"column":0}},"399":{"start":{"line":400,"column":0},"end":{"line":400,"column":31}},"400":{"start":{"line":401,"column":0},"end":{"line":401,"column":49}},"401":{"start":{"line":402,"column":0},"end":{"line":402,"column":0}},"402":{"start":{"line":403,"column":0},"end":{"line":403,"column":39}},"403":{"start":{"line":404,"column":0},"end":{"line":404,"column":35}},"404":{"start":{"line":405,"column":0},"end":{"line":405,"column":31}},"405":{"start":{"line":406,"column":0},"end":{"line":406,"column":5}},"406":{"start":{"line":407,"column":0},"end":{"line":407,"column":0}},"407":{"start":{"line":408,"column":0},"end":{"line":408,"column":39}},"408":{"start":{"line":409,"column":0},"end":{"line":409,"column":3}},"409":{"start":{"line":410,"column":0},"end":{"line":410,"column":0}},"410":{"start":{"line":411,"column":0},"end":{"line":411,"column":52}},"411":{"start":{"line":412,"column":0},"end":{"line":412,"column":62}},"412":{"start":{"line":413,"column":0},"end":{"line":413,"column":3}},"413":{"start":{"line":414,"column":0},"end":{"line":414,"column":0}},"414":{"start":{"line":415,"column":0},"end":{"line":415,"column":64}},"415":{"start":{"line":416,"column":0},"end":{"line":416,"column":31}},"416":{"start":{"line":417,"column":0},"end":{"line":417,"column":52}},"417":{"start":{"line":418,"column":0},"end":{"line":418,"column":15}},"418":{"start":{"line":419,"column":0},"end":{"line":419,"column":12}},"419":{"start":{"line":420,"column":0},"end":{"line":420,"column":14}},"420":{"start":{"line":421,"column":0},"end":{"line":421,"column":6}},"421":{"start":{"line":422,"column":0},"end":{"line":422,"column":3}},"422":{"start":{"line":423,"column":0},"end":{"line":423,"column":0}},"423":{"start":{"line":424,"column":0},"end":{"line":424,"column":29}},"424":{"start":{"line":425,"column":0},"end":{"line":425,"column":11}},"425":{"start":{"line":426,"column":0},"end":{"line":426,"column":0}},"426":{"start":{"line":427,"column":0},"end":{"line":427,"column":31}},"427":{"start":{"line":428,"column":0},"end":{"line":428,"column":0}},"428":{"start":{"line":429,"column":0},"end":{"line":429,"column":14}},"429":{"start":{"line":430,"column":0},"end":{"line":430,"column":3}},"430":{"start":{"line":431,"column":0},"end":{"line":431,"column":0}},"431":{"start":{"line":432,"column":0},"end":{"line":432,"column":34}},"432":{"start":{"line":433,"column":0},"end":{"line":433,"column":19}},"433":{"start":{"line":434,"column":0},"end":{"line":434,"column":0}},"434":{"start":{"line":435,"column":0},"end":{"line":435,"column":21}},"435":{"start":{"line":436,"column":0},"end":{"line":436,"column":26}},"436":{"start":{"line":437,"column":0},"end":{"line":437,"column":28}},"437":{"start":{"line":438,"column":0},"end":{"line":438,"column":33}},"438":{"start":{"line":439,"column":0},"end":{"line":439,"column":20}},"439":{"start":{"line":440,"column":0},"end":{"line":440,"column":14}},"440":{"start":{"line":441,"column":0},"end":{"line":441,"column":12}},"441":{"start":{"line":442,"column":0},"end":{"line":442,"column":23}},"442":{"start":{"line":443,"column":0},"end":{"line":443,"column":22}},"443":{"start":{"line":444,"column":0},"end":{"line":444,"column":5}},"444":{"start":{"line":445,"column":0},"end":{"line":445,"column":0}},"445":{"start":{"line":446,"column":0},"end":{"line":446,"column":14}},"446":{"start":{"line":447,"column":0},"end":{"line":447,"column":3}},"447":{"start":{"line":448,"column":0},"end":{"line":448,"column":0}},"448":{"start":{"line":449,"column":0},"end":{"line":449,"column":29}},"449":{"start":{"line":450,"column":0},"end":{"line":450,"column":11}},"450":{"start":{"line":451,"column":0},"end":{"line":451,"column":0}},"451":{"start":{"line":452,"column":0},"end":{"line":452,"column":49}},"452":{"start":{"line":453,"column":0},"end":{"line":453,"column":37}},"453":{"start":{"line":454,"column":0},"end":{"line":454,"column":20}},"454":{"start":{"line":455,"column":0},"end":{"line":455,"column":12}},"455":{"start":{"line":456,"column":0},"end":{"line":456,"column":22}},"456":{"start":{"line":457,"column":0},"end":{"line":457,"column":54}},"457":{"start":{"line":458,"column":0},"end":{"line":458,"column":5}},"458":{"start":{"line":459,"column":0},"end":{"line":459,"column":0}},"459":{"start":{"line":460,"column":0},"end":{"line":460,"column":14}},"460":{"start":{"line":461,"column":0},"end":{"line":461,"column":3}},"461":{"start":{"line":462,"column":0},"end":{"line":462,"column":0}},"462":{"start":{"line":463,"column":0},"end":{"line":463,"column":30}},"463":{"start":{"line":464,"column":0},"end":{"line":464,"column":23}},"464":{"start":{"line":465,"column":0},"end":{"line":465,"column":0}},"465":{"start":{"line":466,"column":0},"end":{"line":466,"column":21}},"466":{"start":{"line":467,"column":0},"end":{"line":467,"column":47}},"467":{"start":{"line":468,"column":0},"end":{"line":468,"column":18}},"468":{"start":{"line":469,"column":0},"end":{"line":469,"column":20}},"469":{"start":{"line":470,"column":0},"end":{"line":470,"column":12}},"470":{"start":{"line":471,"column":0},"end":{"line":471,"column":22}},"471":{"start":{"line":472,"column":0},"end":{"line":472,"column":54}},"472":{"start":{"line":473,"column":0},"end":{"line":473,"column":5}},"473":{"start":{"line":474,"column":0},"end":{"line":474,"column":28}},"474":{"start":{"line":475,"column":0},"end":{"line":475,"column":16}},"475":{"start":{"line":476,"column":0},"end":{"line":476,"column":5}},"476":{"start":{"line":477,"column":0},"end":{"line":477,"column":12}},"477":{"start":{"line":478,"column":0},"end":{"line":478,"column":26}},"478":{"start":{"line":479,"column":0},"end":{"line":479,"column":28}},"479":{"start":{"line":480,"column":0},"end":{"line":480,"column":33}},"480":{"start":{"line":481,"column":0},"end":{"line":481,"column":20}},"481":{"start":{"line":482,"column":0},"end":{"line":482,"column":30}},"482":{"start":{"line":483,"column":0},"end":{"line":483,"column":7}},"483":{"start":{"line":484,"column":0},"end":{"line":484,"column":12}},"484":{"start":{"line":485,"column":0},"end":{"line":485,"column":22}},"485":{"start":{"line":486,"column":0},"end":{"line":486,"column":5}},"486":{"start":{"line":487,"column":0},"end":{"line":487,"column":28}},"487":{"start":{"line":488,"column":0},"end":{"line":488,"column":24}},"488":{"start":{"line":489,"column":0},"end":{"line":489,"column":26}},"489":{"start":{"line":490,"column":0},"end":{"line":490,"column":12}},"490":{"start":{"line":491,"column":0},"end":{"line":491,"column":23}},"491":{"start":{"line":492,"column":0},"end":{"line":492,"column":22}},"492":{"start":{"line":493,"column":0},"end":{"line":493,"column":5}},"493":{"start":{"line":494,"column":0},"end":{"line":494,"column":0}},"494":{"start":{"line":495,"column":0},"end":{"line":495,"column":14}},"495":{"start":{"line":496,"column":0},"end":{"line":496,"column":3}},"496":{"start":{"line":497,"column":0},"end":{"line":497,"column":0}},"497":{"start":{"line":498,"column":0},"end":{"line":498,"column":30}},"498":{"start":{"line":499,"column":0},"end":{"line":499,"column":19}},"499":{"start":{"line":500,"column":0},"end":{"line":500,"column":0}},"500":{"start":{"line":501,"column":0},"end":{"line":501,"column":21}},"501":{"start":{"line":502,"column":0},"end":{"line":502,"column":12}},"502":{"start":{"line":503,"column":0},"end":{"line":503,"column":49}},"503":{"start":{"line":504,"column":0},"end":{"line":504,"column":37}},"504":{"start":{"line":505,"column":0},"end":{"line":505,"column":20}},"505":{"start":{"line":506,"column":0},"end":{"line":506,"column":12}},"506":{"start":{"line":507,"column":0},"end":{"line":507,"column":22}},"507":{"start":{"line":508,"column":0},"end":{"line":508,"column":54}},"508":{"start":{"line":509,"column":0},"end":{"line":509,"column":5}},"509":{"start":{"line":510,"column":0},"end":{"line":510,"column":28}},"510":{"start":{"line":511,"column":0},"end":{"line":511,"column":33}},"511":{"start":{"line":512,"column":0},"end":{"line":512,"column":20}},"512":{"start":{"line":513,"column":0},"end":{"line":513,"column":53}},"513":{"start":{"line":514,"column":0},"end":{"line":514,"column":41}},"514":{"start":{"line":515,"column":0},"end":{"line":515,"column":24}},"515":{"start":{"line":516,"column":0},"end":{"line":516,"column":16}},"516":{"start":{"line":517,"column":0},"end":{"line":517,"column":26}},"517":{"start":{"line":518,"column":0},"end":{"line":518,"column":58}},"518":{"start":{"line":519,"column":0},"end":{"line":519,"column":9}},"519":{"start":{"line":520,"column":0},"end":{"line":520,"column":7}},"520":{"start":{"line":521,"column":0},"end":{"line":521,"column":12}},"521":{"start":{"line":522,"column":0},"end":{"line":522,"column":22}},"522":{"start":{"line":523,"column":0},"end":{"line":523,"column":5}},"523":{"start":{"line":524,"column":0},"end":{"line":524,"column":28}},"524":{"start":{"line":525,"column":0},"end":{"line":525,"column":24}},"525":{"start":{"line":526,"column":0},"end":{"line":526,"column":22}},"526":{"start":{"line":527,"column":0},"end":{"line":527,"column":5}},"527":{"start":{"line":528,"column":0},"end":{"line":528,"column":12}},"528":{"start":{"line":529,"column":0},"end":{"line":529,"column":0}},"529":{"start":{"line":530,"column":0},"end":{"line":530,"column":14}},"530":{"start":{"line":531,"column":0},"end":{"line":531,"column":3}},"531":{"start":{"line":532,"column":0},"end":{"line":532,"column":0}},"532":{"start":{"line":533,"column":0},"end":{"line":533,"column":31}},"533":{"start":{"line":534,"column":0},"end":{"line":534,"column":23}},"534":{"start":{"line":535,"column":0},"end":{"line":535,"column":0}},"535":{"start":{"line":536,"column":0},"end":{"line":536,"column":21}},"536":{"start":{"line":537,"column":0},"end":{"line":537,"column":21}},"537":{"start":{"line":538,"column":0},"end":{"line":538,"column":49}},"538":{"start":{"line":539,"column":0},"end":{"line":539,"column":37}},"539":{"start":{"line":540,"column":0},"end":{"line":540,"column":20}},"540":{"start":{"line":541,"column":0},"end":{"line":541,"column":12}},"541":{"start":{"line":542,"column":0},"end":{"line":542,"column":22}},"542":{"start":{"line":543,"column":0},"end":{"line":543,"column":54}},"543":{"start":{"line":544,"column":0},"end":{"line":544,"column":5}},"544":{"start":{"line":545,"column":0},"end":{"line":545,"column":28}},"545":{"start":{"line":546,"column":0},"end":{"line":546,"column":29}},"546":{"start":{"line":547,"column":0},"end":{"line":547,"column":30}},"547":{"start":{"line":548,"column":0},"end":{"line":548,"column":22}},"548":{"start":{"line":549,"column":0},"end":{"line":549,"column":16}},"549":{"start":{"line":550,"column":0},"end":{"line":550,"column":14}},"550":{"start":{"line":551,"column":0},"end":{"line":551,"column":25}},"551":{"start":{"line":552,"column":0},"end":{"line":552,"column":24}},"552":{"start":{"line":553,"column":0},"end":{"line":553,"column":7}},"553":{"start":{"line":554,"column":0},"end":{"line":554,"column":12}},"554":{"start":{"line":555,"column":0},"end":{"line":555,"column":23}},"555":{"start":{"line":556,"column":0},"end":{"line":556,"column":22}},"556":{"start":{"line":557,"column":0},"end":{"line":557,"column":5}},"557":{"start":{"line":558,"column":0},"end":{"line":558,"column":28}},"558":{"start":{"line":559,"column":0},"end":{"line":559,"column":24}},"559":{"start":{"line":560,"column":0},"end":{"line":560,"column":22}},"560":{"start":{"line":561,"column":0},"end":{"line":561,"column":5}},"561":{"start":{"line":562,"column":0},"end":{"line":562,"column":12}},"562":{"start":{"line":563,"column":0},"end":{"line":563,"column":0}},"563":{"start":{"line":564,"column":0},"end":{"line":564,"column":14}},"564":{"start":{"line":565,"column":0},"end":{"line":565,"column":3}},"565":{"start":{"line":566,"column":0},"end":{"line":566,"column":0}},"566":{"start":{"line":567,"column":0},"end":{"line":567,"column":31}},"567":{"start":{"line":568,"column":0},"end":{"line":568,"column":11}},"568":{"start":{"line":569,"column":0},"end":{"line":569,"column":0}},"569":{"start":{"line":570,"column":0},"end":{"line":570,"column":49}},"570":{"start":{"line":571,"column":0},"end":{"line":571,"column":37}},"571":{"start":{"line":572,"column":0},"end":{"line":572,"column":20}},"572":{"start":{"line":573,"column":0},"end":{"line":573,"column":12}},"573":{"start":{"line":574,"column":0},"end":{"line":574,"column":22}},"574":{"start":{"line":575,"column":0},"end":{"line":575,"column":54}},"575":{"start":{"line":576,"column":0},"end":{"line":576,"column":5}},"576":{"start":{"line":577,"column":0},"end":{"line":577,"column":0}},"577":{"start":{"line":578,"column":0},"end":{"line":578,"column":14}},"578":{"start":{"line":579,"column":0},"end":{"line":579,"column":3}},"579":{"start":{"line":580,"column":0},"end":{"line":580,"column":0}},"580":{"start":{"line":581,"column":0},"end":{"line":581,"column":29}},"581":{"start":{"line":582,"column":0},"end":{"line":582,"column":11}},"582":{"start":{"line":583,"column":0},"end":{"line":583,"column":0}},"583":{"start":{"line":584,"column":0},"end":{"line":584,"column":32}},"584":{"start":{"line":585,"column":0},"end":{"line":585,"column":28}},"585":{"start":{"line":586,"column":0},"end":{"line":586,"column":34}},"586":{"start":{"line":587,"column":0},"end":{"line":587,"column":30}},"587":{"start":{"line":588,"column":0},"end":{"line":588,"column":35}},"588":{"start":{"line":589,"column":0},"end":{"line":589,"column":32}},"589":{"start":{"line":590,"column":0},"end":{"line":590,"column":38}},"590":{"start":{"line":591,"column":0},"end":{"line":591,"column":34}},"591":{"start":{"line":592,"column":0},"end":{"line":592,"column":41}},"592":{"start":{"line":593,"column":0},"end":{"line":593,"column":36}},"593":{"start":{"line":594,"column":0},"end":{"line":594,"column":37}},"594":{"start":{"line":595,"column":0},"end":{"line":595,"column":13}},"595":{"start":{"line":596,"column":0},"end":{"line":596,"column":11}},"596":{"start":{"line":597,"column":0},"end":{"line":597,"column":9}},"597":{"start":{"line":598,"column":0},"end":{"line":598,"column":7}},"598":{"start":{"line":599,"column":0},"end":{"line":599,"column":5}},"599":{"start":{"line":600,"column":0},"end":{"line":600,"column":0}},"600":{"start":{"line":601,"column":0},"end":{"line":601,"column":14}},"601":{"start":{"line":602,"column":0},"end":{"line":602,"column":3}},"602":{"start":{"line":603,"column":0},"end":{"line":603,"column":0}},"603":{"start":{"line":604,"column":0},"end":{"line":604,"column":35}},"604":{"start":{"line":605,"column":0},"end":{"line":605,"column":27}},"605":{"start":{"line":606,"column":0},"end":{"line":606,"column":0}},"606":{"start":{"line":607,"column":0},"end":{"line":607,"column":21}},"607":{"start":{"line":608,"column":0},"end":{"line":608,"column":47}},"608":{"start":{"line":609,"column":0},"end":{"line":609,"column":18}},"609":{"start":{"line":610,"column":0},"end":{"line":610,"column":20}},"610":{"start":{"line":611,"column":0},"end":{"line":611,"column":12}},"611":{"start":{"line":612,"column":0},"end":{"line":612,"column":22}},"612":{"start":{"line":613,"column":0},"end":{"line":613,"column":54}},"613":{"start":{"line":614,"column":0},"end":{"line":614,"column":5}},"614":{"start":{"line":615,"column":0},"end":{"line":615,"column":28}},"615":{"start":{"line":616,"column":0},"end":{"line":616,"column":29}},"616":{"start":{"line":617,"column":0},"end":{"line":617,"column":30}},"617":{"start":{"line":618,"column":0},"end":{"line":618,"column":25}},"618":{"start":{"line":619,"column":0},"end":{"line":619,"column":26}},"619":{"start":{"line":620,"column":0},"end":{"line":620,"column":51}},"620":{"start":{"line":621,"column":0},"end":{"line":621,"column":22}},"621":{"start":{"line":622,"column":0},"end":{"line":622,"column":24}},"622":{"start":{"line":623,"column":0},"end":{"line":623,"column":16}},"623":{"start":{"line":624,"column":0},"end":{"line":624,"column":26}},"624":{"start":{"line":625,"column":0},"end":{"line":625,"column":58}},"625":{"start":{"line":626,"column":0},"end":{"line":626,"column":9}},"626":{"start":{"line":627,"column":0},"end":{"line":627,"column":26}},"627":{"start":{"line":628,"column":0},"end":{"line":628,"column":32}},"628":{"start":{"line":629,"column":0},"end":{"line":629,"column":25}},"629":{"start":{"line":630,"column":0},"end":{"line":630,"column":16}},"630":{"start":{"line":631,"column":0},"end":{"line":631,"column":27}},"631":{"start":{"line":632,"column":0},"end":{"line":632,"column":26}},"632":{"start":{"line":633,"column":0},"end":{"line":633,"column":9}},"633":{"start":{"line":634,"column":0},"end":{"line":634,"column":32}},"634":{"start":{"line":635,"column":0},"end":{"line":635,"column":28}},"635":{"start":{"line":636,"column":0},"end":{"line":636,"column":26}},"636":{"start":{"line":637,"column":0},"end":{"line":637,"column":16}},"637":{"start":{"line":638,"column":0},"end":{"line":638,"column":27}},"638":{"start":{"line":639,"column":0},"end":{"line":639,"column":26}},"639":{"start":{"line":640,"column":0},"end":{"line":640,"column":9}},"640":{"start":{"line":641,"column":0},"end":{"line":641,"column":14}},"641":{"start":{"line":642,"column":0},"end":{"line":642,"column":25}},"642":{"start":{"line":643,"column":0},"end":{"line":643,"column":24}},"643":{"start":{"line":644,"column":0},"end":{"line":644,"column":7}},"644":{"start":{"line":645,"column":0},"end":{"line":645,"column":12}},"645":{"start":{"line":646,"column":0},"end":{"line":646,"column":23}},"646":{"start":{"line":647,"column":0},"end":{"line":647,"column":22}},"647":{"start":{"line":648,"column":0},"end":{"line":648,"column":5}},"648":{"start":{"line":649,"column":0},"end":{"line":649,"column":0}},"649":{"start":{"line":650,"column":0},"end":{"line":650,"column":14}},"650":{"start":{"line":651,"column":0},"end":{"line":651,"column":3}},"651":{"start":{"line":652,"column":0},"end":{"line":652,"column":0}},"652":{"start":{"line":653,"column":0},"end":{"line":653,"column":34}},"653":{"start":{"line":654,"column":0},"end":{"line":654,"column":19}},"654":{"start":{"line":655,"column":0},"end":{"line":655,"column":0}},"655":{"start":{"line":656,"column":0},"end":{"line":656,"column":21}},"656":{"start":{"line":657,"column":0},"end":{"line":657,"column":28}},"657":{"start":{"line":658,"column":0},"end":{"line":658,"column":28}},"658":{"start":{"line":659,"column":0},"end":{"line":659,"column":34}},"659":{"start":{"line":660,"column":0},"end":{"line":660,"column":30}},"660":{"start":{"line":661,"column":0},"end":{"line":661,"column":18}},"661":{"start":{"line":662,"column":0},"end":{"line":662,"column":7}},"662":{"start":{"line":663,"column":0},"end":{"line":663,"column":24}},"663":{"start":{"line":664,"column":0},"end":{"line":664,"column":26}},"664":{"start":{"line":665,"column":0},"end":{"line":665,"column":12}},"665":{"start":{"line":666,"column":0},"end":{"line":666,"column":23}},"666":{"start":{"line":667,"column":0},"end":{"line":667,"column":22}},"667":{"start":{"line":668,"column":0},"end":{"line":668,"column":5}},"668":{"start":{"line":669,"column":0},"end":{"line":669,"column":0}},"669":{"start":{"line":670,"column":0},"end":{"line":670,"column":14}},"670":{"start":{"line":671,"column":0},"end":{"line":671,"column":3}},"671":{"start":{"line":672,"column":0},"end":{"line":672,"column":0}},"672":{"start":{"line":673,"column":0},"end":{"line":673,"column":32}},"673":{"start":{"line":674,"column":0},"end":{"line":674,"column":27}},"674":{"start":{"line":675,"column":0},"end":{"line":675,"column":0}},"675":{"start":{"line":676,"column":0},"end":{"line":676,"column":21}},"676":{"start":{"line":677,"column":0},"end":{"line":677,"column":21}},"677":{"start":{"line":678,"column":0},"end":{"line":678,"column":26}},"678":{"start":{"line":679,"column":0},"end":{"line":679,"column":28}},"679":{"start":{"line":680,"column":0},"end":{"line":680,"column":28}},"680":{"start":{"line":681,"column":0},"end":{"line":681,"column":30}},"681":{"start":{"line":682,"column":0},"end":{"line":682,"column":18}},"682":{"start":{"line":683,"column":0},"end":{"line":683,"column":7}},"683":{"start":{"line":684,"column":0},"end":{"line":684,"column":28}},"684":{"start":{"line":685,"column":0},"end":{"line":685,"column":30}},"685":{"start":{"line":686,"column":0},"end":{"line":686,"column":18}},"686":{"start":{"line":687,"column":0},"end":{"line":687,"column":7}},"687":{"start":{"line":688,"column":0},"end":{"line":688,"column":24}},"688":{"start":{"line":689,"column":0},"end":{"line":689,"column":14}},"689":{"start":{"line":690,"column":0},"end":{"line":690,"column":12}},"690":{"start":{"line":691,"column":0},"end":{"line":691,"column":23}},"691":{"start":{"line":692,"column":0},"end":{"line":692,"column":22}},"692":{"start":{"line":693,"column":0},"end":{"line":693,"column":5}},"693":{"start":{"line":694,"column":0},"end":{"line":694,"column":28}},"694":{"start":{"line":695,"column":0},"end":{"line":695,"column":24}},"695":{"start":{"line":696,"column":0},"end":{"line":696,"column":22}},"696":{"start":{"line":697,"column":0},"end":{"line":697,"column":5}},"697":{"start":{"line":698,"column":0},"end":{"line":698,"column":12}},"698":{"start":{"line":699,"column":0},"end":{"line":699,"column":0}},"699":{"start":{"line":700,"column":0},"end":{"line":700,"column":14}},"700":{"start":{"line":701,"column":0},"end":{"line":701,"column":3}},"701":{"start":{"line":702,"column":0},"end":{"line":702,"column":0}},"702":{"start":{"line":703,"column":0},"end":{"line":703,"column":35}},"703":{"start":{"line":704,"column":0},"end":{"line":704,"column":43}},"704":{"start":{"line":705,"column":0},"end":{"line":705,"column":0}},"705":{"start":{"line":706,"column":0},"end":{"line":706,"column":21}},"706":{"start":{"line":707,"column":0},"end":{"line":707,"column":21}},"707":{"start":{"line":708,"column":0},"end":{"line":708,"column":50}},"708":{"start":{"line":709,"column":0},"end":{"line":709,"column":18}},"709":{"start":{"line":710,"column":0},"end":{"line":710,"column":23}},"710":{"start":{"line":711,"column":0},"end":{"line":711,"column":12}},"711":{"start":{"line":712,"column":0},"end":{"line":712,"column":22}},"712":{"start":{"line":713,"column":0},"end":{"line":713,"column":54}},"713":{"start":{"line":714,"column":0},"end":{"line":714,"column":5}},"714":{"start":{"line":715,"column":0},"end":{"line":715,"column":28}},"715":{"start":{"line":716,"column":0},"end":{"line":716,"column":31}},"716":{"start":{"line":717,"column":0},"end":{"line":717,"column":30}},"717":{"start":{"line":718,"column":0},"end":{"line":718,"column":51}},"718":{"start":{"line":719,"column":0},"end":{"line":719,"column":22}},"719":{"start":{"line":720,"column":0},"end":{"line":720,"column":24}},"720":{"start":{"line":721,"column":0},"end":{"line":721,"column":16}},"721":{"start":{"line":722,"column":0},"end":{"line":722,"column":26}},"722":{"start":{"line":723,"column":0},"end":{"line":723,"column":58}},"723":{"start":{"line":724,"column":0},"end":{"line":724,"column":9}},"724":{"start":{"line":725,"column":0},"end":{"line":725,"column":32}},"725":{"start":{"line":726,"column":0},"end":{"line":726,"column":35}},"726":{"start":{"line":727,"column":0},"end":{"line":727,"column":34}},"727":{"start":{"line":728,"column":0},"end":{"line":728,"column":55}},"728":{"start":{"line":729,"column":0},"end":{"line":729,"column":26}},"729":{"start":{"line":730,"column":0},"end":{"line":730,"column":28}},"730":{"start":{"line":731,"column":0},"end":{"line":731,"column":20}},"731":{"start":{"line":732,"column":0},"end":{"line":732,"column":30}},"732":{"start":{"line":733,"column":0},"end":{"line":733,"column":62}},"733":{"start":{"line":734,"column":0},"end":{"line":734,"column":13}},"734":{"start":{"line":735,"column":0},"end":{"line":735,"column":36}},"735":{"start":{"line":736,"column":0},"end":{"line":736,"column":39}},"736":{"start":{"line":737,"column":0},"end":{"line":737,"column":38}},"737":{"start":{"line":738,"column":0},"end":{"line":738,"column":59}},"738":{"start":{"line":739,"column":0},"end":{"line":739,"column":30}},"739":{"start":{"line":740,"column":0},"end":{"line":740,"column":32}},"740":{"start":{"line":741,"column":0},"end":{"line":741,"column":24}},"741":{"start":{"line":742,"column":0},"end":{"line":742,"column":34}},"742":{"start":{"line":743,"column":0},"end":{"line":743,"column":66}},"743":{"start":{"line":744,"column":0},"end":{"line":744,"column":17}},"744":{"start":{"line":745,"column":0},"end":{"line":745,"column":40}},"745":{"start":{"line":746,"column":0},"end":{"line":746,"column":52}},"746":{"start":{"line":747,"column":0},"end":{"line":747,"column":26}},"747":{"start":{"line":748,"column":0},"end":{"line":748,"column":24}},"748":{"start":{"line":749,"column":0},"end":{"line":749,"column":35}},"749":{"start":{"line":750,"column":0},"end":{"line":750,"column":34}},"750":{"start":{"line":751,"column":0},"end":{"line":751,"column":17}},"751":{"start":{"line":752,"column":0},"end":{"line":752,"column":22}},"752":{"start":{"line":753,"column":0},"end":{"line":753,"column":33}},"753":{"start":{"line":754,"column":0},"end":{"line":754,"column":32}},"754":{"start":{"line":755,"column":0},"end":{"line":755,"column":15}},"755":{"start":{"line":756,"column":0},"end":{"line":756,"column":20}},"756":{"start":{"line":757,"column":0},"end":{"line":757,"column":31}},"757":{"start":{"line":758,"column":0},"end":{"line":758,"column":30}},"758":{"start":{"line":759,"column":0},"end":{"line":759,"column":13}},"759":{"start":{"line":760,"column":0},"end":{"line":760,"column":18}},"760":{"start":{"line":761,"column":0},"end":{"line":761,"column":29}},"761":{"start":{"line":762,"column":0},"end":{"line":762,"column":28}},"762":{"start":{"line":763,"column":0},"end":{"line":763,"column":11}},"763":{"start":{"line":764,"column":0},"end":{"line":764,"column":16}},"764":{"start":{"line":765,"column":0},"end":{"line":765,"column":27}},"765":{"start":{"line":766,"column":0},"end":{"line":766,"column":26}},"766":{"start":{"line":767,"column":0},"end":{"line":767,"column":9}},"767":{"start":{"line":768,"column":0},"end":{"line":768,"column":14}},"768":{"start":{"line":769,"column":0},"end":{"line":769,"column":25}},"769":{"start":{"line":770,"column":0},"end":{"line":770,"column":24}},"770":{"start":{"line":771,"column":0},"end":{"line":771,"column":7}},"771":{"start":{"line":772,"column":0},"end":{"line":772,"column":12}},"772":{"start":{"line":773,"column":0},"end":{"line":773,"column":23}},"773":{"start":{"line":774,"column":0},"end":{"line":774,"column":22}},"774":{"start":{"line":775,"column":0},"end":{"line":775,"column":5}},"775":{"start":{"line":776,"column":0},"end":{"line":776,"column":28}},"776":{"start":{"line":777,"column":0},"end":{"line":777,"column":24}},"777":{"start":{"line":778,"column":0},"end":{"line":778,"column":22}},"778":{"start":{"line":779,"column":0},"end":{"line":779,"column":5}},"779":{"start":{"line":780,"column":0},"end":{"line":780,"column":12}},"780":{"start":{"line":781,"column":0},"end":{"line":781,"column":0}},"781":{"start":{"line":782,"column":0},"end":{"line":782,"column":14}},"782":{"start":{"line":783,"column":0},"end":{"line":783,"column":3}},"783":{"start":{"line":784,"column":0},"end":{"line":784,"column":0}},"784":{"start":{"line":785,"column":0},"end":{"line":785,"column":32}},"785":{"start":{"line":786,"column":0},"end":{"line":786,"column":27}},"786":{"start":{"line":787,"column":0},"end":{"line":787,"column":0}},"787":{"start":{"line":788,"column":0},"end":{"line":788,"column":21}},"788":{"start":{"line":789,"column":0},"end":{"line":789,"column":21}},"789":{"start":{"line":790,"column":0},"end":{"line":790,"column":49}},"790":{"start":{"line":791,"column":0},"end":{"line":791,"column":37}},"791":{"start":{"line":792,"column":0},"end":{"line":792,"column":20}},"792":{"start":{"line":793,"column":0},"end":{"line":793,"column":12}},"793":{"start":{"line":794,"column":0},"end":{"line":794,"column":22}},"794":{"start":{"line":795,"column":0},"end":{"line":795,"column":54}},"795":{"start":{"line":796,"column":0},"end":{"line":796,"column":5}},"796":{"start":{"line":797,"column":0},"end":{"line":797,"column":28}},"797":{"start":{"line":798,"column":0},"end":{"line":798,"column":16}},"798":{"start":{"line":799,"column":0},"end":{"line":799,"column":5}},"799":{"start":{"line":800,"column":0},"end":{"line":800,"column":12}},"800":{"start":{"line":801,"column":0},"end":{"line":801,"column":49}},"801":{"start":{"line":802,"column":0},"end":{"line":802,"column":37}},"802":{"start":{"line":803,"column":0},"end":{"line":803,"column":20}},"803":{"start":{"line":804,"column":0},"end":{"line":804,"column":12}},"804":{"start":{"line":805,"column":0},"end":{"line":805,"column":22}},"805":{"start":{"line":806,"column":0},"end":{"line":806,"column":55}},"806":{"start":{"line":807,"column":0},"end":{"line":807,"column":5}},"807":{"start":{"line":808,"column":0},"end":{"line":808,"column":28}},"808":{"start":{"line":809,"column":0},"end":{"line":809,"column":33}},"809":{"start":{"line":810,"column":0},"end":{"line":810,"column":20}},"810":{"start":{"line":811,"column":0},"end":{"line":811,"column":53}},"811":{"start":{"line":812,"column":0},"end":{"line":812,"column":41}},"812":{"start":{"line":813,"column":0},"end":{"line":813,"column":24}},"813":{"start":{"line":814,"column":0},"end":{"line":814,"column":16}},"814":{"start":{"line":815,"column":0},"end":{"line":815,"column":26}},"815":{"start":{"line":816,"column":0},"end":{"line":816,"column":59}},"816":{"start":{"line":817,"column":0},"end":{"line":817,"column":9}},"817":{"start":{"line":818,"column":0},"end":{"line":818,"column":7}},"818":{"start":{"line":819,"column":0},"end":{"line":819,"column":12}},"819":{"start":{"line":820,"column":0},"end":{"line":820,"column":22}},"820":{"start":{"line":821,"column":0},"end":{"line":821,"column":5}},"821":{"start":{"line":822,"column":0},"end":{"line":822,"column":28}},"822":{"start":{"line":823,"column":0},"end":{"line":823,"column":49}},"823":{"start":{"line":824,"column":0},"end":{"line":824,"column":20}},"824":{"start":{"line":825,"column":0},"end":{"line":825,"column":22}},"825":{"start":{"line":826,"column":0},"end":{"line":826,"column":14}},"826":{"start":{"line":827,"column":0},"end":{"line":827,"column":24}},"827":{"start":{"line":828,"column":0},"end":{"line":828,"column":57}},"828":{"start":{"line":829,"column":0},"end":{"line":829,"column":7}},"829":{"start":{"line":830,"column":0},"end":{"line":830,"column":30}},"830":{"start":{"line":831,"column":0},"end":{"line":831,"column":18}},"831":{"start":{"line":832,"column":0},"end":{"line":832,"column":7}},"832":{"start":{"line":833,"column":0},"end":{"line":833,"column":24}},"833":{"start":{"line":834,"column":0},"end":{"line":834,"column":14}},"834":{"start":{"line":835,"column":0},"end":{"line":835,"column":12}},"835":{"start":{"line":836,"column":0},"end":{"line":836,"column":23}},"836":{"start":{"line":837,"column":0},"end":{"line":837,"column":22}},"837":{"start":{"line":838,"column":0},"end":{"line":838,"column":5}},"838":{"start":{"line":839,"column":0},"end":{"line":839,"column":28}},"839":{"start":{"line":840,"column":0},"end":{"line":840,"column":24}},"840":{"start":{"line":841,"column":0},"end":{"line":841,"column":22}},"841":{"start":{"line":842,"column":0},"end":{"line":842,"column":5}},"842":{"start":{"line":843,"column":0},"end":{"line":843,"column":12}},"843":{"start":{"line":844,"column":0},"end":{"line":844,"column":0}},"844":{"start":{"line":845,"column":0},"end":{"line":845,"column":14}},"845":{"start":{"line":846,"column":0},"end":{"line":846,"column":3}},"846":{"start":{"line":847,"column":0},"end":{"line":847,"column":0}},"847":{"start":{"line":848,"column":0},"end":{"line":848,"column":35}},"848":{"start":{"line":849,"column":0},"end":{"line":849,"column":43}},"849":{"start":{"line":850,"column":0},"end":{"line":850,"column":0}},"850":{"start":{"line":851,"column":0},"end":{"line":851,"column":21}},"851":{"start":{"line":852,"column":0},"end":{"line":852,"column":21}},"852":{"start":{"line":853,"column":0},"end":{"line":853,"column":50}},"853":{"start":{"line":854,"column":0},"end":{"line":854,"column":18}},"854":{"start":{"line":855,"column":0},"end":{"line":855,"column":23}},"855":{"start":{"line":856,"column":0},"end":{"line":856,"column":12}},"856":{"start":{"line":857,"column":0},"end":{"line":857,"column":22}},"857":{"start":{"line":858,"column":0},"end":{"line":858,"column":55}},"858":{"start":{"line":859,"column":0},"end":{"line":859,"column":5}},"859":{"start":{"line":860,"column":0},"end":{"line":860,"column":28}},"860":{"start":{"line":861,"column":0},"end":{"line":861,"column":31}},"861":{"start":{"line":862,"column":0},"end":{"line":862,"column":30}},"862":{"start":{"line":863,"column":0},"end":{"line":863,"column":51}},"863":{"start":{"line":864,"column":0},"end":{"line":864,"column":22}},"864":{"start":{"line":865,"column":0},"end":{"line":865,"column":24}},"865":{"start":{"line":866,"column":0},"end":{"line":866,"column":16}},"866":{"start":{"line":867,"column":0},"end":{"line":867,"column":26}},"867":{"start":{"line":868,"column":0},"end":{"line":868,"column":58}},"868":{"start":{"line":869,"column":0},"end":{"line":869,"column":9}},"869":{"start":{"line":870,"column":0},"end":{"line":870,"column":32}},"870":{"start":{"line":871,"column":0},"end":{"line":871,"column":35}},"871":{"start":{"line":872,"column":0},"end":{"line":872,"column":34}},"872":{"start":{"line":873,"column":0},"end":{"line":873,"column":55}},"873":{"start":{"line":874,"column":0},"end":{"line":874,"column":26}},"874":{"start":{"line":875,"column":0},"end":{"line":875,"column":28}},"875":{"start":{"line":876,"column":0},"end":{"line":876,"column":20}},"876":{"start":{"line":877,"column":0},"end":{"line":877,"column":30}},"877":{"start":{"line":878,"column":0},"end":{"line":878,"column":62}},"878":{"start":{"line":879,"column":0},"end":{"line":879,"column":13}},"879":{"start":{"line":880,"column":0},"end":{"line":880,"column":36}},"880":{"start":{"line":881,"column":0},"end":{"line":881,"column":39}},"881":{"start":{"line":882,"column":0},"end":{"line":882,"column":38}},"882":{"start":{"line":883,"column":0},"end":{"line":883,"column":59}},"883":{"start":{"line":884,"column":0},"end":{"line":884,"column":30}},"884":{"start":{"line":885,"column":0},"end":{"line":885,"column":32}},"885":{"start":{"line":886,"column":0},"end":{"line":886,"column":24}},"886":{"start":{"line":887,"column":0},"end":{"line":887,"column":34}},"887":{"start":{"line":888,"column":0},"end":{"line":888,"column":66}},"888":{"start":{"line":889,"column":0},"end":{"line":889,"column":17}},"889":{"start":{"line":890,"column":0},"end":{"line":890,"column":40}},"890":{"start":{"line":891,"column":0},"end":{"line":891,"column":52}},"891":{"start":{"line":892,"column":0},"end":{"line":892,"column":26}},"892":{"start":{"line":893,"column":0},"end":{"line":893,"column":24}},"893":{"start":{"line":894,"column":0},"end":{"line":894,"column":35}},"894":{"start":{"line":895,"column":0},"end":{"line":895,"column":34}},"895":{"start":{"line":896,"column":0},"end":{"line":896,"column":17}},"896":{"start":{"line":897,"column":0},"end":{"line":897,"column":22}},"897":{"start":{"line":898,"column":0},"end":{"line":898,"column":33}},"898":{"start":{"line":899,"column":0},"end":{"line":899,"column":32}},"899":{"start":{"line":900,"column":0},"end":{"line":900,"column":15}},"900":{"start":{"line":901,"column":0},"end":{"line":901,"column":20}},"901":{"start":{"line":902,"column":0},"end":{"line":902,"column":31}},"902":{"start":{"line":903,"column":0},"end":{"line":903,"column":30}},"903":{"start":{"line":904,"column":0},"end":{"line":904,"column":13}},"904":{"start":{"line":905,"column":0},"end":{"line":905,"column":18}},"905":{"start":{"line":906,"column":0},"end":{"line":906,"column":29}},"906":{"start":{"line":907,"column":0},"end":{"line":907,"column":28}},"907":{"start":{"line":908,"column":0},"end":{"line":908,"column":11}},"908":{"start":{"line":909,"column":0},"end":{"line":909,"column":16}},"909":{"start":{"line":910,"column":0},"end":{"line":910,"column":27}},"910":{"start":{"line":911,"column":0},"end":{"line":911,"column":26}},"911":{"start":{"line":912,"column":0},"end":{"line":912,"column":9}},"912":{"start":{"line":913,"column":0},"end":{"line":913,"column":14}},"913":{"start":{"line":914,"column":0},"end":{"line":914,"column":25}},"914":{"start":{"line":915,"column":0},"end":{"line":915,"column":24}},"915":{"start":{"line":916,"column":0},"end":{"line":916,"column":7}},"916":{"start":{"line":917,"column":0},"end":{"line":917,"column":12}},"917":{"start":{"line":918,"column":0},"end":{"line":918,"column":23}},"918":{"start":{"line":919,"column":0},"end":{"line":919,"column":22}},"919":{"start":{"line":920,"column":0},"end":{"line":920,"column":5}},"920":{"start":{"line":921,"column":0},"end":{"line":921,"column":28}},"921":{"start":{"line":922,"column":0},"end":{"line":922,"column":24}},"922":{"start":{"line":923,"column":0},"end":{"line":923,"column":22}},"923":{"start":{"line":924,"column":0},"end":{"line":924,"column":5}},"924":{"start":{"line":925,"column":0},"end":{"line":925,"column":12}},"925":{"start":{"line":926,"column":0},"end":{"line":926,"column":0}},"926":{"start":{"line":927,"column":0},"end":{"line":927,"column":14}},"927":{"start":{"line":928,"column":0},"end":{"line":928,"column":3}},"928":{"start":{"line":929,"column":0},"end":{"line":929,"column":0}},"929":{"start":{"line":930,"column":0},"end":{"line":930,"column":35}},"930":{"start":{"line":931,"column":0},"end":{"line":931,"column":43}},"931":{"start":{"line":932,"column":0},"end":{"line":932,"column":0}},"932":{"start":{"line":933,"column":0},"end":{"line":933,"column":21}},"933":{"start":{"line":934,"column":0},"end":{"line":934,"column":21}},"934":{"start":{"line":935,"column":0},"end":{"line":935,"column":47}},"935":{"start":{"line":936,"column":0},"end":{"line":936,"column":18}},"936":{"start":{"line":937,"column":0},"end":{"line":937,"column":20}},"937":{"start":{"line":938,"column":0},"end":{"line":938,"column":12}},"938":{"start":{"line":939,"column":0},"end":{"line":939,"column":22}},"939":{"start":{"line":940,"column":0},"end":{"line":940,"column":55}},"940":{"start":{"line":941,"column":0},"end":{"line":941,"column":5}},"941":{"start":{"line":942,"column":0},"end":{"line":942,"column":28}},"942":{"start":{"line":943,"column":0},"end":{"line":943,"column":30}},"943":{"start":{"line":944,"column":0},"end":{"line":944,"column":30}},"944":{"start":{"line":945,"column":0},"end":{"line":945,"column":32}},"945":{"start":{"line":946,"column":0},"end":{"line":946,"column":32}},"946":{"start":{"line":947,"column":0},"end":{"line":947,"column":34}},"947":{"start":{"line":948,"column":0},"end":{"line":948,"column":34}},"948":{"start":{"line":949,"column":0},"end":{"line":949,"column":36}},"949":{"start":{"line":950,"column":0},"end":{"line":950,"column":36}},"950":{"start":{"line":951,"column":0},"end":{"line":951,"column":38}},"951":{"start":{"line":952,"column":0},"end":{"line":952,"column":38}},"952":{"start":{"line":953,"column":0},"end":{"line":953,"column":40}},"953":{"start":{"line":954,"column":0},"end":{"line":954,"column":40}},"954":{"start":{"line":955,"column":0},"end":{"line":955,"column":52}},"955":{"start":{"line":956,"column":0},"end":{"line":956,"column":26}},"956":{"start":{"line":957,"column":0},"end":{"line":957,"column":24}},"957":{"start":{"line":958,"column":0},"end":{"line":958,"column":35}},"958":{"start":{"line":959,"column":0},"end":{"line":959,"column":34}},"959":{"start":{"line":960,"column":0},"end":{"line":960,"column":17}},"960":{"start":{"line":961,"column":0},"end":{"line":961,"column":22}},"961":{"start":{"line":962,"column":0},"end":{"line":962,"column":33}},"962":{"start":{"line":963,"column":0},"end":{"line":963,"column":32}},"963":{"start":{"line":964,"column":0},"end":{"line":964,"column":15}},"964":{"start":{"line":965,"column":0},"end":{"line":965,"column":20}},"965":{"start":{"line":966,"column":0},"end":{"line":966,"column":31}},"966":{"start":{"line":967,"column":0},"end":{"line":967,"column":30}},"967":{"start":{"line":968,"column":0},"end":{"line":968,"column":13}},"968":{"start":{"line":969,"column":0},"end":{"line":969,"column":18}},"969":{"start":{"line":970,"column":0},"end":{"line":970,"column":29}},"970":{"start":{"line":971,"column":0},"end":{"line":971,"column":28}},"971":{"start":{"line":972,"column":0},"end":{"line":972,"column":11}},"972":{"start":{"line":973,"column":0},"end":{"line":973,"column":16}},"973":{"start":{"line":974,"column":0},"end":{"line":974,"column":27}},"974":{"start":{"line":975,"column":0},"end":{"line":975,"column":26}},"975":{"start":{"line":976,"column":0},"end":{"line":976,"column":9}},"976":{"start":{"line":977,"column":0},"end":{"line":977,"column":14}},"977":{"start":{"line":978,"column":0},"end":{"line":978,"column":25}},"978":{"start":{"line":979,"column":0},"end":{"line":979,"column":24}},"979":{"start":{"line":980,"column":0},"end":{"line":980,"column":7}},"980":{"start":{"line":981,"column":0},"end":{"line":981,"column":12}},"981":{"start":{"line":982,"column":0},"end":{"line":982,"column":23}},"982":{"start":{"line":983,"column":0},"end":{"line":983,"column":22}},"983":{"start":{"line":984,"column":0},"end":{"line":984,"column":5}},"984":{"start":{"line":985,"column":0},"end":{"line":985,"column":28}},"985":{"start":{"line":986,"column":0},"end":{"line":986,"column":24}},"986":{"start":{"line":987,"column":0},"end":{"line":987,"column":22}},"987":{"start":{"line":988,"column":0},"end":{"line":988,"column":5}},"988":{"start":{"line":989,"column":0},"end":{"line":989,"column":12}},"989":{"start":{"line":990,"column":0},"end":{"line":990,"column":0}},"990":{"start":{"line":991,"column":0},"end":{"line":991,"column":14}},"991":{"start":{"line":992,"column":0},"end":{"line":992,"column":3}},"992":{"start":{"line":993,"column":0},"end":{"line":993,"column":0}},"993":{"start":{"line":994,"column":0},"end":{"line":994,"column":36}},"994":{"start":{"line":995,"column":0},"end":{"line":995,"column":31}},"995":{"start":{"line":996,"column":0},"end":{"line":996,"column":0}},"996":{"start":{"line":997,"column":0},"end":{"line":997,"column":21}},"997":{"start":{"line":998,"column":0},"end":{"line":998,"column":21}},"998":{"start":{"line":999,"column":0},"end":{"line":999,"column":47}},"999":{"start":{"line":1000,"column":0},"end":{"line":1000,"column":18}},"1000":{"start":{"line":1001,"column":0},"end":{"line":1001,"column":20}},"1001":{"start":{"line":1002,"column":0},"end":{"line":1002,"column":12}},"1002":{"start":{"line":1003,"column":0},"end":{"line":1003,"column":22}},"1003":{"start":{"line":1004,"column":0},"end":{"line":1004,"column":55}},"1004":{"start":{"line":1005,"column":0},"end":{"line":1005,"column":5}},"1005":{"start":{"line":1006,"column":0},"end":{"line":1006,"column":28}},"1006":{"start":{"line":1007,"column":0},"end":{"line":1007,"column":30}},"1007":{"start":{"line":1008,"column":0},"end":{"line":1008,"column":30}},"1008":{"start":{"line":1009,"column":0},"end":{"line":1009,"column":32}},"1009":{"start":{"line":1010,"column":0},"end":{"line":1010,"column":32}},"1010":{"start":{"line":1011,"column":0},"end":{"line":1011,"column":34}},"1011":{"start":{"line":1012,"column":0},"end":{"line":1012,"column":34}},"1012":{"start":{"line":1013,"column":0},"end":{"line":1013,"column":34}},"1013":{"start":{"line":1014,"column":0},"end":{"line":1014,"column":20}},"1014":{"start":{"line":1015,"column":0},"end":{"line":1015,"column":18}},"1015":{"start":{"line":1016,"column":0},"end":{"line":1016,"column":29}},"1016":{"start":{"line":1017,"column":0},"end":{"line":1017,"column":28}},"1017":{"start":{"line":1018,"column":0},"end":{"line":1018,"column":11}},"1018":{"start":{"line":1019,"column":0},"end":{"line":1019,"column":16}},"1019":{"start":{"line":1020,"column":0},"end":{"line":1020,"column":27}},"1020":{"start":{"line":1021,"column":0},"end":{"line":1021,"column":26}},"1021":{"start":{"line":1022,"column":0},"end":{"line":1022,"column":9}},"1022":{"start":{"line":1023,"column":0},"end":{"line":1023,"column":14}},"1023":{"start":{"line":1024,"column":0},"end":{"line":1024,"column":25}},"1024":{"start":{"line":1025,"column":0},"end":{"line":1025,"column":24}},"1025":{"start":{"line":1026,"column":0},"end":{"line":1026,"column":7}},"1026":{"start":{"line":1027,"column":0},"end":{"line":1027,"column":12}},"1027":{"start":{"line":1028,"column":0},"end":{"line":1028,"column":23}},"1028":{"start":{"line":1029,"column":0},"end":{"line":1029,"column":22}},"1029":{"start":{"line":1030,"column":0},"end":{"line":1030,"column":5}},"1030":{"start":{"line":1031,"column":0},"end":{"line":1031,"column":28}},"1031":{"start":{"line":1032,"column":0},"end":{"line":1032,"column":24}},"1032":{"start":{"line":1033,"column":0},"end":{"line":1033,"column":23}},"1033":{"start":{"line":1034,"column":0},"end":{"line":1034,"column":5}},"1034":{"start":{"line":1035,"column":0},"end":{"line":1035,"column":12}},"1035":{"start":{"line":1036,"column":0},"end":{"line":1036,"column":0}},"1036":{"start":{"line":1037,"column":0},"end":{"line":1037,"column":14}},"1037":{"start":{"line":1038,"column":0},"end":{"line":1038,"column":3}},"1038":{"start":{"line":1039,"column":0},"end":{"line":1039,"column":0}},"1039":{"start":{"line":1040,"column":0},"end":{"line":1040,"column":34}},"1040":{"start":{"line":1041,"column":0},"end":{"line":1041,"column":23}},"1041":{"start":{"line":1042,"column":0},"end":{"line":1042,"column":0}},"1042":{"start":{"line":1043,"column":0},"end":{"line":1043,"column":12}},"1043":{"start":{"line":1044,"column":0},"end":{"line":1044,"column":21}},"1044":{"start":{"line":1045,"column":0},"end":{"line":1045,"column":47}},"1045":{"start":{"line":1046,"column":0},"end":{"line":1046,"column":18}},"1046":{"start":{"line":1047,"column":0},"end":{"line":1047,"column":20}},"1047":{"start":{"line":1048,"column":0},"end":{"line":1048,"column":12}},"1048":{"start":{"line":1049,"column":0},"end":{"line":1049,"column":22}},"1049":{"start":{"line":1050,"column":0},"end":{"line":1050,"column":54}},"1050":{"start":{"line":1051,"column":0},"end":{"line":1051,"column":5}},"1051":{"start":{"line":1052,"column":0},"end":{"line":1052,"column":28}},"1052":{"start":{"line":1053,"column":0},"end":{"line":1053,"column":31}},"1053":{"start":{"line":1054,"column":0},"end":{"line":1054,"column":30}},"1054":{"start":{"line":1055,"column":0},"end":{"line":1055,"column":26}},"1055":{"start":{"line":1056,"column":0},"end":{"line":1056,"column":25}},"1056":{"start":{"line":1057,"column":0},"end":{"line":1057,"column":14}},"1057":{"start":{"line":1058,"column":0},"end":{"line":1058,"column":25}},"1058":{"start":{"line":1059,"column":0},"end":{"line":1059,"column":24}},"1059":{"start":{"line":1060,"column":0},"end":{"line":1060,"column":7}},"1060":{"start":{"line":1061,"column":0},"end":{"line":1061,"column":12}},"1061":{"start":{"line":1062,"column":0},"end":{"line":1062,"column":23}},"1062":{"start":{"line":1063,"column":0},"end":{"line":1063,"column":22}},"1063":{"start":{"line":1064,"column":0},"end":{"line":1064,"column":5}},"1064":{"start":{"line":1065,"column":0},"end":{"line":1065,"column":31}},"1065":{"start":{"line":1066,"column":0},"end":{"line":1066,"column":18}},"1066":{"start":{"line":1067,"column":0},"end":{"line":1067,"column":23}},"1067":{"start":{"line":1068,"column":0},"end":{"line":1068,"column":49}},"1068":{"start":{"line":1069,"column":0},"end":{"line":1069,"column":20}},"1069":{"start":{"line":1070,"column":0},"end":{"line":1070,"column":22}},"1070":{"start":{"line":1071,"column":0},"end":{"line":1071,"column":14}},"1071":{"start":{"line":1072,"column":0},"end":{"line":1072,"column":24}},"1072":{"start":{"line":1073,"column":0},"end":{"line":1073,"column":56}},"1073":{"start":{"line":1074,"column":0},"end":{"line":1074,"column":7}},"1074":{"start":{"line":1075,"column":0},"end":{"line":1075,"column":30}},"1075":{"start":{"line":1076,"column":0},"end":{"line":1076,"column":33}},"1076":{"start":{"line":1077,"column":0},"end":{"line":1077,"column":32}},"1077":{"start":{"line":1078,"column":0},"end":{"line":1078,"column":28}},"1078":{"start":{"line":1079,"column":0},"end":{"line":1079,"column":27}},"1079":{"start":{"line":1080,"column":0},"end":{"line":1080,"column":16}},"1080":{"start":{"line":1081,"column":0},"end":{"line":1081,"column":27}},"1081":{"start":{"line":1082,"column":0},"end":{"line":1082,"column":26}},"1082":{"start":{"line":1083,"column":0},"end":{"line":1083,"column":9}},"1083":{"start":{"line":1084,"column":0},"end":{"line":1084,"column":14}},"1084":{"start":{"line":1085,"column":0},"end":{"line":1085,"column":25}},"1085":{"start":{"line":1086,"column":0},"end":{"line":1086,"column":24}},"1086":{"start":{"line":1087,"column":0},"end":{"line":1087,"column":7}},"1087":{"start":{"line":1088,"column":0},"end":{"line":1088,"column":5}},"1088":{"start":{"line":1089,"column":0},"end":{"line":1089,"column":0}},"1089":{"start":{"line":1090,"column":0},"end":{"line":1090,"column":14}},"1090":{"start":{"line":1091,"column":0},"end":{"line":1091,"column":3}},"1091":{"start":{"line":1092,"column":0},"end":{"line":1092,"column":0}},"1092":{"start":{"line":1093,"column":0},"end":{"line":1093,"column":32}},"1093":{"start":{"line":1094,"column":0},"end":{"line":1094,"column":27}},"1094":{"start":{"line":1095,"column":0},"end":{"line":1095,"column":0}},"1095":{"start":{"line":1096,"column":0},"end":{"line":1096,"column":21}},"1096":{"start":{"line":1097,"column":0},"end":{"line":1097,"column":27}},"1097":{"start":{"line":1098,"column":0},"end":{"line":1098,"column":28}},"1098":{"start":{"line":1099,"column":0},"end":{"line":1099,"column":49}},"1099":{"start":{"line":1100,"column":0},"end":{"line":1100,"column":20}},"1100":{"start":{"line":1101,"column":0},"end":{"line":1101,"column":22}},"1101":{"start":{"line":1102,"column":0},"end":{"line":1102,"column":14}},"1102":{"start":{"line":1103,"column":0},"end":{"line":1103,"column":24}},"1103":{"start":{"line":1104,"column":0},"end":{"line":1104,"column":56}},"1104":{"start":{"line":1105,"column":0},"end":{"line":1105,"column":7}},"1105":{"start":{"line":1106,"column":0},"end":{"line":1106,"column":30}},"1106":{"start":{"line":1107,"column":0},"end":{"line":1107,"column":42}},"1107":{"start":{"line":1108,"column":0},"end":{"line":1108,"column":51}},"1108":{"start":{"line":1109,"column":0},"end":{"line":1109,"column":22}},"1109":{"start":{"line":1110,"column":0},"end":{"line":1110,"column":24}},"1110":{"start":{"line":1111,"column":0},"end":{"line":1111,"column":16}},"1111":{"start":{"line":1112,"column":0},"end":{"line":1112,"column":26}},"1112":{"start":{"line":1113,"column":0},"end":{"line":1113,"column":58}},"1113":{"start":{"line":1114,"column":0},"end":{"line":1114,"column":9}},"1114":{"start":{"line":1115,"column":0},"end":{"line":1115,"column":32}},"1115":{"start":{"line":1116,"column":0},"end":{"line":1116,"column":28}},"1116":{"start":{"line":1117,"column":0},"end":{"line":1117,"column":31}},"1117":{"start":{"line":1118,"column":0},"end":{"line":1118,"column":16}},"1118":{"start":{"line":1119,"column":0},"end":{"line":1119,"column":27}},"1119":{"start":{"line":1120,"column":0},"end":{"line":1120,"column":26}},"1120":{"start":{"line":1121,"column":0},"end":{"line":1121,"column":9}},"1121":{"start":{"line":1122,"column":0},"end":{"line":1122,"column":14}},"1122":{"start":{"line":1123,"column":0},"end":{"line":1123,"column":25}},"1123":{"start":{"line":1124,"column":0},"end":{"line":1124,"column":24}},"1124":{"start":{"line":1125,"column":0},"end":{"line":1125,"column":7}},"1125":{"start":{"line":1126,"column":0},"end":{"line":1126,"column":12}},"1126":{"start":{"line":1127,"column":0},"end":{"line":1127,"column":23}},"1127":{"start":{"line":1128,"column":0
[...]
{"name":"LongHexCode","decl":{"start":{"line":243,"column":19},"end":{"line":246,"column":9}},"loc":{"start":{"line":243,"column":19},"end":{"line":246,"column":9}},"line":243},"35":{"name":"peg$f10","decl":{"start":{"line":248,"column":16},"end":{"line":253,"column":5}},"loc":{"start":{"line":248,"column":16},"end":{"line":253,"column":5}},"line":248},"36":{"name":"ShortHexCode","decl":{"start":{"line":249,"column":19},"end":{"line":252,"column":9}},"loc":{"start":{"line":249,"column":19},"end":{"line":252,"column":9}},"line":249},"37":{"name":"peg$f11","decl":{"start":{"line":254,"column":16},"end":{"line":254,"column":42}},"loc":{"start":{"line":254,"column":16},"end":{"line":254,"column":42}},"line":254},"38":{"name":"peg$f12","decl":{"start":{"line":255,"column":16},"end":{"line":267,"column":5}},"loc":{"start":{"line":255,"column":16},"end":{"line":267,"column":5}},"line":255},"39":{"name":"MethodCall","decl":{"start":{"line":256,"column":19},"end":{"line":266,"column":9}},"loc":{"start":{"line":256,"column":19},"end":{"line":266,"column":9}},"line":256},"40":{"name":"peg$f13","decl":{"start":{"line":268,"column":16},"end":{"line":268,"column":51}},"loc":{"start":{"line":268,"column":16},"end":{"line":268,"column":51}},"line":268},"41":{"name":"text","decl":{"start":{"line":286,"column":2},"end":{"line":288,"column":3}},"loc":{"start":{"line":286,"column":2},"end":{"line":288,"column":3}},"line":286},"42":{"name":"offset","decl":{"start":{"line":290,"column":2},"end":{"line":292,"column":3}},"loc":{"start":{"line":290,"column":2},"end":{"line":292,"column":3}},"line":290},"43":{"name":"range","decl":{"start":{"line":294,"column":2},"end":{"line":300,"column":3}},"loc":{"start":{"line":294,"column":2},"end":{"line":300,"column":3}},"line":294},"44":{"name":"location","decl":{"start":{"line":302,"column":2},"end":{"line":304,"column":3}},"loc":{"start":{"line":302,"column":2},"end":{"line":304,"column":3}},"line":302},"45":{"name":"expected","decl":{"start":{"line":306,"column":2},"end":{"line":316,"column":3}},"loc":{"start":{"line":306,"column":2},"end":{"line":316,"column":3}},"line":306},"46":{"name":"error","decl":{"start":{"line":318,"column":2},"end":{"line":324,"column":3}},"loc":{"start":{"line":318,"column":2},"end":{"line":324,"column":3}},"line":318},"47":{"name":"peg$literalExpectation","decl":{"start":{"line":326,"column":2},"end":{"line":328,"column":3}},"loc":{"start":{"line":326,"column":2},"end":{"line":328,"column":3}},"line":326},"48":{"name":"peg$classExpectation","decl":{"start":{"line":330,"column":2},"end":{"line":332,"column":3}},"loc":{"start":{"line":330,"column":2},"end":{"line":332,"column":3}},"line":330},"49":{"name":"peg$anyExpectation","decl":{"start":{"line":334,"column":2},"end":{"line":336,"column":3}},"loc":{"start":{"line":334,"column":2},"end":{"line":336,"column":3}},"line":334},"50":{"name":"peg$endExpectation","decl":{"start":{"line":338,"column":2},"end":{"line":340,"column":3}},"loc":{"start":{"line":338,"column":2},"end":{"line":340,"column":3}},"line":338},"51":{"name":"peg$otherExpectation","decl":{"start":{"line":342,"column":2},"end":{"line":344,"column":3}},"loc":{"start":{"line":342,"column":2},"end":{"line":344,"column":3}},"line":342},"52":{"name":"peg$computePosDetails","decl":{"start":{"line":346,"column":2},"end":{"line":379,"column":3}},"loc":{"start":{"line":346,"column":2},"end":{"line":379,"column":3}},"line":346},"53":{"name":"peg$computeLocation","decl":{"start":{"line":381,"column":2},"end":{"line":398,"column":3}},"loc":{"start":{"line":381,"column":2},"end":{"line":398,"column":3}},"line":381},"54":{"name":"peg$fail","decl":{"start":{"line":400,"column":2},"end":{"line":409,"column":3}},"loc":{"start":{"line":400,"column":2},"end":{"line":409,"column":3}},"line":400},"55":{"name":"peg$buildSimpleError","decl":{"start":{"line":411,"column":2},"end":{"line":413,"column":3}},"loc":{"start":{"line":411,"column":2},"end":{"line":413,"column":3}},"line":411},"56":{"name":"peg$buildStructuredError","decl":{"start":{"line":415,"column":2},"end":{"line":422,"column":3}},"loc":{"start":{"line":415,"column":2},"end":{"line":422,"column":3}},"line":415},"57":{"name":"peg$parseStart","decl":{"start":{"line":424,"column":2},"end":{"line":430,"column":3}},"loc":{"start":{"line":424,"column":2},"end":{"line":430,"column":3}},"line":424},"58":{"name":"peg$parseExpression","decl":{"start":{"line":432,"column":2},"end":{"line":447,"column":3}},"loc":{"start":{"line":432,"column":2},"end":{"line":447,"column":3}},"line":432},"59":{"name":"peg$parseDigit","decl":{"start":{"line":449,"column":2},"end":{"line":461,"column":3}},"loc":{"start":{"line":449,"column":2},"end":{"line":461,"column":3}},"line":449},"60":{"name":"peg$parseNumber","decl":{"start":{"line":463,"column":2},"end":{"line":496,"column":3}},"loc":{"start":{"line":463,"column":2},"end":{"line":496,"column":3}},"line":463},"61":{"name":"peg$parseString","decl":{"start":{"line":498,"column":2},"end":{"line":531,"column":3}},"loc":{"start":{"line":498,"column":2},"end":{"line":531,"column":3}},"line":498},"62":{"name":"peg$parseLetters","decl":{"start":{"line":533,"column":2},"end":{"line":565,"column":3}},"loc":{"start":{"line":533,"column":2},"end":{"line":565,"column":3}},"line":533},"63":{"name":"peg$parseHexChar","decl":{"start":{"line":567,"column":2},"end":{"line":579,"column":3}},"loc":{"start":{"line":567,"column":2},"end":{"line":579,"column":3}},"line":567},"64":{"name":"peg$parseColor","decl":{"start":{"line":581,"column":2},"end":{"line":602,"column":3}},"loc":{"start":{"line":581,"column":2},"end":{"line":602,"column":3}},"line":581},"65":{"name":"peg$parseColorWeight","decl":{"start":{"line":604,"column":2},"end":{"line":651,"column":3}},"loc":{"start":{"line":604,"column":2},"end":{"line":651,"column":3}},"line":604},"66":{"name":"peg$parseThemeColor","decl":{"start":{"line":653,"column":2},"end":{"line":671,"column":3}},"loc":{"start":{"line":653,"column":2},"end":{"line":671,"column":3}},"line":653},"67":{"name":"peg$parseRgbValue","decl":{"start":{"line":673,"column":2},"end":{"line":701,"column":3}},"loc":{"start":{"line":673,"column":2},"end":{"line":701,"column":3}},"line":673},"68":{"name":"peg$parseRgbFunction","decl":{"start":{"line":703,"column":2},"end":{"line":783,"column":3}},"loc":{"start":{"line":703,"column":2},"end":{"line":783,"column":3}},"line":703},"69":{"name":"peg$parseHslValue","decl":{"start":{"line":785,"column":2},"end":{"line":846,"column":3}},"loc":{"start":{"line":785,"column":2},"end":{"line":846,"column":3}},"line":785},"70":{"name":"peg$parseHslFunction","decl":{"start":{"line":848,"column":2},"end":{"line":928,"column":3}},"loc":{"start":{"line":848,"column":2},"end":{"line":928,"column":3}},"line":848},"71":{"name":"peg$parseLongHexCode","decl":{"start":{"line":930,"column":2},"end":{"line":992,"column":3}},"loc":{"start":{"line":930,"column":2},"end":{"line":992,"column":3}},"line":930},"72":{"name":"peg$parseShortHexCode","decl":{"start":{"line":994,"column":2},"end":{"line":1038,"column":3}},"loc":{"start":{"line":994,"column":2},"end":{"line":1038,"column":3}},"line":994},"73":{"name":"peg$parseMethodCall","decl":{"start":{"line":1040,"column":2},"end":{"line":1091,"column":3}},"loc":{"start":{"line":1040,"column":2},"end":{"line":1091,"column":3}},"line":1040},"74":{"name":"peg$parseFunction","decl":{"start":{"line":1093,"column":2},"end":{"line":1132,"column":3}},"loc":{"start":{"line":1093,"column":2},"end":{"line":1132,"column":3}},"line":1093},"75":{"name":"peg$parseFunctionArguments","decl":{"start":{"line":1134,"column":2},"end":{"line":1193,"column":3}},"loc":{"start":{"line":1134,"column":2},"end":{"line":1193,"column":3}},"line":1134}},"f":{"0":2,"1":86,"2":2,"3":2,"4":42,"5":0,"6":0,"7":42,"8":33,"9":56,"10":0,"11":2,"12":0,"13":0,"14":64,"15":173,"16":91,"17":42,"18":42,"19":62,"20":7,"21":7,"22":59,"23":38,"24":6,"25":38,"26":38,"27":20,"28":2,"29":2,"30":39,"31":6,"32":6,"33":1,"34":1,"35":11,"36":11,"37":11,"38":11,"39":11,"40":9,"41":0,"42":0,"43":0,"44":0,"45":0,"46":0,"47":496,"48":372,"49":0,"50":36,"51":0,"52":84,"53":42,"54":654,"55":0,"56":42,"57":62,"58":84,"59":102,"60":26,"61":63,"62":76,"63":98,"64":84,"65":38,"66":76,"67":25,"68":84,"69":51,"70":82,"71":38,"72":37,"73":65,"74":16,"75":13}}
,"/Users/justinkimbrell/Code/tailwind-colorize-plugin/tailwind.config.js": {"path":"/Users/justinkimbrell/Code/tailwind-colorize-plugin/tailwind.config.js","all":false,"statementMap":{"0":{"start":{"line":1,"column":0},"end":{"line":1,"column":45}},"1":{"start":{"line":2,"column":0},"end":{"line":2,"column":57}},"2":{"start":{"line":3,"column":0},"end":{"line":3,"column":0}},"3":{"start":{"line":4,"column":0},"end":{"line":4,"column":43}},"4":{"start":{"line":5,"column":0},"end":{"line":5,"column":18}},"5":{"start":{"line":6,"column":0},"end":{"line":6,"column":12}},"6":{"start":{"line":7,"column":0},"end":{"line":7,"column":18}},"7":{"start":{"line":8,"column":0},"end":{"line":8,"column":4}},"8":{"start":{"line":9,"column":0},"end":{"line":9,"column":10}},"9":{"start":{"line":10,"column":0},"end":{"line":10,"column":13}},"10":{"start":{"line":11,"column":0},"end":{"line":11,"column":15}},"11":{"start":{"line":12,"column":0},"end":{"line":12,"column":23}},"12":{"start":{"line":13,"column":0},"end":{"line":13,"column":7}},"13":{"start":{"line":14,"column":0},"end":{"line":14,"column":6}},"14":{"start":{"line":15,"column":0},"end":{"line":15,"column":4}},"15":{"start":{"line":16,"column":0},"end":{"line":16,"column":12}},"16":{"start":{"line":17,"column":0},"end":{"line":17,"column":48}},"17":{"start":{"line":18,"column":0},"end":{"line":18,"column":4}},"18":{"start":{"line":19,"column":0},"end":{"line":19,"column":1}}},"s":{"0":1,"1":1,"2":1,"3":1,"4":1,"5":1,"6":1,"7":1,"8":1,"9":1,"10":1,"11":1,"12":1,"13":1,"14":1,"15":1,"16":1,"17":1,"18":1},"branchMap":{"0":{"type":"branch","line":1,"loc":{"start":{"line":1,"column":0},"end":{"line":19,"column":1}},"locations":[{"start":{"line":1,"column":0},"end":{"line":19,"column":1}}]},"1":{"type":"branch","line":1,"loc":{"start":{"line":1,"column":0},"end":{"line":19,"column":1}},"locations":[{"start":{"line":1,"column":0},"end":{"line":19,"column":1}}]}},"b":{"0":[1],"1":[1]},"fnMap":{"0":{"name":"Object.<anonymous>","decl":{"start":{"line":1,"column":0},"end":{"line":19,"column":1}},"loc":{"start":{"line":1,"column":0},"end":{"line":19,"column":1}},"line":1}},"f":{"0":1}}
,"/Users/justinkimbrell/Code/tailwind-colorize-plugin/src/helpers.ts": {"path":"/Users/justinkimbrell/Code/tailwind-colorize-plugin/src/helpers.ts","all":false,"statementMap":{"0":{"start":{"line":1,"column":0},"end":{"line":1,"column":26}},"1":{"start":{"line":2,"column":0},"end":{"line":2,"column":29}},"2":{"start":{"line":3,"column":0},"end":{"line":3,"column":0}},"3":{"start":{"line":4,"column":0},"end":{"line":4,"column":50}},"4":{"start":{"line":5,"column":0},"end":{"line":5,"column":0}},"5":{"start":{"line":6,"column":0},"end":{"line":6,"column":47}},"6":{"start":{"line":7,"column":0},"end":{"line":7,"column":32}},"7":{"start":{"line":8,"column":0},"end":{"line":8,"column":55}},"8":{"start":{"line":9,"column":0},"end":{"line":9,"column":9}},"9":{"start":{"line":10,"column":0},"end":{"line":10,"column":8}},"10":{"start":{"line":11,"column":0},"end":{"line":11,"column":24}},"11":{"start":{"line":12,"column":0},"end":{"line":12,"column":32}},"12":{"start":{"line":13,"column":0},"end":{"line":13,"column":31}},"13":{"start":{"line":14,"column":0},"end":{"line":14,"column":31}},"14":{"start":{"line":15,"column":0},"end":{"line":15,"column":31}},"15":{"start":{"line":16,"column":0},"end":{"line":16,"column":38}},"16":{"start":{"line":17,"column":0},"end":{"line":17,"column":32}},"17":{"start":{"line":18,"column":0},"end":{"line":18,"column":33}},"18":{"start":{"line":19,"column":0},"end":{"line":19,"column":30}},"19":{"start":{"line":20,"column":0},"end":{"line":20,"column":55}},"20":{"start":{"line":21,"column":0},"end":{"line":21,"column":9}},"21":{"start":{"line":22,"column":0},"end":{"line":22,"column":5}},"22":{"start":{"line":23,"column":0},"end":{"line":23,"column":0}},"23":{"start":{"line":24,"column":0},"end":{"line":24,"column":63}},"24":{"start":{"line":25,"column":0},"end":{"line":25,"column":56}},"25":{"start":{"line":26,"column":0},"end":{"line":26,"column":57}},"26":{"start":{"line":27,"column":0},"end":{"line":27,"column":61}},"27":{"start":{"line":28,"column":0},"end":{"line":28,"column":0}},"28":{"start":{"line":29,"column":0},"end":{"line":29,"column":56}},"29":{"start":{"line":30,"column":0},"end":{"line":30,"column":76}},"30":{"start":{"line":31,"column":0},"end":{"line":31,"column":13}},"31":{"start":{"line":32,"column":0},"end":{"line":32,"column":0}},"32":{"start":{"line":33,"column":0},"end":{"line":33,"column":45}},"33":{"start":{"line":34,"column":0},"end":{"line":34,"column":38}},"34":{"start":{"line":35,"column":0},"end":{"line":35,"column":5}},"35":{"start":{"line":36,"column":0},"end":{"line":36,"column":0}},"36":{"start":{"line":37,"column":0},"end":{"line":37,"column":54}},"37":{"start":{"line":38,"column":0},"end":{"line":38,"column":47}},"38":{"start":{"line":39,"column":0},"end":{"line":39,"column":5}},"39":{"start":{"line":40,"column":0},"end":{"line":40,"column":0}},"40":{"start":{"line":41,"column":0},"end":{"line":41,"column":87}},"41":{"start":{"line":42,"column":0},"end":{"line":42,"column":50}},"42":{"start":{"line":43,"column":0},"end":{"line":43,"column":37}},"43":{"start":{"line":44,"column":0},"end":{"line":44,"column":23}},"44":{"start":{"line":45,"column":0},"end":{"line":45,"column":8}},"45":{"start":{"line":46,"column":0},"end":{"line":46,"column":53}},"46":{"start":{"line":47,"column":0},"end":{"line":47,"column":0}},"47":{"start":{"line":48,"column":0},"end":{"line":48,"column":39}},"48":{"start":{"line":49,"column":0},"end":{"line":49,"column":32}},"49":{"start":{"line":50,"column":0},"end":{"line":50,"column":9}},"50":{"start":{"line":51,"column":0},"end":{"line":51,"column":0}},"51":{"start":{"line":52,"column":0},"end":{"line":52,"column":123}},"52":{"start":{"line":53,"column":0},"end":{"line":53,"column":0}},"53":{"start":{"line":54,"column":0},"end":{"line":54,"column":105}},"54":{"start":{"line":55,"column":0},"end":{"line":55,"column":5}},"55":{"start":{"line":56,"column":0},"end":{"line":56,"column":4}},"56":{"start":{"line":57,"column":0},"end":{"line":57,"column":12}},"57":{"start":{"line":58,"column":0},"end":{"line":58,"column":18}},"58":{"start":{"line":59,"column":0},"end":{"line":59,"column":6}},"59":{"start":{"line":60,"column":0},"end":{"line":60,"column":1}}},"s":{"0":1,"1":1,"2":1,"3":1,"4":1,"5":1,"6":23,"7":1,"8":1,"9":22,"10":22,"11":23,"12":23,"13":23,"14":23,"15":8,"16":23,"17":6,"18":23,"19":8,"20":23,"21":23,"22":1,"23":1,"24":15,"25":7,"26":7,"27":7,"28":7,"29":1,"30":1,"31":6,"32":6,"33":15,"34":15,"35":1,"36":1,"37":11,"38":11,"39":1,"40":1,"41":8,"42":8,"43":8,"44":8,"45":8,"46":8,"47":8,"48":3,"49":3,"50":5,"51":8,"52":8,"53":8,"54":8,"55":1,"56":1,"57":1,"58":1,"59":1},"branchMap":{"0":{"type":"branch","line":4,"loc":{"start":{"line":4,"column":0},"end":{"line":60,"column":1}},"locations":[{"start":{"line":4,"column":0},"end":{"line":60,"column":1}}]},"1":{"type":"branch","line":6,"loc":{"start":{"line":6,"column":4},"end":{"line":22,"column":5}},"locations":[{"start":{"line":6,"column":4},"end":{"line":22,"column":5}}]},"2":{"type":"branch","line":7,"loc":{"start":{"line":7,"column":31},"end":{"line":9,"column":9}},"locations":[{"start":{"line":7,"column":31},"end":{"line":9,"column":9}}]},"3":{"type":"branch","line":10,"loc":{"start":{"line":10,"column":-1},"end":{"line":12,"column":17}},"locations":[{"start":{"line":10,"column":-1},"end":{"line":12,"column":17}}]},"4":{"type":"branch","line":12,"loc":{"start":{"line":12,"column":12},"end":{"line":12,"column":32}},"locations":[{"start":{"line":12,"column":12},"end":{"line":12,"column":32}}]},"5":{"type":"branch","line":13,"loc":{"start":{"line":13,"column":12},"end":{"line":13,"column":31}},"locations":[{"start":{"line":13,"column":12},"end":{"line":13,"column":31}}]},"6":{"type":"branch","line":14,"loc":{"start":{"line":14,"column":12},"end":{"line":14,"column":31}},"locations":[{"start":{"line":14,"column":12},"end":{"line":14,"column":31}}]},"7":{"type":"branch","line":15,"loc":{"start":{"line":15,"column":12},"end":{"line":16,"column":38}},"locations":[{"start":{"line":15,"column":12},"end":{"line":16,"column":38}}]},"8":{"type":"branch","line":17,"loc":{"start":{"line":17,"column":12},"end":{"line":18,"column":33}},"locations":[{"start":{"line":17,"column":12},"end":{"line":18,"column":33}}]},"9":{"type":"branch","line":19,"loc":{"start":{"line":19,"column":12},"end":{"line":20,"column":55}},"locations":[{"start":{"line":19,"column":12},"end":{"line":20,"column":55}}]},"10":{"type":"branch","line":24,"loc":{"start":{"line":24,"column":4},"end":{"line":35,"column":5}},"locations":[{"start":{"line":24,"column":4},"end":{"line":35,"column":5}}]},"11":{"type":"branch","line":25,"loc":{"start":{"line":25,"column":28},"end":{"line":34,"column":9}},"locations":[{"start":{"line":25,"column":28},"end":{"line":34,"column":9}}]},"12":{"type":"branch","line":29,"loc":{"start":{"line":29,"column":55},"end":{"line":31,"column":13}},"locations":[{"start":{"line":29,"column":55},"end":{"line":31,"column":13}}]},"13":{"type":"branch","line":32,"loc":{"start":{"line":32,"column":-1},"end":{"line":34,"column":9}},"locations":[{"start":{"line":32,"column":-1},"end":{"line":34,"column":9}}]},"14":{"type":"branch","line":27,"loc":{"start":{"line":27,"column":24},"end":{"line":27,"column":59}},"locations":[{"start":{"line":27,"column":24},"end":{"line":27,"column":59}}]},"15":{"type":"branch","line":37,"loc":{"start":{"line":37,"column":4},"end":{"line":39,"column":5}},"locations":[{"start":{"line":37,"column":4},"end":{"line":39,"column":5}}]},"16":{"type":"branch","line":41,"loc":{"start":{"line":41,"column":4},"end":{"line":55,"column":5}},"locations":[{"start":{"line":41,"column":4},"end":{"line":55,"column":5}}]},"17":{"type":"branch","line":48,"loc":{"start":{"line":48,"column":38},"end":{"line":50,"column":9}},"locations":[{"start":{"line":48,"column":38},"end":{"line":50,"column":9}}]},"18":{"type":"branch","line":51,"loc":{"start":{"line":51,"column":-1},"end":{"line":52,"column":42}},"locations":[{"start":{"line":51,"column":-1},"end":{"line":52,"column":42}}]},"19":{"type":"branch","line":52,"loc":{"start":{"line":52,"column":38},"end":{"line":52,"column":121}},"locations":[{"start":{"line":52,"column":38},"end":{"line":52,"column":121}}]},"20":{"type":"branch","line":43,"loc":{"start":{"line":43,"column":20},"end":{"line":43,"column":36}},"locations":[{"start":{"line":43,"column":20},"end":{"line":43,"column":36}}]}},"b":{"0":[1],"1":[23],"2":[1],"3":[22],"4":[2],"5":[2],"6":[3],"7":[8],"8":[6],"9":[8],"10":[15],"11":[7],"12":[1],"13":[6],"14":[8],"15":[11],"16":[8],"17":[3],"18":[5],"19":[3],"20":[24]},"fnMap":{"0":{"name":"useTheme","decl":{"start":{"line":4,"column":0},"end":{"line":60,"column":1}},"loc":{"start":{"line":4,"column":0},"end":{"line":60,"column":1}},"line":4},"1":{"name":"transformArgument","decl":{"start":{"line":6,"column":4},"end":{"line":22,"column":5}},"loc":{"start":{"line":6,"column":4},"end":{"line":22,"column":5}},"line":6},"2":{"name":"transform","decl":{"start":{"line":24,"column":4},"end":{"line":35,"column":5}},"loc":{"start":{"line":24,"column":4},"end":{"line":35,"column":5}},"line":24},"3":{"name":"theme","decl":{"start":{"line":37,"column":4},"end":{"line":39,"column":5}},"loc":{"start":{"line":37,"column":4},"end":{"line":39,"column":5}},"line":37},"4":{"name":"themeColor","decl":{"start":{"line":41,"column":4},"end":{"line":55,"column":5}},"loc":{"start":{"line":41,"column":4},"end":{"line":55,"column":5}},"line":41}},"f":{"0":1,"1":23,"2":15,"3":11,"4":8}}
}
