{"total": {"lines":{"total":1296,"covered":1202,"skipped":0,"pct":92.74},"statements":{"total":1296,"covered":1202,"skipped":0,"pct":92.74},"functions":{"total":82,"covered":68,"skipped":0,"pct":82.92},"branches":{"total":295,"covered":286,"skipped":0,"pct":96.94},"branchesTrue":{"total":0,"covered":0,"skipped":0,"pct":100}}
,"/Users/justinkimbrell/Code/tailwind-colorize-plugin/grammar.js": {"lines":{"total":1217,"covered":1123,"skipped":0,"pct":92.27},"functions":{"total":76,"covered":62,"skipped":0,"pct":81.57},"statements":{"total":1217,"covered":1123,"skipped":0,"pct":92.27},"branches":{"total":272,"covered":263,"skipped":0,"pct":96.69}}
,"/Users/justinkimbrell/Code/tailwind-colorize-plugin/tailwind.config.js": {"lines":{"total":19,"covered":19,"skipped":0,"pct":100},"functions":{"total":1,"covered":1,"skipped":0,"pct":100},"statements":{"total":19,"covered":19,"skipped":0,"pct":100},"branches":{"total":2,"covered":2,"skipped":0,"pct":100}}
,"/Users/justinkimbrell/Code/tailwind-colorize-plugin/src/helpers.ts": {"lines":{"total":60,"covered":60,"skipped":0,"pct":100},"functions":{"total":5,"covered":5,"skipped":0,"pct":100},"statements":{"total":60,"covered":60,"skipped":0,"pct":100},"branches":{"total":21,"covered":21,"skipped":0,"pct":100}}
}
