TN:
SF:grammar.js
FN:1,Object.<anonymous>
FN:8,join
FN:12,peg$subclass
FN:13,C
FN:18,peg$SyntaxError
FN:33,peg$padEnd
FN:41,Object.<anonymous>.peg$SyntaxError.format
FN:72,Object.<anonymous>.peg$SyntaxError.buildMessage
FN:74,literal
FN:78,class
FN:88,any
FN:92,end
FN:96,other
FN:101,hex
FN:105,literalEscape
FN:117,classEscape
FN:131,describeExpectation
FN:135,describeExpected
FN:165,describeFound
FN:172,peg$parse
FN:212,peg$f0
FN:213,LiteralValue
FN:218,peg$f1
FN:219,peg$f2
FN:220,peg$f3
FN:221,peg$f4
FN:222,ThemeColor
FN:228,peg$f5
FN:229,peg$f6
FN:230,RgbFunction
FN:235,peg$f7
FN:236,peg$f8
FN:237,HslFunction
FN:242,peg$f9
FN:243,LongHexCode
FN:248,peg$f10
FN:249,ShortHexCode
FN:254,peg$f11
FN:255,peg$f12
FN:256,MethodCall
FN:268,peg$f13
FN:286,text
FN:290,offset
FN:294,range
FN:302,location
FN:306,expected
FN:318,error
FN:326,peg$literalExpectation
FN:330,peg$classExpectation
FN:334,peg$anyExpectation
FN:338,peg$endExpectation
FN:342,peg$otherExpectation
FN:346,peg$computePosDetails
FN:381,peg$computeLocation
FN:400,peg$fail
FN:411,peg$buildSimpleError
FN:415,peg$buildStructuredError
FN:424,peg$parseStart
FN:432,peg$parseExpression
FN:449,peg$parseDigit
FN:463,peg$parseNumber
FN:498,peg$parseString
FN:533,peg$parseLetters
FN:567,peg$parseHexChar
FN:581,peg$parseColor
FN:604,peg$parseColorWeight
FN:653,peg$parseThemeColor
FN:673,peg$parseRgbValue
FN:703,peg$parseRgbFunction
FN:785,peg$parseHslValue
FN:848,peg$parseHslFunction
FN:930,peg$parseLongHexCode
FN:994,peg$parseShortHexCode
FN:1040,peg$parseMethodCall
FN:1093,peg$parseFunction
FN:1134,peg$parseFunctionArguments
FNF:76
FNH:62
FNDA:2,Object.<anonymous>
FNDA:86,join
FNDA:2,peg$subclass
FNDA:2,C
FNDA:42,peg$SyntaxError
FNDA:0,peg$padEnd
FNDA:0,Object.<anonymous>.peg$SyntaxError.format
FNDA:42,Object.<anonymous>.peg$SyntaxError.buildMessage
FNDA:33,literal
FNDA:56,class
FNDA:0,any
FNDA:2,end
FNDA:0,other
FNDA:0,hex
FNDA:64,literalEscape
FNDA:173,classEscape
FNDA:91,describeExpectation
FNDA:42,describeExpected
FNDA:42,describeFound
FNDA:62,peg$parse
FNDA:7,peg$f0
FNDA:7,LiteralValue
FNDA:59,peg$f1
FNDA:38,peg$f2
FNDA:6,peg$f3
FNDA:38,peg$f4
FNDA:38,ThemeColor
FNDA:20,peg$f5
FNDA:2,peg$f6
FNDA:2,RgbFunction
FNDA:39,peg$f7
FNDA:6,peg$f8
FNDA:6,HslFunction
FNDA:1,peg$f9
FNDA:1,LongHexCode
FNDA:11,peg$f10
FNDA:11,ShortHexCode
FNDA:11,peg$f11
FNDA:11,peg$f12
FNDA:11,MethodCall
FNDA:9,peg$f13
FNDA:0,text
FNDA:0,offset
FNDA:0,range
FNDA:0,location
FNDA:0,expected
FNDA:0,error
FNDA:496,peg$literalExpectation
FNDA:372,peg$classExpectation
FNDA:0,peg$anyExpectation
FNDA:36,peg$endExpectation
FNDA:0,peg$otherExpectation
FNDA:84,peg$computePosDetails
FNDA:42,peg$computeLocation
FNDA:654,peg$fail
FNDA:0,peg$buildSimpleError
FNDA:42,peg$buildStructuredError
FNDA:62,peg$parseStart
FNDA:84,peg$parseExpression
FNDA:102,peg$parseDigit
FNDA:26,peg$parseNumber
FNDA:63,peg$parseString
FNDA:76,peg$parseLetters
FNDA:98,peg$parseHexChar
FNDA:84,peg$parseColor
FNDA:38,peg$parseColorWeight
FNDA:76,peg$parseThemeColor
FNDA:25,peg$parseRgbValue
FNDA:84,peg$parseRgbFunction
FNDA:51,peg$parseHslValue
FNDA:82,peg$parseHslFunction
FNDA:38,peg$parseLongHexCode
FNDA:37,peg$parseShortHexCode
FNDA:65,peg$parseMethodCall
FNDA:16,peg$parseFunction
FNDA:13,peg$parseFunctionArguments
DA:1,2
DA:2,2
DA:3,2
DA:4,2
DA:5,2
DA:6,2
DA:7,2
DA:8,2
DA:9,86
DA:10,86
DA:11,2
DA:12,2
DA:13,2
DA:14,2
DA:15,2
DA:16,2
DA:17,2
DA:18,42
DA:19,42
DA:20,42
DA:21,42
DA:22,42
DA:23,42
DA:24,42
DA:25,42
DA:26,42
DA:27,42
DA:28,42
DA:29,42
DA:30,2
DA:31,2
DA:32,2
DA:33,0
DA:34,0
DA:35,0
DA:36,0
DA:37,0
DA:38,0
DA:39,0
DA:40,2
DA:41,2
DA:42,0
DA:43,0
DA:44,0
DA:45,0
DA:46,0
DA:47,0
DA:48,0
DA:49,0
DA:50,0
DA:51,0
DA:52,0
DA:53,0
DA:54,0
DA:55,0
DA:56,0
DA:57,0
DA:58,0
DA:59,0
DA:60,0
DA:61,0
DA:62,0
DA:63,0
DA:64,0
DA:65,0
DA:66,0
DA:67,0
DA:68,0
DA:69,0
DA:70,2
DA:71,2
DA:72,2
DA:73,42
DA:74,42
DA:75,33
DA:76,42
DA:77,42
DA:78,42
DA:79,56
DA:80,100
DA:81,100
DA:82,100
DA:83,56
DA:84,56
DA:85,56
DA:86,42
DA:87,42
DA:88,42
DA:89,0
DA:90,42
DA:91,42
DA:92,42
DA:93,2
DA:94,42
DA:95,42
DA:96,42
DA:97,0
DA:98,0
DA:99,42
DA:100,42
DA:101,42
DA:102,0
DA:103,0
DA:104,42
DA:105,42
DA:106,64
DA:107,64
DA:108,64
DA:109,64
DA:110,64
DA:111,64
DA:112,64
DA:113,64
DA:114,64
DA:115,64
DA:116,42
DA:117,42
DA:118,173
DA:119,173
DA:120,173
DA:121,173
DA:122,173
DA:123,173
DA:124,173
DA:125,173
DA:126,173
DA:127,173
DA:128,173
DA:129,173
DA:130,42
DA:131,42
DA:132,91
DA:133,91
DA:134,42
DA:135,42
DA:136,42
DA:137,42
DA:138,42
DA:139,42
DA:140,42
DA:141,42
DA:142,42
DA:143,49
DA:144,41
DA:145,41
DA:146,41
DA:147,49
DA:148,42
DA:149,42
DA:150,42
DA:151,42
DA:152,42
DA:153,18
DA:154,42
DA:155,42
DA:156,18
DA:157,42
DA:158,42
DA:159,6
DA:160,6
DA:161,6
DA:162,42
DA:163,42
DA:164,42
DA:165,42
DA:166,42
DA:167,42
DA:168,42
DA:169,42
DA:170,2
DA:171,2
DA:172,62
DA:173,62
DA:174,62
DA:175,62
DA:176,62
DA:177,62
DA:178,62
DA:179,62
DA:180,62
DA:181,62
DA:182,62
DA:183,62
DA:184,62
DA:185,62
DA:186,62
DA:187,62
DA:188,62
DA:189,62
DA:190,62
DA:191,62
DA:192,62
DA:193,62
DA:194,62
DA:195,62
DA:196,62
DA:197,62
DA:198,62
DA:199,62
DA:200,62
DA:201,62
DA:202,62
DA:203,62
DA:204,62
DA:205,62
DA:206,62
DA:207,62
DA:208,62
DA:209,62
DA:210,62
DA:211,62
DA:212,62
DA:213,7
DA:214,7
DA:215,7
DA:216,7
DA:217,62
DA:218,62
DA:219,62
DA:220,62
DA:221,62
DA:222,38
DA:223,38
DA:224,38
DA:225,38
DA:226,38
DA:227,62
DA:228,62
DA:229,62
DA:230,2
DA:231,2
DA:232,2
DA:233,2
DA:234,62
DA:235,62
DA:236,62
DA:237,6
DA:238,6
DA:239,6
DA:240,6
DA:241,62
DA:242,62
DA:243,1
DA:244,1
DA:245,1
DA:246,1
DA:247,62
DA:248,62
DA:249,11
DA:250,11
DA:251,11
DA:252,11
DA:253,62
DA:254,62
DA:255,62
DA:256,11
DA:257,11
DA:258,11
DA:259,11
DA:260,9
DA:261,1
DA:262,1
DA:263,8
DA:264,8
DA:265,11
DA:266,11
DA:267,62
DA:268,62
DA:269,62
DA:270,62
DA:271,62
DA:272,62
DA:273,62
DA:274,62
DA:275,62
DA:276,62
DA:277,62
DA:278,62
DA:279,0
DA:280,0
DA:281,0
DA:282,0
DA:283,0
DA:284,0
DA:285,62
DA:286,62
DA:287,0
DA:288,0
DA:289,62
DA:290,62
DA:291,0
DA:292,0
DA:293,62
DA:294,62
DA:295,0
DA:296,0
DA:297,0
DA:298,0
DA:299,0
DA:300,0
DA:301,62
DA:302,62
DA:303,0
DA:304,0
DA:305,62
DA:306,62
DA:307,0
DA:308,0
DA:309,0
DA:310,0
DA:311,0
DA:312,0
DA:313,0
DA:314,0
DA:315,0
DA:316,0
DA:317,62
DA:318,62
DA:319,0
DA:320,0
DA:321,0
DA:322,0
DA:323,0
DA:324,0
DA:325,62
DA:326,62
DA:327,496
DA:328,496
DA:329,62
DA:330,62
DA:331,372
DA:332,372
DA:333,62
DA:334,62
DA:335,0
DA:336,0
DA:337,62
DA:338,62
DA:339,36
DA:340,36
DA:341,62
DA:342,62
DA:343,0
DA:344,0
DA:345,62
DA:346,62
DA:347,84
DA:348,84
DA:349,84
DA:350,84
DA:351,12
DA:352,84
DA:353,72
DA:354,72
DA:355,248
DA:356,248
DA:357,72
DA:358,72
DA:359,72
DA:360,72
DA:361,72
DA:362,72
DA:363,72
DA:364,72
DA:365,320
DA:366,0
DA:367,0
DA:368,320
DA:369,320
DA:370,320
DA:371,320
DA:372,320
DA:373,320
DA:374,72
DA:375,72
DA:376,72
DA:377,72
DA:378,72
DA:379,84
DA:380,62
DA:381,62
DA:382,42
DA:383,42
DA:384,42
DA:385,42
DA:386,42
DA:387,42
DA:388,42
DA:389,42
DA:390,42
DA:391,42
DA:392,42
DA:393,42
DA:394,42
DA:395,42
DA:396,42
DA:397,42
DA:398,42
DA:399,62
DA:400,62
DA:401,654
DA:402,510
DA:403,654
DA:404,191
DA:405,191
DA:406,191
DA:407,510
DA:408,510
DA:409,654
DA:410,62
DA:411,62
DA:412,0
DA:413,0
DA:414,62
DA:415,62
DA:416,42
DA:417,42
DA:418,42
DA:419,42
DA:420,42
DA:421,42
DA:422,42
DA:423,62
DA:424,62
DA:425,62
DA:426,62
DA:427,62
DA:428,62
DA:429,62
DA:430,62
DA:431,62
DA:432,62
DA:433,84
DA:434,84
DA:435,84
DA:436,84
DA:437,84
DA:438,65
DA:439,65
DA:440,65
DA:441,84
DA:442,19
DA:443,19
DA:444,19
DA:445,84
DA:446,84
DA:447,84
DA:448,62
DA:449,62
DA:450,102
DA:451,102
DA:452,102
DA:453,54
DA:454,54
DA:455,102
DA:456,48
DA:457,48
DA:458,48
DA:459,102
DA:460,102
DA:461,102
DA:462,62
DA:463,62
DA:464,26
DA:465,26
DA:466,26
DA:467,26
DA:468,5
DA:469,5
DA:470,26
DA:471,21
DA:472,21
DA:473,21
DA:474,26
DA:475,21
DA:476,21
DA:477,26
DA:478,26
DA:479,26
DA:480,7
DA:481,11
DA:482,11
DA:483,11
DA:484,26
DA:485,19
DA:486,19
DA:487,26
DA:488,7
DA:489,7
DA:490,26
DA:491,19
DA:492,19
DA:493,19
DA:494,26
DA:495,26
DA:496,26
DA:497,62
DA:498,62
DA:499,63
DA:500,63
DA:501,63
DA:502,63
DA:503,63
DA:504,59
DA:505,59
DA:506,63
DA:507,4
DA:508,4
DA:509,4
DA:510,63
DA:511,59
DA:512,152
DA:513,152
DA:514,93
DA:515,93
DA:516,152
DA:517,59
DA:518,59
DA:519,59
DA:520,152
DA:521,63
DA:522,4
DA:523,4
DA:524,63
DA:525,59
DA:526,59
DA:527,59
DA:528,63
DA:529,63
DA:530,63
DA:531,63
DA:532,62
DA:533,62
DA:534,76
DA:535,76
DA:536,76
DA:537,76
DA:538,76
DA:539,40
DA:540,40
DA:541,74
DA:542,36
DA:543,36
DA:544,36
DA:545,76
DA:546,40
DA:547,40
DA:548,38
DA:549,38
DA:550,40
DA:551,2
DA:552,2
DA:553,2
DA:554,76
DA:555,36
DA:556,36
DA:557,36
DA:558,76
DA:559,38
DA:560,38
DA:561,38
DA:562,76
DA:563,76
DA:564,76
DA:565,76
DA:566,62
DA:567,62
DA:568,98
DA:569,98
DA:570,98
DA:571,81
DA:572,81
DA:573,98
DA:574,17
DA:575,17
DA:576,17
DA:577,98
DA:578,98
DA:579,98
DA:580,62
DA:581,62
DA:582,84
DA:583,84
DA:584,84
DA:585,84
DA:586,82
DA:587,82
DA:588,76
DA:589,76
DA:590,38
DA:591,38
DA:592,37
DA:593,37
DA:594,26
DA:595,26
DA:596,37
DA:597,38
DA:598,76
DA:599,82
DA:600,84
DA:601,84
DA:602,84
DA:603,62
DA:604,62
DA:605,38
DA:606,38
DA:607,38
DA:608,38
DA:609,7
DA:610,7
DA:611,37
DA:612,31
DA:613,31
DA:614,31
DA:615,38
DA:616,7
DA:617,7
DA:618,7
DA:619,7
DA:620,7
DA:621,1
DA:622,1
DA:623,7
DA:624,6
DA:625,6
DA:626,6
DA:627,7
DA:628,7
DA:629,6
DA:630,7
DA:631,1
DA:632,1
DA:633,1
DA:634,7
DA:635,6
DA:636,6
DA:637,7
DA:638,1
DA:639,1
DA:640,1
DA:641,7
DA:642,0
DA:643,0
DA:644,0
DA:645,38
DA:646,31
DA:647,31
DA:648,31
DA:649,38
DA:650,38
DA:651,38
DA:652,62
DA:653,62
DA:654,76
DA:655,76
DA:656,76
DA:657,76
DA:658,76
DA:659,38
DA:660,38
DA:661,32
DA:662,32
DA:663,38
DA:664,38
DA:665,38
DA:666,38
DA:667,38
DA:668,38
DA:669,76
DA:670,76
DA:671,76
DA:672,62
DA:673,62
DA:674,25
DA:675,25
DA:676,25
DA:677,25
DA:678,25
DA:679,25
DA:680,20
DA:681,20
DA:682,8
DA:683,8
DA:684,20
DA:685,20
DA:686,9
DA:687,9
DA:688,20
DA:689,20
DA:690,25
DA:691,5
DA:692,5
DA:693,5
DA:694,25
DA:695,20
DA:696,20
DA:697,20
DA:698,25
DA:699,25
DA:700,25
DA:701,25
DA:702,62
DA:703,62
DA:704,84
DA:705,84
DA:706,84
DA:707,84
DA:708,84
DA:709,14
DA:710,14
DA:711,84
DA:712,70
DA:713,70
DA:714,70
DA:715,84
DA:716,14
DA:717,14
DA:718,10
DA:719,7
DA:720,7
DA:721,10
DA:722,3
DA:723,3
DA:724,3
DA:725,10
DA:726,7
DA:727,7
DA:728,6
DA:729,4
DA:730,4
DA:731,6
DA:732,2
DA:733,2
DA:734,2
DA:735,6
DA:736,4
DA:737,4
DA:738,4
DA:739,2
DA:740,2
DA:741,2
DA:742,2
DA:743,2
DA:744,2
DA:745,4
DA:746,2
DA:747,2
DA:748,2
DA:749,2
DA:750,2
DA:751,2
DA:752,4
DA:753,0
DA:754,0
DA:755,0
DA:756,6
DA:757,2
DA:758,2
DA:759,2
DA:760,7
DA:761,1
DA:762,1
DA:763,1
DA:764,10
DA:765,3
DA:766,3
DA:767,3
DA:768,14
DA:769,4
DA:770,4
DA:771,4
DA:772,84
DA:773,70
DA:774,70
DA:775,70
DA:776,84
DA:777,2
DA:778,2
DA:779,2
DA:780,84
DA:781,84
DA:782,84
DA:783,84
DA:784,62
DA:785,62
DA:786,51
DA:787,51
DA:788,51
DA:789,51
DA:790,51
DA:791,4
DA:792,4
DA:793,51
DA:794,47
DA:795,47
DA:796,47
DA:797,51
DA:798,47
DA:799,47
DA:800,51
DA:801,51
DA:802,39
DA:803,39
DA:804,51
DA:805,12
DA:806,12
DA:807,12
DA:808,51
DA:809,39
DA:810,94
DA:811,94
DA:812,55
DA:813,55
DA:814,94
DA:815,39
DA:816,39
DA:817,39
DA:818,94
DA:819,51
DA:820,12
DA:821,12
DA:822,51
DA:823,39
DA:824,4
DA:825,4
DA:826,39
DA:827,35
DA:828,35
DA:829,35
DA:830,39
DA:831,35
DA:832,35
DA:833,39
DA:834,39
DA:835,51
DA:836,12
DA:837,12
DA:838,12
DA:839,51
DA:840,39
DA:841,39
DA:842,39
DA:843,51
DA:844,51
DA:845,51
DA:846,51
DA:847,62
DA:848,62
DA:849,82
DA:850,82
DA:851,82
DA:852,82
DA:853,82
DA:854,21
DA:855,21
DA:856,82
DA:857,61
DA:858,61
DA:859,61
DA:860,82
DA:861,21
DA:862,21
DA:863,17
DA:864,17
DA:865,17
DA:866,17
DA:867,0
DA:868,0
DA:869,0
DA:870,17
DA:871,17
DA:872,17
DA:873,14
DA:874,13
DA:875,13
DA:876,14
DA:877,1
DA:878,1
DA:879,1
DA:880,14
DA:881,13
DA:882,13
DA:883,8
DA:884,6
DA:885,6
DA:886,8
DA:887,2
DA:888,2
DA:889,2
DA:890,8
DA:891,6
DA:892,6
DA:893,8
DA:894,2
DA:895,2
DA:896,2
DA:897,13
DA:898,5
DA:899,5
DA:900,5
DA:901,14
DA:902,1
DA:903,1
DA:904,1
DA:905,17
DA:906,3
DA:907,3
DA:908,3
DA:909,17
DA:910,0
DA:911,0
DA:912,0
DA:913,21
DA:914,4
DA:915,4
DA:916,4
DA:917,82
DA:918,61
DA:919,61
DA:920,61
DA:921,82
DA:922,6
DA:923,6
DA:924,6
DA:925,82
DA:926,82
DA:927,82
DA:928,82
DA:929,62
DA:930,62
DA:931,38
DA:932,38
DA:933,38
DA:934,38
DA:935,38
DA:936,15
DA:937,15
DA:938,38
DA:939,23
DA:940,23
DA:941,23
DA:942,38
DA:943,15
DA:944,15
DA:945,14
DA:946,14
DA:947,13
DA:948,13
DA:949,12
DA:950,12
DA:951,3
DA:952,3
DA:953,2
DA:954,2
DA:955,1
DA:956,1
DA:957,1
DA:958,1
DA:959,1
DA:960,1
DA:961,3
DA:962,1
DA:963,1
DA:964,1
DA:965,12
DA:966,9
DA:967,9
DA:968,9
DA:969,13
DA:970,1
DA:971,1
DA:972,1
DA:973,14
DA:974,1
DA:975,1
DA:976,1
DA:977,15
DA:978,1
DA:979,1
DA:980,1
DA:981,38
DA:982,23
DA:983,23
DA:984,23
DA:985,38
DA:986,1
DA:987,1
DA:988,1
DA:989,38
DA:990,38
DA:991,38
DA:992,38
DA:993,62
DA:994,62
DA:995,37
DA:996,37
DA:997,37
DA:998,37
DA:999,37
DA:1000,14
DA:1001,14
DA:1002,37
DA:1003,23
DA:1004,23
DA:1005,23
DA:1006,37
DA:1007,14
DA:1008,14
DA:1009,13
DA:1010,13
DA:1011,12
DA:1012,12
DA:1013,11
DA:1014,11
DA:1015,12
DA:1016,1
DA:1017,1
DA:1018,1
DA:1019,13
DA:1020,1
DA:1021,1
DA:1022,1
DA:1023,14
DA:1024,1
DA:1025,1
DA:1026,1
DA:1027,37
DA:1028,23
DA:1029,23
DA:1030,23
DA:1031,37
DA:1032,11
DA:1033,11
DA:1034,11
DA:1035,37
DA:1036,37
DA:1037,37
DA:1038,37
DA:1039,62
DA:1040,62
DA:1041,65
DA:1042,65
DA:1043,65
DA:1044,65
DA:1045,65
DA:1046,12
DA:1047,12
DA:1048,65
DA:1049,53
DA:1050,53
DA:1051,53
DA:1052,65
DA:1053,12
DA:1054,12
DA:1055,8
DA:1056,8
DA:1057,12
DA:1058,4
DA:1059,4
DA:1060,4
DA:1061,65
DA:1062,53
DA:1063,53
DA:1064,53
DA:1065,65
DA:1066,11
DA:1067,11
DA:1068,11
DA:1069,4
DA:1070,4
DA:1071,11
DA:1072,7
DA:1073,7
DA:1074,7
DA:1075,11
DA:1076,4
DA:1077,4
DA:1078,3
DA:1079,3
DA:1080,4
DA:1081,1
DA:1082,1
DA:1083,1
DA:1084,11
DA:1085,7
DA:1086,7
DA:1087,7
DA:1088,11
DA:1089,65
DA:1090,65
DA:1091,65
DA:1092,62
DA:1093,62
DA:1094,16
DA:1095,16
DA:1096,16
DA:1097,16
DA:1098,16
DA:1099,14
DA:1100,13
DA:1101,13
DA:1102,14
DA:1103,1
DA:1104,1
DA:1105,1
DA:1106,14
DA:1107,13
DA:1108,13
DA:1109,11
DA:1110,11
DA:1111,13
DA:1112,2
DA:1113,2
DA:1114,2
DA:1115,13
DA:1116,11
DA:1117,11
DA:1118,13
DA:1119,2
DA:1120,2
DA:1121,2
DA:1122,14
DA:1123,1
DA:1124,1
DA:1125,1
DA:1126,16
DA:1127,2
DA:1128,2
DA:1129,2
DA:1130,16
DA:1131,16
DA:1132,16
DA:1133,62
DA:1134,62
DA:1135,13
DA:1136,13
DA:1137,13
DA:1138,13
DA:1139,13
DA:1140,1
DA:1141,1
DA:1142,13
DA:1143,12
DA:1144,12
DA:1145,12
DA:1146,13
DA:1147,12
DA:1148,12
DA:1149,13
DA:1150,13
DA:1151,13
DA:1152,7
DA:1153,7
DA:1154,7
DA:1155,13
DA:1156,13
DA:1157,7
DA:1158,7
DA:1159,13
DA:1160,6
DA:1161,6
DA:1162,6
DA:1163,13
DA:1164,9
DA:1165,9
DA:1166,9
DA:1167,2
DA:1168,2
DA:1169,9
DA:1170,7
DA:1171,7
DA:1172,7
DA:1173,9
DA:1174,7
DA:1175,7
DA:1176,9
DA:1177,9
DA:1178,9
DA:1179,2
DA:1180,2
DA:1181,2
DA:1182,9
DA:1183,9
DA:1184,2
DA:1185,2
DA:1186,9
DA:1187,7
DA:1188,7
DA:1189,7
DA:1190,9
DA:1191,13
DA:1192,13
DA:1193,13
DA:1194,62
DA:1195,62
DA:1196,62
DA:1197,62
DA:1198,20
DA:1199,62
DA:1200,42
DA:1201,36
DA:1202,36
DA:1203,42
DA:1204,42
DA:1205,42
DA:1206,42
DA:1207,42
DA:1208,42
DA:1209,42
DA:1210,42
DA:1211,42
DA:1212,62
DA:1213,2
DA:1214,2
DA:1215,2
DA:1216,2
DA:1217,2
LF:1217
LH:1123
BRDA:1,0,0,2
BRDA:1,1,0,2
BRDA:8,2,0,86
BRDA:12,3,0,2
BRDA:13,4,0,2
BRDA:18,5,0,42
BRDA:72,6,0,42
BRDA:74,7,0,33
BRDA:78,8,0,56
BRDA:85,9,0,0
BRDA:79,10,0,100
BRDA:81,11,0,73
BRDA:82,12,0,27
BRDA:92,13,0,2
BRDA:105,14,0,64
BRDA:117,15,0,173
BRDA:131,16,0,91
BRDA:135,17,0,42
BRDA:142,18,0,49
BRDA:143,19,0,41
BRDA:152,20,0,18
BRDA:155,21,0,18
BRDA:158,22,0,6
BRDA:165,23,0,42
BRDA:166,24,0,31
BRDA:166,25,0,11
BRDA:172,26,0,62
BRDA:173,27,0,0
BRDA:278,28,0,0
BRDA:1197,29,0,56
BRDA:1197,30,0,20
BRDA:1199,31,0,42
BRDA:1200,32,0,36
BRDA:1200,33,0,36
BRDA:1206,34,0,31
BRDA:1206,35,0,11
BRDA:1208,36,0,31
BRDA:1209,37,0,11
BRDA:212,38,0,7
BRDA:213,39,0,7
BRDA:218,40,0,59
BRDA:219,41,0,38
BRDA:220,42,0,6
BRDA:221,43,0,38
BRDA:222,44,0,38
BRDA:228,45,0,20
BRDA:229,46,0,2
BRDA:230,47,0,2
BRDA:235,48,0,39
BRDA:236,49,0,6
BRDA:237,50,0,6
BRDA:242,51,0,1
BRDA:243,52,0,1
BRDA:248,53,0,11
BRDA:249,54,0,11
BRDA:254,55,0,11
BRDA:255,56,0,11
BRDA:256,57,0,11
BRDA:259,58,0,9
BRDA:260,59,0,1
BRDA:263,60,0,8
BRDA:268,61,0,9
BRDA:326,62,0,496
BRDA:330,63,0,372
BRDA:338,64,0,36
BRDA:346,65,0,84
BRDA:350,66,0,12
BRDA:352,67,0,72
BRDA:354,68,0,248
BRDA:364,69,0,320
BRDA:365,70,0,0
BRDA:381,71,0,42
BRDA:400,72,0,654
BRDA:401,73,0,144
BRDA:402,74,0,510
BRDA:403,75,0,191
BRDA:407,76,0,510
BRDA:415,77,0,42
BRDA:424,78,0,62
BRDA:432,79,0,84
BRDA:437,80,0,65
BRDA:441,81,0,19
BRDA:449,82,0,102
BRDA:452,83,0,54
BRDA:455,84,0,48
BRDA:463,85,0,26
BRDA:467,86,0,5
BRDA:470,87,0,21
BRDA:474,88,0,21
BRDA:479,89,0,7
BRDA:480,90,0,11
BRDA:484,91,0,19
BRDA:487,92,0,7
BRDA:490,93,0,19
BRDA:498,94,0,63
BRDA:503,95,0,59
BRDA:506,96,0,4
BRDA:510,97,0,59
BRDA:511,98,0,152
BRDA:513,99,0,93
BRDA:516,100,0,59
BRDA:521,101,0,4
BRDA:524,102,0,59
BRDA:533,103,0,76
BRDA:538,104,0,74
BRDA:538,105,0,40
BRDA:541,106,0,36
BRDA:545,107,0,40
BRDA:547,108,0,38
BRDA:550,109,0,2
BRDA:554,110,0,36
BRDA:558,111,0,38
BRDA:567,112,0,98
BRDA:570,113,0,81
BRDA:573,114,0,17
BRDA:581,115,0,84
BRDA:585,116,0,82
BRDA:587,117,0,76
BRDA:589,118,0,38
BRDA:591,119,0,37
BRDA:593,120,0,26
BRDA:604,121,0,38
BRDA:608,122,0,37
BRDA:608,123,0,7
BRDA:611,124,0,31
BRDA:615,125,0,7
BRDA:620,126,0,1
BRDA:623,127,0,6
BRDA:625,128,0,0
BRDA:628,129,0,6
BRDA:630,130,0,1
BRDA:634,131,0,6
BRDA:637,132,0,1
BRDA:641,133,0,0
BRDA:645,134,0,31
BRDA:653,135,0,76
BRDA:658,136,0,38
BRDA:660,137,0,32
BRDA:673,138,0,25
BRDA:679,139,0,20
BRDA:681,140,0,8
BRDA:685,141,0,9
BRDA:690,142,0,5
BRDA:694,143,0,20
BRDA:703,144,0,84
BRDA:708,145,0,14
BRDA:711,146,0,70
BRDA:715,147,0,14
BRDA:717,148,0,10
BRDA:718,149,0,7
BRDA:721,150,0,3
BRDA:725,151,0,7
BRDA:727,152,0,6
BRDA:728,153,0,4
BRDA:731,154,0,2
BRDA:735,155,0,4
BRDA:738,156,0,2
BRDA:745,157,0,2
BRDA:752,158,0,0
BRDA:756,159,0,2
BRDA:760,160,0,1
BRDA:764,161,0,3
BRDA:768,162,0,4
BRDA:772,163,0,70
BRDA:776,164,0,2
BRDA:785,165,0,51
BRDA:790,166,0,4
BRDA:793,167,0,47
BRDA:797,168,0,47
BRDA:801,169,0,39
BRDA:804,170,0,12
BRDA:808,171,0,39
BRDA:809,172,0,94
BRDA:811,173,0,55
BRDA:814,174,0,39
BRDA:819,175,0,12
BRDA:822,176,0,39
BRDA:823,177,0,4
BRDA:826,178,0,35
BRDA:830,179,0,35
BRDA:835,180,0,12
BRDA:839,181,0,39
BRDA:848,182,0,82
BRDA:853,183,0,21
BRDA:856,184,0,61
BRDA:860,185,0,21
BRDA:862,186,0,17
BRDA:866,187,0,0
BRDA:872,188,0,14
BRDA:873,189,0,13
BRDA:876,190,0,1
BRDA:880,191,0,13
BRDA:882,192,0,8
BRDA:883,193,0,6
BRDA:886,194,0,2
BRDA:890,195,0,6
BRDA:893,196,0,2
BRDA:897,197,0,5
BRDA:901,198,0,1
BRDA:905,199,0,3
BRDA:909,200,0,0
BRDA:913,201,0,4
BRDA:917,202,0,61
BRDA:921,203,0,6
BRDA:930,204,0,38
BRDA:935,205,0,15
BRDA:938,206,0,23
BRDA:942,207,0,15
BRDA:944,208,0,14
BRDA:946,209,0,13
BRDA:948,210,0,12
BRDA:950,211,0,3
BRDA:952,212,0,2
BRDA:954,213,0,1
BRDA:961,214,0,1
BRDA:965,215,0,9
BRDA:969,216,0,1
BRDA:973,217,0,1
BRDA:977,218,0,1
BRDA:981,219,0,23
BRDA:985,220,0,1
BRDA:994,221,0,37
BRDA:999,222,0,14
BRDA:1002,223,0,23
BRDA:1006,224,0,14
BRDA:1008,225,0,13
BRDA:1010,226,0,12
BRDA:1012,227,0,11
BRDA:1015,228,0,1
BRDA:1019,229,0,1
BRDA:1023,230,0,1
BRDA:1027,231,0,23
BRDA:1031,232,0,11
BRDA:1040,233,0,65
BRDA:1045,234,0,12
BRDA:1048,235,0,53
BRDA:1052,236,0,12
BRDA:1054,237,0,8
BRDA:1057,238,0,4
BRDA:1061,239,0,53
BRDA:1065,240,0,11
BRDA:1068,241,0,4
BRDA:1071,242,0,7
BRDA:1075,243,0,4
BRDA:1077,244,0,3
BRDA:1080,245,0,1
BRDA:1084,246,0,7
BRDA:1093,247,0,16
BRDA:1098,248,0,14
BRDA:1099,249,0,13
BRDA:1102,250,0,1
BRDA:1106,251,0,13
BRDA:1108,252,0,11
BRDA:1111,253,0,2
BRDA:1115,254,0,11
BRDA:1118,255,0,2
BRDA:1122,256,0,1
BRDA:1126,257,0,2
BRDA:1134,258,0,13
BRDA:1139,259,0,1
BRDA:1142,260,0,12
BRDA:1146,261,0,12
BRDA:1151,262,0,7
BRDA:1156,263,0,7
BRDA:1159,264,0,6
BRDA:1163,265,0,9
BRDA:1166,266,0,2
BRDA:1169,267,0,7
BRDA:1173,268,0,7
BRDA:1178,269,0,2
BRDA:1183,270,0,2
BRDA:1186,271,0,7
BRF:272
BRH:263
end_of_record
TN:
SF:tailwind.config.js
FN:1,Object.<anonymous>
FNF:1
FNH:1
FNDA:1,Object.<anonymous>
DA:1,1
DA:2,1
DA:3,1
DA:4,1
DA:5,1
DA:6,1
DA:7,1
DA:8,1
DA:9,1
DA:10,1
DA:11,1
DA:12,1
DA:13,1
DA:14,1
DA:15,1
DA:16,1
DA:17,1
DA:18,1
DA:19,1
LF:19
LH:19
BRDA:1,0,0,1
BRDA:1,1,0,1
BRF:2
BRH:2
end_of_record
TN:
SF:src/helpers.ts
FN:4,useTheme
FN:6,transformArgument
FN:24,transform
FN:37,theme
FN:41,themeColor
FNF:5
FNH:5
FNDA:1,useTheme
FNDA:23,transformArgument
FNDA:15,transform
FNDA:11,theme
FNDA:8,themeColor
DA:1,1
DA:2,1
DA:3,1
DA:4,1
DA:5,1
DA:6,1
DA:7,23
DA:8,1
DA:9,1
DA:10,22
DA:11,22
DA:12,23
DA:13,23
DA:14,23
DA:15,23
DA:16,8
DA:17,23
DA:18,6
DA:19,23
DA:20,8
DA:21,23
DA:22,23
DA:23,1
DA:24,1
DA:25,15
DA:26,7
DA:27,7
DA:28,7
DA:29,7
DA:30,1
DA:31,1
DA:32,6
DA:33,6
DA:34,15
DA:35,15
DA:36,1
DA:37,1
DA:38,11
DA:39,11
DA:40,1
DA:41,1
DA:42,8
DA:43,8
DA:44,8
DA:45,8
DA:46,8
DA:47,8
DA:48,8
DA:49,3
DA:50,3
DA:51,5
DA:52,8
DA:53,8
DA:54,8
DA:55,8
DA:56,1
DA:57,1
DA:58,1
DA:59,1
DA:60,1
LF:60
LH:60
BRDA:4,0,0,1
BRDA:6,1,0,23
BRDA:7,2,0,1
BRDA:10,3,0,22
BRDA:12,4,0,2
BRDA:13,5,0,2
BRDA:14,6,0,3
BRDA:15,7,0,8
BRDA:17,8,0,6
BRDA:19,9,0,8
BRDA:24,10,0,15
BRDA:25,11,0,7
BRDA:29,12,0,1
BRDA:32,13,0,6
BRDA:27,14,0,8
BRDA:37,15,0,11
BRDA:41,16,0,8
BRDA:48,17,0,3
BRDA:51,18,0,5
BRDA:52,19,0,3
BRDA:43,20,0,24
BRF:21
BRH:21
end_of_record
