TN:
SF:grammar.js
FN:1,Object.<anonymous>
FN:8,join
FN:12,peg$subclass
FN:13,C
FN:18,peg$SyntaxError
FN:33,peg$padEnd
FN:41,Object.<anonymous>.peg$SyntaxError.format
FN:72,Object.<anonymous>.peg$SyntaxError.buildMessage
FN:74,literal
FN:78,class
FN:88,any
FN:92,end
FN:96,other
FN:101,hex
FN:105,literalEscape
FN:117,classEscape
FN:131,describeExpectation
FN:135,describeExpected
FN:165,describeFound
FN:172,peg$parse
FN:212,peg$f0
FN:213,LiteralValue
FN:218,peg$f1
FN:219,peg$f2
FN:220,peg$f3
FN:221,peg$f4
FN:222,ThemeColor
FN:228,peg$f5
FN:229,peg$f6
FN:230,RgbFunction
FN:235,peg$f7
FN:236,peg$f8
FN:237,HslFunction
FN:242,peg$f9
FN:243,LongHexCode
FN:248,peg$f10
FN:249,ShortHexCode
FN:254,peg$f11
FN:255,peg$f12
FN:256,MethodCall
FN:262,peg$f13
FN:280,text
FN:284,offset
FN:288,range
FN:296,location
FN:300,expected
FN:312,error
FN:320,peg$literalExpectation
FN:324,peg$classExpectation
FN:328,peg$anyExpectation
FN:332,peg$endExpectation
FN:336,peg$otherExpectation
FN:340,peg$computePosDetails
FN:375,peg$computeLocation
FN:394,peg$fail
FN:405,peg$buildSimpleError
FN:409,peg$buildStructuredError
FN:418,peg$parseStart
FN:426,peg$parseExpression
FN:443,peg$parseDigit
FN:457,peg$parseNumber
FN:492,peg$parseString
FN:527,peg$parseLetters
FN:561,peg$parseHexChar
FN:575,peg$parseColor
FN:598,peg$parseColorWeight
FN:647,peg$parseThemeColor
FN:667,peg$parseRgbValue
FN:697,peg$parseRgbFunction
FN:779,peg$parseHslValue
FN:842,peg$parseHslFunction
FN:924,peg$parseLongHexCode
FN:988,peg$parseShortHexCode
FN:1034,peg$parseMethodCall
FN:1087,peg$parseFunction
FN:1128,peg$parseFunctionArguments
FNF:76
FNH:62
FNDA:2,Object.<anonymous>
FNDA:81,join
FNDA:2,peg$subclass
FNDA:2,C
FNDA:39,peg$SyntaxError
FNDA:0,peg$padEnd
FNDA:0,Object.<anonymous>.peg$SyntaxError.format
FNDA:39,Object.<anonymous>.peg$SyntaxError.buildMessage
FNDA:33,literal
FNDA:50,class
FNDA:0,any
FNDA:2,end
FNDA:0,other
FNDA:0,hex
FNDA:61,literalEscape
FNDA:161,classEscape
FNDA:85,describeExpectation
FNDA:39,describeExpected
FNDA:39,describeFound
FNDA:59,peg$parse
FNDA:7,peg$f0
FNDA:7,LiteralValue
FNDA:56,peg$f1
FNDA:35,peg$f2
FNDA:6,peg$f3
FNDA:35,peg$f4
FNDA:35,ThemeColor
FNDA:20,peg$f5
FNDA:2,peg$f6
FNDA:2,RgbFunction
FNDA:34,peg$f7
FNDA:6,peg$f8
FNDA:6,HslFunction
FNDA:1,peg$f9
FNDA:1,LongHexCode
FNDA:11,peg$f10
FNDA:11,ShortHexCode
FNDA:11,peg$f11
FNDA:11,peg$f12
FNDA:11,MethodCall
FNDA:9,peg$f13
FNDA:0,text
FNDA:0,offset
FNDA:0,range
FNDA:0,location
FNDA:0,expected
FNDA:0,error
FNDA:472,peg$literalExpectation
FNDA:354,peg$classExpectation
FNDA:0,peg$anyExpectation
FNDA:33,peg$endExpectation
FNDA:0,peg$otherExpectation
FNDA:78,peg$computePosDetails
FNDA:39,peg$computeLocation
FNDA:618,peg$fail
FNDA:0,peg$buildSimpleError
FNDA:39,peg$buildStructuredError
FNDA:59,peg$parseStart
FNDA:81,peg$parseExpression
FNDA:102,peg$parseDigit
FNDA:26,peg$parseNumber
FNDA:60,peg$parseString
FNDA:73,peg$parseLetters
FNDA:98,peg$parseHexChar
FNDA:81,peg$parseColor
FNDA:35,peg$parseColorWeight
FNDA:73,peg$parseThemeColor
FNDA:25,peg$parseRgbValue
FNDA:81,peg$parseRgbFunction
FNDA:43,peg$parseHslValue
FNDA:79,peg$parseHslFunction
FNDA:38,peg$parseLongHexCode
FNDA:37,peg$parseShortHexCode
FNDA:62,peg$parseMethodCall
FNDA:16,peg$parseFunction
FNDA:13,peg$parseFunctionArguments
DA:1,2
DA:2,2
DA:3,2
DA:4,2
DA:5,2
DA:6,2
DA:7,2
DA:8,2
DA:9,81
DA:10,81
DA:11,2
DA:12,2
DA:13,2
DA:14,2
DA:15,2
DA:16,2
DA:17,2
DA:18,39
DA:19,39
DA:20,39
DA:21,39
DA:22,39
DA:23,39
DA:24,39
DA:25,39
DA:26,39
DA:27,39
DA:28,39
DA:29,39
DA:30,2
DA:31,2
DA:32,2
DA:33,0
DA:34,0
DA:35,0
DA:36,0
DA:37,0
DA:38,0
DA:39,0
DA:40,2
DA:41,2
DA:42,0
DA:43,0
DA:44,0
DA:45,0
DA:46,0
DA:47,0
DA:48,0
DA:49,0
DA:50,0
DA:51,0
DA:52,0
DA:53,0
DA:54,0
DA:55,0
DA:56,0
DA:57,0
DA:58,0
DA:59,0
DA:60,0
DA:61,0
DA:62,0
DA:63,0
DA:64,0
DA:65,0
DA:66,0
DA:67,0
DA:68,0
DA:69,0
DA:70,2
DA:71,2
DA:72,2
DA:73,39
DA:74,39
DA:75,33
DA:76,39
DA:77,39
DA:78,39
DA:79,50
DA:80,91
DA:81,91
DA:82,91
DA:83,50
DA:84,50
DA:85,50
DA:86,39
DA:87,39
DA:88,39
DA:89,0
DA:90,39
DA:91,39
DA:92,39
DA:93,2
DA:94,39
DA:95,39
DA:96,39
DA:97,0
DA:98,0
DA:99,39
DA:100,39
DA:101,39
DA:102,0
DA:103,0
DA:104,39
DA:105,39
DA:106,61
DA:107,61
DA:108,61
DA:109,61
DA:110,61
DA:111,61
DA:112,61
DA:113,61
DA:114,61
DA:115,61
DA:116,39
DA:117,39
DA:118,161
DA:119,161
DA:120,161
DA:121,161
DA:122,161
DA:123,161
DA:124,161
DA:125,161
DA:126,161
DA:127,161
DA:128,161
DA:129,161
DA:130,39
DA:131,39
DA:132,85
DA:133,85
DA:134,39
DA:135,39
DA:136,39
DA:137,39
DA:138,39
DA:139,39
DA:140,39
DA:141,39
DA:142,39
DA:143,46
DA:144,38
DA:145,38
DA:146,38
DA:147,46
DA:148,39
DA:149,39
DA:150,39
DA:151,39
DA:152,39
DA:153,18
DA:154,39
DA:155,39
DA:156,15
DA:157,39
DA:158,39
DA:159,6
DA:160,6
DA:161,6
DA:162,39
DA:163,39
DA:164,39
DA:165,39
DA:166,39
DA:167,39
DA:168,39
DA:169,39
DA:170,2
DA:171,2
DA:172,59
DA:173,59
DA:174,59
DA:175,59
DA:176,59
DA:177,59
DA:178,59
DA:179,59
DA:180,59
DA:181,59
DA:182,59
DA:183,59
DA:184,59
DA:185,59
DA:186,59
DA:187,59
DA:188,59
DA:189,59
DA:190,59
DA:191,59
DA:192,59
DA:193,59
DA:194,59
DA:195,59
DA:196,59
DA:197,59
DA:198,59
DA:199,59
DA:200,59
DA:201,59
DA:202,59
DA:203,59
DA:204,59
DA:205,59
DA:206,59
DA:207,59
DA:208,59
DA:209,59
DA:210,59
DA:211,59
DA:212,59
DA:213,7
DA:214,7
DA:215,7
DA:216,7
DA:217,59
DA:218,59
DA:219,59
DA:220,59
DA:221,59
DA:222,35
DA:223,35
DA:224,35
DA:225,35
DA:226,35
DA:227,59
DA:228,59
DA:229,59
DA:230,2
DA:231,2
DA:232,2
DA:233,2
DA:234,59
DA:235,59
DA:236,59
DA:237,6
DA:238,6
DA:239,6
DA:240,6
DA:241,59
DA:242,59
DA:243,1
DA:244,1
DA:245,1
DA:246,1
DA:247,59
DA:248,59
DA:249,11
DA:250,11
DA:251,11
DA:252,11
DA:253,59
DA:254,59
DA:255,59
DA:256,11
DA:257,11
DA:258,11
DA:259,11
DA:260,11
DA:261,59
DA:262,59
DA:263,59
DA:264,59
DA:265,59
DA:266,59
DA:267,59
DA:268,59
DA:269,59
DA:270,59
DA:271,59
DA:272,59
DA:273,0
DA:274,0
DA:275,0
DA:276,0
DA:277,0
DA:278,0
DA:279,59
DA:280,59
DA:281,0
DA:282,0
DA:283,59
DA:284,59
DA:285,0
DA:286,0
DA:287,59
DA:288,59
DA:289,0
DA:290,0
DA:291,0
DA:292,0
DA:293,0
DA:294,0
DA:295,59
DA:296,59
DA:297,0
DA:298,0
DA:299,59
DA:300,59
DA:301,0
DA:302,0
DA:303,0
DA:304,0
DA:305,0
DA:306,0
DA:307,0
DA:308,0
DA:309,0
DA:310,0
DA:311,59
DA:312,59
DA:313,0
DA:314,0
DA:315,0
DA:316,0
DA:317,0
DA:318,0
DA:319,59
DA:320,59
DA:321,472
DA:322,472
DA:323,59
DA:324,59
DA:325,354
DA:326,354
DA:327,59
DA:328,59
DA:329,0
DA:330,0
DA:331,59
DA:332,59
DA:333,33
DA:334,33
DA:335,59
DA:336,59
DA:337,0
DA:338,0
DA:339,59
DA:340,59
DA:341,78
DA:342,78
DA:343,78
DA:344,78
DA:345,12
DA:346,78
DA:347,66
DA:348,66
DA:349,229
DA:350,229
DA:351,66
DA:352,66
DA:353,66
DA:354,66
DA:355,66
DA:356,66
DA:357,66
DA:358,66
DA:359,295
DA:360,0
DA:361,0
DA:362,295
DA:363,295
DA:364,295
DA:365,295
DA:366,295
DA:367,295
DA:368,66
DA:369,66
DA:370,66
DA:371,66
DA:372,66
DA:373,78
DA:374,59
DA:375,59
DA:376,39
DA:377,39
DA:378,39
DA:379,39
DA:380,39
DA:381,39
DA:382,39
DA:383,39
DA:384,39
DA:385,39
DA:386,39
DA:387,39
DA:388,39
DA:389,39
DA:390,39
DA:391,39
DA:392,39
DA:393,59
DA:394,59
DA:395,618
DA:396,486
DA:397,618
DA:398,178
DA:399,178
DA:400,178
DA:401,486
DA:402,486
DA:403,618
DA:404,59
DA:405,59
DA:406,0
DA:407,0
DA:408,59
DA:409,59
DA:410,39
DA:411,39
DA:412,39
DA:413,39
DA:414,39
DA:415,39
DA:416,39
DA:417,59
DA:418,59
DA:419,59
DA:420,59
DA:421,59
DA:422,59
DA:423,59
DA:424,59
DA:425,59
DA:426,59
DA:427,81
DA:428,81
DA:429,81
DA:430,81
DA:431,81
DA:432,62
DA:433,62
DA:434,62
DA:435,81
DA:436,19
DA:437,19
DA:438,19
DA:439,81
DA:440,81
DA:441,81
DA:442,59
DA:443,59
DA:444,102
DA:445,102
DA:446,102
DA:447,54
DA:448,54
DA:449,102
DA:450,48
DA:451,48
DA:452,48
DA:453,102
DA:454,102
DA:455,102
DA:456,59
DA:457,59
DA:458,26
DA:459,26
DA:460,26
DA:461,26
DA:462,5
DA:463,5
DA:464,26
DA:465,21
DA:466,21
DA:467,21
DA:468,26
DA:469,21
DA:470,21
DA:471,26
DA:472,26
DA:473,26
DA:474,7
DA:475,11
DA:476,11
DA:477,11
DA:478,26
DA:479,19
DA:480,19
DA:481,26
DA:482,7
DA:483,7
DA:484,26
DA:485,19
DA:486,19
DA:487,19
DA:488,26
DA:489,26
DA:490,26
DA:491,59
DA:492,59
DA:493,60
DA:494,60
DA:495,60
DA:496,60
DA:497,60
DA:498,56
DA:499,56
DA:500,60
DA:501,4
DA:502,4
DA:503,4
DA:504,60
DA:505,56
DA:506,146
DA:507,146
DA:508,90
DA:509,90
DA:510,146
DA:511,56
DA:512,56
DA:513,56
DA:514,146
DA:515,60
DA:516,4
DA:517,4
DA:518,60
DA:519,56
DA:520,56
DA:521,56
DA:522,60
DA:523,60
DA:524,60
DA:525,60
DA:526,59
DA:527,59
DA:528,73
DA:529,73
DA:530,73
DA:531,73
DA:532,73
DA:533,37
DA:534,37
DA:535,71
DA:536,36
DA:537,36
DA:538,36
DA:539,73
DA:540,37
DA:541,37
DA:542,35
DA:543,35
DA:544,37
DA:545,2
DA:546,2
DA:547,2
DA:548,73
DA:549,36
DA:550,36
DA:551,36
DA:552,73
DA:553,35
DA:554,35
DA:555,35
DA:556,73
DA:557,73
DA:558,73
DA:559,73
DA:560,59
DA:561,59
DA:562,98
DA:563,98
DA:564,98
DA:565,81
DA:566,81
DA:567,98
DA:568,17
DA:569,17
DA:570,17
DA:571,98
DA:572,98
DA:573,98
DA:574,59
DA:575,59
DA:576,81
DA:577,81
DA:578,81
DA:579,81
DA:580,79
DA:581,79
DA:582,73
DA:583,73
DA:584,38
DA:585,38
DA:586,37
DA:587,37
DA:588,26
DA:589,26
DA:590,37
DA:591,38
DA:592,73
DA:593,79
DA:594,81
DA:595,81
DA:596,81
DA:597,59
DA:598,59
DA:599,35
DA:600,35
DA:601,35
DA:602,35
DA:603,7
DA:604,7
DA:605,34
DA:606,28
DA:607,28
DA:608,28
DA:609,35
DA:610,7
DA:611,7
DA:612,7
DA:613,7
DA:614,7
DA:615,1
DA:616,1
DA:617,7
DA:618,6
DA:619,6
DA:620,6
DA:621,7
DA:622,7
DA:623,6
DA:624,7
DA:625,1
DA:626,1
DA:627,1
DA:628,7
DA:629,6
DA:630,6
DA:631,7
DA:632,1
DA:633,1
DA:634,1
DA:635,7
DA:636,0
DA:637,0
DA:638,0
DA:639,35
DA:640,28
DA:641,28
DA:642,28
DA:643,35
DA:644,35
DA:645,35
DA:646,59
DA:647,59
DA:648,73
DA:649,73
DA:650,73
DA:651,73
DA:652,73
DA:653,35
DA:654,35
DA:655,29
DA:656,29
DA:657,35
DA:658,35
DA:659,73
DA:660,38
DA:661,38
DA:662,38
DA:663,73
DA:664,73
DA:665,73
DA:666,59
DA:667,59
DA:668,25
DA:669,25
DA:670,25
DA:671,25
DA:672,25
DA:673,25
DA:674,20
DA:675,20
DA:676,8
DA:677,8
DA:678,20
DA:679,20
DA:680,9
DA:681,9
DA:682,20
DA:683,20
DA:684,25
DA:685,5
DA:686,5
DA:687,5
DA:688,25
DA:689,20
DA:690,20
DA:691,20
DA:692,25
DA:693,25
DA:694,25
DA:695,25
DA:696,59
DA:697,59
DA:698,81
DA:699,81
DA:700,81
DA:701,81
DA:702,81
DA:703,14
DA:704,14
DA:705,81
DA:706,67
DA:707,67
DA:708,67
DA:709,81
DA:710,14
DA:711,14
DA:712,10
DA:713,7
DA:714,7
DA:715,10
DA:716,3
DA:717,3
DA:718,3
DA:719,10
DA:720,7
DA:721,7
DA:722,6
DA:723,4
DA:724,4
DA:725,6
DA:726,2
DA:727,2
DA:728,2
DA:729,6
DA:730,4
DA:731,4
DA:732,4
DA:733,2
DA:734,2
DA:735,2
DA:736,2
DA:737,2
DA:738,2
DA:739,4
DA:740,2
DA:741,2
DA:742,2
DA:743,2
DA:744,2
DA:745,2
DA:746,4
DA:747,0
DA:748,0
DA:749,0
DA:750,6
DA:751,2
DA:752,2
DA:753,2
DA:754,7
DA:755,1
DA:756,1
DA:757,1
DA:758,10
DA:759,3
DA:760,3
DA:761,3
DA:762,14
DA:763,4
DA:764,4
DA:765,4
DA:766,81
DA:767,67
DA:768,67
DA:769,67
DA:770,81
DA:771,2
DA:772,2
DA:773,2
DA:774,81
DA:775,81
DA:776,81
DA:777,81
DA:778,59
DA:779,59
DA:780,43
DA:781,43
DA:782,43
DA:783,43
DA:784,43
DA:785,4
DA:786,4
DA:787,43
DA:788,39
DA:789,39
DA:790,39
DA:791,43
DA:792,39
DA:793,39
DA:794,43
DA:795,43
DA:796,34
DA:797,34
DA:798,43
DA:799,9
DA:800,9
DA:801,9
DA:802,43
DA:803,34
DA:804,89
DA:805,89
DA:806,55
DA:807,55
DA:808,89
DA:809,34
DA:810,34
DA:811,34
DA:812,89
DA:813,43
DA:814,9
DA:815,9
DA:816,43
DA:817,34
DA:818,4
DA:819,4
DA:820,34
DA:821,30
DA:822,30
DA:823,30
DA:824,34
DA:825,30
DA:826,30
DA:827,34
DA:828,34
DA:829,43
DA:830,9
DA:831,9
DA:832,9
DA:833,43
DA:834,34
DA:835,34
DA:836,34
DA:837,43
DA:838,43
DA:839,43
DA:840,43
DA:841,59
DA:842,59
DA:843,79
DA:844,79
DA:845,79
DA:846,79
DA:847,79
DA:848,18
DA:849,18
DA:850,79
DA:851,61
DA:852,61
DA:853,61
DA:854,79
DA:855,18
DA:856,18
DA:857,14
DA:858,14
DA:859,14
DA:860,14
DA:861,0
DA:862,0
DA:863,0
DA:864,14
DA:865,14
DA:866,14
DA:867,12
DA:868,11
DA:869,11
DA:870,12
DA:871,1
DA:872,1
DA:873,1
DA:874,12
DA:875,11
DA:876,11
DA:877,8
DA:878,6
DA:879,6
DA:880,8
DA:881,2
DA:882,2
DA:883,2
DA:884,8
DA:885,6
DA:886,6
DA:887,8
DA:888,2
DA:889,2
DA:890,2
DA:891,11
DA:892,3
DA:893,3
DA:894,3
DA:895,12
DA:896,1
DA:897,1
DA:898,1
DA:899,14
DA:900,2
DA:901,2
DA:902,2
DA:903,14
DA:904,0
DA:905,0
DA:906,0
DA:907,18
DA:908,4
DA:909,4
DA:910,4
DA:911,79
DA:912,61
DA:913,61
DA:914,61
DA:915,79
DA:916,6
DA:917,6
DA:918,6
DA:919,79
DA:920,79
DA:921,79
DA:922,79
DA:923,59
DA:924,59
DA:925,38
DA:926,38
DA:927,38
DA:928,38
DA:929,38
DA:930,15
DA:931,15
DA:932,38
DA:933,23
DA:934,23
DA:935,23
DA:936,38
DA:937,15
DA:938,15
DA:939,14
DA:940,14
DA:941,13
DA:942,13
DA:943,12
DA:944,12
DA:945,3
DA:946,3
DA:947,2
DA:948,2
DA:949,1
DA:950,1
DA:951,1
DA:952,1
DA:953,1
DA:954,1
DA:955,3
DA:956,1
DA:957,1
DA:958,1
DA:959,12
DA:960,9
DA:961,9
DA:962,9
DA:963,13
DA:964,1
DA:965,1
DA:966,1
DA:967,14
DA:968,1
DA:969,1
DA:970,1
DA:971,15
DA:972,1
DA:973,1
DA:974,1
DA:975,38
DA:976,23
DA:977,23
DA:978,23
DA:979,38
DA:980,1
DA:981,1
DA:982,1
DA:983,38
DA:984,38
DA:985,38
DA:986,38
DA:987,59
DA:988,59
DA:989,37
DA:990,37
DA:991,37
DA:992,37
DA:993,37
DA:994,14
DA:995,14
DA:996,37
DA:997,23
DA:998,23
DA:999,23
DA:1000,37
DA:1001,14
DA:1002,14
DA:1003,13
DA:1004,13
DA:1005,12
DA:1006,12
DA:1007,11
DA:1008,11
DA:1009,12
DA:1010,1
DA:1011,1
DA:1012,1
DA:1013,13
DA:1014,1
DA:1015,1
DA:1016,1
DA:1017,14
DA:1018,1
DA:1019,1
DA:1020,1
DA:1021,37
DA:1022,23
DA:1023,23
DA:1024,23
DA:1025,37
DA:1026,11
DA:1027,11
DA:1028,11
DA:1029,37
DA:1030,37
DA:1031,37
DA:1032,37
DA:1033,59
DA:1034,59
DA:1035,62
DA:1036,62
DA:1037,62
DA:1038,62
DA:1039,62
DA:1040,12
DA:1041,12
DA:1042,62
DA:1043,50
DA:1044,50
DA:1045,50
DA:1046,62
DA:1047,12
DA:1048,12
DA:1049,8
DA:1050,8
DA:1051,12
DA:1052,4
DA:1053,4
DA:1054,4
DA:1055,62
DA:1056,50
DA:1057,50
DA:1058,50
DA:1059,62
DA:1060,11
DA:1061,11
DA:1062,11
DA:1063,4
DA:1064,4
DA:1065,11
DA:1066,7
DA:1067,7
DA:1068,7
DA:1069,11
DA:1070,4
DA:1071,4
DA:1072,3
DA:1073,3
DA:1074,4
DA:1075,1
DA:1076,1
DA:1077,1
DA:1078,11
DA:1079,7
DA:1080,7
DA:1081,7
DA:1082,11
DA:1083,62
DA:1084,62
DA:1085,62
DA:1086,59
DA:1087,59
DA:1088,16
DA:1089,16
DA:1090,16
DA:1091,16
DA:1092,16
DA:1093,14
DA:1094,13
DA:1095,13
DA:1096,14
DA:1097,1
DA:1098,1
DA:1099,1
DA:1100,14
DA:1101,13
DA:1102,13
DA:1103,11
DA:1104,11
DA:1105,13
DA:1106,2
DA:1107,2
DA:1108,2
DA:1109,13
DA:1110,11
DA:1111,11
DA:1112,13
DA:1113,2
DA:1114,2
DA:1115,2
DA:1116,14
DA:1117,1
DA:1118,1
DA:1119,1
DA:1120,16
DA:1121,2
DA:1122,2
DA:1123,2
DA:1124,16
DA:1125,16
DA:1126,16
DA:1127,59
DA:1128,59
DA:1129,13
DA:1130,13
DA:1131,13
DA:1132,13
DA:1133,13
DA:1134,1
DA:1135,1
DA:1136,13
DA:1137,12
DA:1138,12
DA:1139,12
DA:1140,13
DA:1141,12
DA:1142,12
DA:1143,13
DA:1144,13
DA:1145,13
DA:1146,7
DA:1147,7
DA:1148,7
DA:1149,13
DA:1150,13
DA:1151,7
DA:1152,7
DA:1153,13
DA:1154,6
DA:1155,6
DA:1156,6
DA:1157,13
DA:1158,9
DA:1159,9
DA:1160,9
DA:1161,2
DA:1162,2
DA:1163,9
DA:1164,7
DA:1165,7
DA:1166,7
DA:1167,9
DA:1168,7
DA:1169,7
DA:1170,9
DA:1171,9
DA:1172,9
DA:1173,2
DA:1174,2
DA:1175,2
DA:1176,9
DA:1177,9
DA:1178,2
DA:1179,2
DA:1180,9
DA:1181,7
DA:1182,7
DA:1183,7
DA:1184,9
DA:1185,13
DA:1186,13
DA:1187,13
DA:1188,59
DA:1189,59
DA:1190,59
DA:1191,59
DA:1192,20
DA:1193,59
DA:1194,39
DA:1195,33
DA:1196,33
DA:1197,39
DA:1198,39
DA:1199,39
DA:1200,39
DA:1201,39
DA:1202,39
DA:1203,39
DA:1204,39
DA:1205,39
DA:1206,59
DA:1207,2
DA:1208,2
DA:1209,2
DA:1210,2
DA:1211,2
LF:1211
LH:1117
BRDA:1,0,0,2
BRDA:1,1,0,2
BRDA:8,2,0,81
BRDA:12,3,0,2
BRDA:13,4,0,2
BRDA:18,5,0,39
BRDA:72,6,0,39
BRDA:74,7,0,33
BRDA:78,8,0,50
BRDA:85,9,0,0
BRDA:79,10,0,91
BRDA:81,11,0,70
BRDA:82,12,0,21
BRDA:92,13,0,2
BRDA:105,14,0,61
BRDA:117,15,0,161
BRDA:131,16,0,85
BRDA:135,17,0,39
BRDA:142,18,0,46
BRDA:143,19,0,38
BRDA:152,20,0,18
BRDA:155,21,0,15
BRDA:158,22,0,6
BRDA:165,23,0,39
BRDA:166,24,0,28
BRDA:166,25,0,11
BRDA:172,26,0,59
BRDA:173,27,0,0
BRDA:272,28,0,0
BRDA:1191,29,0,53
BRDA:1191,30,0,20
BRDA:1193,31,0,39
BRDA:1194,32,0,33
BRDA:1194,33,0,33
BRDA:1200,34,0,28
BRDA:1200,35,0,11
BRDA:1202,36,0,28
BRDA:1203,37,0,11
BRDA:212,38,0,7
BRDA:213,39,0,7
BRDA:218,40,0,56
BRDA:219,41,0,35
BRDA:220,42,0,6
BRDA:221,43,0,35
BRDA:222,44,0,35
BRDA:228,45,0,20
BRDA:229,46,0,2
BRDA:230,47,0,2
BRDA:235,48,0,34
BRDA:236,49,0,6
BRDA:237,50,0,6
BRDA:242,51,0,1
BRDA:243,52,0,1
BRDA:248,53,0,11
BRDA:249,54,0,11
BRDA:254,55,0,11
BRDA:255,56,0,11
BRDA:256,57,0,11
BRDA:259,58,0,9
BRDA:262,59,0,9
BRDA:320,60,0,472
BRDA:324,61,0,354
BRDA:332,62,0,33
BRDA:340,63,0,78
BRDA:344,64,0,12
BRDA:346,65,0,66
BRDA:348,66,0,229
BRDA:358,67,0,295
BRDA:359,68,0,0
BRDA:375,69,0,39
BRDA:394,70,0,618
BRDA:395,71,0,132
BRDA:396,72,0,486
BRDA:397,73,0,178
BRDA:401,74,0,486
BRDA:409,75,0,39
BRDA:418,76,0,59
BRDA:426,77,0,81
BRDA:431,78,0,62
BRDA:435,79,0,19
BRDA:443,80,0,102
BRDA:446,81,0,54
BRDA:449,82,0,48
BRDA:457,83,0,26
BRDA:461,84,0,5
BRDA:464,85,0,21
BRDA:468,86,0,21
BRDA:473,87,0,7
BRDA:474,88,0,11
BRDA:478,89,0,19
BRDA:481,90,0,7
BRDA:484,91,0,19
BRDA:492,92,0,60
BRDA:497,93,0,56
BRDA:500,94,0,4
BRDA:504,95,0,56
BRDA:505,96,0,146
BRDA:507,97,0,90
BRDA:510,98,0,56
BRDA:515,99,0,4
BRDA:518,100,0,56
BRDA:527,101,0,73
BRDA:532,102,0,71
BRDA:532,103,0,37
BRDA:535,104,0,36
BRDA:539,105,0,37
BRDA:541,106,0,35
BRDA:544,107,0,2
BRDA:548,108,0,36
BRDA:552,109,0,35
BRDA:561,110,0,98
BRDA:564,111,0,81
BRDA:567,112,0,17
BRDA:575,113,0,81
BRDA:579,114,0,79
BRDA:581,115,0,73
BRDA:583,116,0,38
BRDA:585,117,0,37
BRDA:587,118,0,26
BRDA:598,119,0,35
BRDA:602,120,0,34
BRDA:602,121,0,7
BRDA:605,122,0,28
BRDA:609,123,0,7
BRDA:614,124,0,1
BRDA:617,125,0,6
BRDA:619,126,0,0
BRDA:622,127,0,6
BRDA:624,128,0,1
BRDA:628,129,0,6
BRDA:631,130,0,1
BRDA:635,131,0,0
BRDA:639,132,0,28
BRDA:647,133,0,73
BRDA:652,134,0,35
BRDA:654,135,0,29
BRDA:659,136,0,38
BRDA:667,137,0,25
BRDA:673,138,0,20
BRDA:675,139,0,8
BRDA:679,140,0,9
BRDA:684,141,0,5
BRDA:688,142,0,20
BRDA:697,143,0,81
BRDA:702,144,0,14
BRDA:705,145,0,67
BRDA:709,146,0,14
BRDA:711,147,0,10
BRDA:712,148,0,7
BRDA:715,149,0,3
BRDA:719,150,0,7
BRDA:721,151,0,6
BRDA:722,152,0,4
BRDA:725,153,0,2
BRDA:729,154,0,4
BRDA:732,155,0,2
BRDA:739,156,0,2
BRDA:746,157,0,0
BRDA:750,158,0,2
BRDA:754,159,0,1
BRDA:758,160,0,3
BRDA:762,161,0,4
BRDA:766,162,0,67
BRDA:770,163,0,2
BRDA:779,164,0,43
BRDA:784,165,0,4
BRDA:787,166,0,39
BRDA:791,167,0,39
BRDA:795,168,0,34
BRDA:798,169,0,9
BRDA:802,170,0,34
BRDA:803,171,0,89
BRDA:805,172,0,55
BRDA:808,173,0,34
BRDA:813,174,0,9
BRDA:816,175,0,34
BRDA:817,176,0,4
BRDA:820,177,0,30
BRDA:824,178,0,30
BRDA:829,179,0,9
BRDA:833,180,0,34
BRDA:842,181,0,79
BRDA:847,182,0,18
BRDA:850,183,0,61
BRDA:854,184,0,18
BRDA:856,185,0,14
BRDA:860,186,0,0
BRDA:866,187,0,12
BRDA:867,188,0,11
BRDA:870,189,0,1
BRDA:874,190,0,11
BRDA:876,191,0,8
BRDA:877,192,0,6
BRDA:880,193,0,2
BRDA:884,194,0,6
BRDA:887,195,0,2
BRDA:891,196,0,3
BRDA:895,197,0,1
BRDA:899,198,0,2
BRDA:903,199,0,0
BRDA:907,200,0,4
BRDA:911,201,0,61
BRDA:915,202,0,6
BRDA:924,203,0,38
BRDA:929,204,0,15
BRDA:932,205,0,23
BRDA:936,206,0,15
BRDA:938,207,0,14
BRDA:940,208,0,13
BRDA:942,209,0,12
BRDA:944,210,0,3
BRDA:946,211,0,2
BRDA:948,212,0,1
BRDA:955,213,0,1
BRDA:959,214,0,9
BRDA:963,215,0,1
BRDA:967,216,0,1
BRDA:971,217,0,1
BRDA:975,218,0,23
BRDA:979,219,0,1
BRDA:988,220,0,37
BRDA:993,221,0,14
BRDA:996,222,0,23
BRDA:1000,223,0,14
BRDA:1002,224,0,13
BRDA:1004,225,0,12
BRDA:1006,226,0,11
BRDA:1009,227,0,1
BRDA:1013,228,0,1
BRDA:1017,229,0,1
BRDA:1021,230,0,23
BRDA:1025,231,0,11
BRDA:1034,232,0,62
BRDA:1039,233,0,12
BRDA:1042,234,0,50
BRDA:1046,235,0,12
BRDA:1048,236,0,8
BRDA:1051,237,0,4
BRDA:1055,238,0,50
BRDA:1059,239,0,11
BRDA:1062,240,0,4
BRDA:1065,241,0,7
BRDA:1069,242,0,4
BRDA:1071,243,0,3
BRDA:1074,244,0,1
BRDA:1078,245,0,7
BRDA:1087,246,0,16
BRDA:1092,247,0,14
BRDA:1093,248,0,13
BRDA:1096,249,0,1
BRDA:1100,250,0,13
BRDA:1102,251,0,11
BRDA:1105,252,0,2
BRDA:1109,253,0,11
BRDA:1112,254,0,2
BRDA:1116,255,0,1
BRDA:1120,256,0,2
BRDA:1128,257,0,13
BRDA:1133,258,0,1
BRDA:1136,259,0,12
BRDA:1140,260,0,12
BRDA:1145,261,0,7
BRDA:1150,262,0,7
BRDA:1153,263,0,6
BRDA:1157,264,0,9
BRDA:1160,265,0,2
BRDA:1163,266,0,7
BRDA:1167,267,0,7
BRDA:1172,268,0,2
BRDA:1177,269,0,2
BRDA:1180,270,0,7
BRF:271
BRH:262
end_of_record
TN:
SF:tailwind.config.js
FN:1,Object.<anonymous>
FNF:1
FNH:1
FNDA:1,Object.<anonymous>
DA:1,1
DA:2,1
DA:3,1
DA:4,1
DA:5,1
DA:6,1
DA:7,1
DA:8,1
DA:9,1
DA:10,1
DA:11,1
DA:12,1
DA:13,1
DA:14,1
DA:15,1
DA:16,1
DA:17,1
DA:18,1
DA:19,1
LF:19
LH:19
BRDA:1,0,0,1
BRDA:1,1,0,1
BRF:2
BRH:2
end_of_record
TN:
SF:src/helpers.ts
FN:4,useTheme
FN:6,transformArgument
FN:20,transform
FN:32,theme
FN:36,themeColor
FNF:5
FNH:5
FNDA:1,useTheme
FNDA:21,transformArgument
FNDA:14,transform
FNDA:11,theme
FNDA:8,themeColor
DA:1,1
DA:2,1
DA:3,1
DA:4,1
DA:5,1
DA:6,1
DA:7,21
DA:8,21
DA:9,21
DA:10,21
DA:11,21
DA:12,8
DA:13,21
DA:14,5
DA:15,21
DA:16,8
DA:17,21
DA:18,21
DA:19,1
DA:20,1
DA:21,14
DA:22,6
DA:23,6
DA:24,6
DA:25,1
DA:26,1
DA:27,5
DA:28,5
DA:29,14
DA:30,14
DA:31,1
DA:32,1
DA:33,11
DA:34,11
DA:35,1
DA:36,1
DA:37,8
DA:38,8
DA:39,8
DA:40,8
DA:41,8
DA:42,8
DA:43,8
DA:44,3
DA:45,3
DA:46,5
DA:47,8
DA:48,8
DA:49,8
DA:50,8
DA:51,1
DA:52,1
DA:53,1
DA:54,1
DA:55,1
LF:55
LH:55
BRDA:4,0,0,1
BRDA:6,1,0,21
BRDA:8,2,0,2
BRDA:9,3,0,2
BRDA:10,4,0,3
BRDA:11,5,0,8
BRDA:13,6,0,5
BRDA:15,7,0,8
BRDA:20,8,0,14
BRDA:21,9,0,6
BRDA:24,10,0,1
BRDA:27,11,0,5
BRDA:32,12,0,11
BRDA:36,13,0,8
BRDA:43,14,0,3
BRDA:46,15,0,5
BRDA:47,16,0,3
BRDA:38,17,0,24
BRF:18
BRH:18
end_of_record
